Log file open, 04/16/21 23:12:56
LogWindows: Failed to load 'aqProf.dll' (GetLastError=126)
LogWindows: File 'aqProf.dll' does not exist
LogWindows: Failed to load 'VtuneApi.dll' (GetLastError=126)
LogWindows: File 'VtuneApi.dll' does not exist
LogWindows: Failed to load 'VtuneApi32e.dll' (GetLastError=126)
LogWindows: File 'VtuneApi32e.dll' does not exist
LogConsoleResponse: Display: Failed to find resolution value strings in scalability ini. Falling back to default.
LogInit: Display: Running engine for game: ManAtArms_Project
LogPlatformFile: Not using cached read wrapper
LogTaskGraph: Started task graph with 5 named threads and 47 total threads with 3 sets of task threads.
LogStats: Stats thread started at 0.088691
LogD3D11RHI: Loaded GFSDK_Aftermath_Lib.x64.dll
LogICUInternationalization: ICU TimeZone Detection - Raw Offset: -5:00, Platform Override: ''
LogPluginManager: Mounting plugin Paper2D
LogPluginManager: Mounting plugin AISupport
LogPluginManager: Mounting plugin LightPropagationVolume
LogPluginManager: Mounting plugin ActorLayerUtilities
LogPluginManager: Mounting plugin AnimationSharing
LogPluginManager: Mounting plugin CLionSourceCodeAccess
LogPluginManager: Mounting plugin CodeLiteSourceCodeAccess
LogPluginManager: Mounting plugin GitSourceControl
LogPluginManager: Mounting plugin KDevelopSourceCodeAccess
LogPluginManager: Mounting plugin NullSourceCodeAccess
LogPluginManager: Mounting plugin PerforceSourceControl
LogPluginManager: Mounting plugin PlasticSourceControl
LogPluginManager: Mounting plugin SubversionSourceControl
LogPluginManager: Mounting plugin UObjectPlugin
LogPluginManager: Mounting plugin VisualStudioCodeSourceCodeAccess
LogPluginManager: Mounting plugin VisualStudioSourceCodeAccess
LogPluginManager: Mounting plugin XCodeSourceCodeAccess
LogPluginManager: Mounting plugin AssetManagerEditor
LogPluginManager: Mounting plugin CryptoKeys
LogPluginManager: Mounting plugin CurveEditorTools
LogPluginManager: Mounting plugin DataValidation
LogPluginManager: Mounting plugin FacialAnimation
LogPluginManager: Mounting plugin GameplayTagsEditor
LogPluginManager: Mounting plugin MacGraphicsSwitching
LogPluginManager: Mounting plugin MaterialAnalyzer
LogPluginManager: Mounting plugin MobileLauncherProfileWizard
LogPluginManager: Mounting plugin PluginBrowser
LogPluginManager: Mounting plugin SpeedTreeImporter
LogPluginManager: Mounting plugin DatasmithContent
LogPluginManager: Mounting plugin VariantManagerContent
LogPluginManager: Mounting plugin AlembicImporter
LogPluginManager: Mounting plugin AutomationUtils
LogPluginManager: Mounting plugin BackChannel
LogPluginManager: Mounting plugin CharacterAI
LogPluginManager: Mounting plugin GeometryCache
LogPluginManager: Mounting plugin Landmass
LogPluginManager: Mounting plugin PlatformCrypto
LogPluginManager: Mounting plugin ProxyLODPlugin
LogPluginManager: Mounting plugin SkeletalReduction
LogPluginManager: Mounting plugin Niagara
LogPluginManager: Mounting plugin NiagaraExtras
LogPluginManager: Mounting plugin MagicLeap
LogPluginManager: Mounting plugin MagicLeapMedia
LogPluginManager: Mounting plugin MLSDK
LogPluginManager: Mounting plugin AndroidMedia
LogPluginManager: Mounting plugin AvfMedia
LogPluginManager: Mounting plugin ImgMedia
LogPluginManager: Mounting plugin MediaCompositing
LogPluginManager: Mounting plugin MediaPlayerEditor
LogPluginManager: Mounting plugin WebMMedia
LogPluginManager: Mounting plugin WmfMedia
LogPluginManager: Mounting plugin TcpMessaging
LogPluginManager: Mounting plugin UdpMessaging
LogPluginManager: Mounting plugin ActorSequence
LogPluginManager: Mounting plugin LevelSequenceEditor
LogPluginManager: Mounting plugin MatineeToLevelSequence
LogPluginManager: Mounting plugin NetcodeUnitTest
LogPluginManager: Mounting plugin NUTUnrealEngine4
LogPluginManager: Mounting plugin OnlineSubsystemGooglePlay
LogPluginManager: Mounting plugin OnlineSubsystemIOS
LogPluginManager: Mounting plugin OnlineSubsystem
LogPluginManager: Mounting plugin OnlineSubsystemNull
LogPluginManager: Mounting plugin OnlineSubsystemUtils
LogPluginManager: Mounting plugin LauncherChunkInstaller
LogPluginManager: Mounting plugin AndroidDeviceProfileSelector
LogPluginManager: Mounting plugin AndroidMoviePlayer
LogPluginManager: Mounting plugin AndroidPermission
LogPluginManager: Mounting plugin ApexDestruction
LogPluginManager: Mounting plugin AppleImageUtils
LogPluginManager: Mounting plugin AppleMoviePlayer
LogPluginManager: Mounting plugin ArchVisCharacter
LogPluginManager: Mounting plugin AssetTags
LogPluginManager: Mounting plugin AudioCapture
LogPluginManager: Mounting plugin CableComponent
LogPluginManager: Mounting plugin CustomMeshComponent
LogPluginManager: Mounting plugin EditableMesh
LogPluginManager: Mounting plugin ExampleDeviceProfileSelector
LogPluginManager: Mounting plugin GoogleCloudMessaging
LogPluginManager: Mounting plugin IOSDeviceProfileSelector
LogPluginManager: Mounting plugin LinuxDeviceProfileSelector
LogPluginManager: Mounting plugin LocationServicesBPLibrary
LogPluginManager: Mounting plugin MobilePatchingUtils
LogPluginManager: Mounting plugin PhysXVehicles
LogPluginManager: Mounting plugin PostSplashScreen
LogPluginManager: Mounting plugin ProceduralMeshComponent
LogPluginManager: Mounting plugin RuntimePhysXCooking
LogPluginManager: Mounting plugin SignificanceManager
LogPluginManager: Mounting plugin WebMMoviePlayer
LogPluginManager: Mounting plugin WindowsMoviePlayer
LogPluginManager: Mounting plugin ScreenshotTools
LogPluginManager: Mounting plugin TestAIPlugin
LogInit: Using libcurl 7.55.1-DEV
LogInit:  - built for x86_64-pc-win32
LogInit:  - supports SSL with OpenSSL/1.1.1
LogInit:  - supports HTTP deflate (compression) using libz 1.2.8
LogInit:  - other features:
LogInit:      CURL_VERSION_SSL
LogInit:      CURL_VERSION_LIBZ
LogInit:      CURL_VERSION_IPV6
LogInit:      CURL_VERSION_ASYNCHDNS
LogInit:      CURL_VERSION_LARGEFILE
LogInit:      CURL_VERSION_IDN
LogInit:  CurlRequestOptions (configurable via config and command line):
LogInit:  - bVerifyPeer = true  - Libcurl will verify peer certificate
LogInit:  - bUseHttpProxy = false  - Libcurl will NOT use HTTP proxy
LogInit:  - bDontReuseConnections = false  - Libcurl will reuse connections
LogInit:  - MaxHostConnections = 16  - Libcurl will limit the number of connections to a host
LogInit:  - LocalHostAddr = Default
LogInit:  - BufferSize = 65536
LogOnline: OSS: Creating online subsystem instance for: NULL
LogInit: WinSock: version 1.1 (2.2), MaxSocks=32767, MaxUdp=65467
LogOnline: OSS: TryLoadSubsystemAndSetDefault: Loaded subsystem for module [NULL]
LogInit: Build: ++UE4+Release-4.24-CL-11590370
LogInit: Engine Version: 4.24.3-11590370+++UE4+Release-4.24
LogInit: Compatible Engine Version: 4.24.0-10570792+++UE4+Release-4.24
LogInit: Net CL: 10570792
LogInit: OS: Windows 10 (Release 2004) (), CPU: AMD Ryzen 7 3700X 8-Core Processor             , GPU: NVIDIA GeForce RTX 2070 SUPER
LogInit: Compiled (64-bit): Feb 24 2020 15:39:18
LogInit: Compiled with Visual C++: 19.16.27032.01
LogInit: Build Configuration: Development
LogInit: Branch Name: ++UE4+Release-4.24
LogInit: Command Line:  /Game/MyContent/VN/Level/Map_VN_lv1 -game -PIEVIACONSOLE -ResX=1600 -ResY=900 -Multiprocess -messaging -SessionName="Play in Standalone Game" -FULLSCREEN
LogInit: Base Directory: Z:/UE_4.24/Engine/Binaries/Win64/
LogInit: Installed Engine Build: 1
LogDevObjectVersion: Number of dev versions registered: 25
LogDevObjectVersion:   Dev-Blueprints (B0D832E4-1F89-4F0D-ACCF-7EB736FD4AA2): 10
LogDevObjectVersion:   Dev-Build (E1C64328-A22C-4D53-A36C-8E866417BD8C): 0
LogDevObjectVersion:   Dev-Core (375EC13C-06E4-48FB-B500-84F0262A717E): 3
LogDevObjectVersion:   Dev-Editor (E4B068ED-F494-42E9-A231-DA0B2E46BB41): 37
LogDevObjectVersion:   Dev-Framework (CFFC743F-43B0-4480-9391-14DF171D2073): 36
LogDevObjectVersion:   Dev-Mobile (B02B49B5-BB20-44E9-A304-32B752E40360): 2
LogDevObjectVersion:   Dev-Networking (A4E4105C-59A1-49B5-A7C5-40C4547EDFEE): 0
LogDevObjectVersion:   Dev-Online (39C831C9-5AE6-47DC-9A44-9C173E1C8E7C): 0
LogDevObjectVersion:   Dev-Physics (78F01B33-EBEA-4F98-B9B4-84EACCB95AA2): 2
LogDevObjectVersion:   Dev-Platform (6631380F-2D4D-43E0-8009-CF276956A95A): 0
LogDevObjectVersion:   Dev-Rendering (12F88B9F-8875-4AFC-A67C-D90C383ABD29): 36
LogDevObjectVersion:   Dev-Sequencer (7B5AE74C-D270-4C10-A958-57980B212A5A): 11
LogDevObjectVersion:   Dev-VR (D7296918-1DD6-4BDD-9DE2-64A83CC13884): 2
LogDevObjectVersion:   Dev-LoadTimes (C2A15278-BFE7-4AFE-6C17-90FF531DF755): 1
LogDevObjectVersion:   Private-Geometry (6EACA3D4-40EC-4CC1-B786-8BED09428FC5): 3
LogDevObjectVersion:   Dev-AnimPhys (29E575DD-E0A3-4627-9D10-D276232CDCEA): 17
LogDevObjectVersion:   Dev-Anim (AF43A65D-7FD3-4947-9873-3E8ED9C1BB05): 2
LogDevObjectVersion:   Dev-ReflectionCapture (6B266CEC-1EC7-4B8F-A30B-E4D90942FC07): 1
LogDevObjectVersion:   Dev-Automation (0DF73D61-A23F-47EA-B727-89E90C41499A): 1
LogDevObjectVersion:   FortniteMain (601D1886-AC64-4F84-AA16-D3DE0DEAC7D6): 31
LogDevObjectVersion:   Dev-Enterprise (9DFFBCD6-494F-0158-E221-12823C92A888): 8
LogDevObjectVersion:   Dev-Niagara (F2AED0AC-9AFE-416F-8664-AA7FFA26D6FC): 1
LogDevObjectVersion:   Dev-Destruction (174F1F0B-B4C6-45A5-B13F-2EE8D0FB917D): 9
LogDevObjectVersion:   Dev-Physics-Ext (35F94A83-E258-406C-A318-09F59610247C): 8
LogDevObjectVersion:   Dev-CineCamera (B2E18506-4273-CFC2-A54E-F4BB758BBA07): 1
LogInit: Presizing for max 25165824 objects, including 0 objects not considered by GC, pre-allocating 0 bytes for permanent pool.
LogInit: Object subsystem initialized
LogConfig: Setting CVar [[con.DebugEarlyDefault:1]]
LogConfig: Setting CVar [[r.setres:1280x720]]
[2021.04.17-03.12.56:993][  0]LogConfig: Setting CVar [[con.DebugEarlyDefault:1]]
[2021.04.17-03.12.56:993][  0]LogConfig: Setting CVar [[r.setres:1280x720]]
[2021.04.17-03.12.56:993][  0]LogConfig: Applying CVar settings from Section [/Script/Engine.RendererSettings] File [Z:/GitHub/ManAtArms/ManAtArms_Project/Saved/Config/Windows/Engine.ini]
[2021.04.17-03.12.56:993][  0]LogConfig: Setting CVar [[r.GPUCrashDebugging:0]]
[2021.04.17-03.12.56:993][  0]LogConfig: Setting CVar [[r.SkinCache.CompileShaders:1]]
[2021.04.17-03.12.56:993][  0]LogConfig: Setting CVar [[r.RayTracing:0]]
[2021.04.17-03.12.56:993][  0]LogConfig: Applying CVar settings from Section [/Script/Engine.RendererOverrideSettings] File [Z:/GitHub/ManAtArms/ManAtArms_Project/Saved/Config/Windows/Engine.ini]
[2021.04.17-03.12.56:993][  0]LogConfig: Applying CVar settings from Section [/Script/Engine.StreamingSettings] File [Z:/GitHub/ManAtArms/ManAtArms_Project/Saved/Config/Windows/Engine.ini]
[2021.04.17-03.12.56:993][  0]LogConfig: Setting CVar [[s.MinBulkDataSizeForAsyncLoading:131072]]
[2021.04.17-03.12.56:993][  0]LogConfig: Setting CVar [[s.AsyncLoadingThreadEnabled:0]]
[2021.04.17-03.12.56:993][  0]LogConfig: Setting CVar [[s.EventDrivenLoaderEnabled:1]]
[2021.04.17-03.12.56:993][  0]LogConfig: Setting CVar [[s.WarnIfTimeLimitExceeded:0]]
[2021.04.17-03.12.56:993][  0]LogConfig: Setting CVar [[s.TimeLimitExceededMultiplier:1.5]]
[2021.04.17-03.12.56:993][  0]LogConfig: Setting CVar [[s.TimeLimitExceededMinTime:0.005]]
[2021.04.17-03.12.56:993][  0]LogConfig: Setting CVar [[s.UseBackgroundLevelStreaming:1]]
[2021.04.17-03.12.56:993][  0]LogConfig: Setting CVar [[s.PriorityAsyncLoadingExtraTime:15.0]]
[2021.04.17-03.12.56:993][  0]LogConfig: Setting CVar [[s.LevelStreamingActorsUpdateTimeLimit:5.0]]
[2021.04.17-03.12.56:993][  0]LogConfig: Setting CVar [[s.PriorityLevelStreamingActorsUpdateExtraTime:5.0]]
[2021.04.17-03.12.56:993][  0]LogConfig: Setting CVar [[s.LevelStreamingComponentsRegistrationGranularity:10]]
[2021.04.17-03.12.56:993][  0]LogConfig: Setting CVar [[s.UnregisterComponentsTimeLimit:1.0]]
[2021.04.17-03.12.56:993][  0]LogConfig: Setting CVar [[s.LevelStreamingComponentsUnregistrationGranularity:5]]
[2021.04.17-03.12.56:993][  0]LogConfig: Setting CVar [[s.FlushStreamingOnExit:1]]
[2021.04.17-03.12.56:993][  0]LogConfig: Applying CVar settings from Section [/Script/Engine.GarbageCollectionSettings] File [Z:/GitHub/ManAtArms/ManAtArms_Project/Saved/Config/Windows/Engine.ini]
[2021.04.17-03.12.56:993][  0]LogConfig: Setting CVar [[gc.MaxObjectsNotConsideredByGC:1]]
[2021.04.17-03.12.56:993][  0]LogConfig: Setting CVar [[gc.SizeOfPermanentObjectPool:0]]
[2021.04.17-03.12.56:993][  0]LogConfig: Setting CVar [[gc.FlushStreamingOnGC:0]]
[2021.04.17-03.12.56:993][  0]LogConfig: Setting CVar [[gc.NumRetriesBeforeForcingGC:10]]
[2021.04.17-03.12.56:993][  0]LogConfig: Setting CVar [[gc.AllowParallelGC:1]]
[2021.04.17-03.12.56:993][  0]LogConfig: Setting CVar [[gc.TimeBetweenPurgingPendingKillObjects:61.1]]
[2021.04.17-03.12.56:993][  0]LogConfig: Setting CVar [[gc.MaxObjectsInEditor:25165824]]
[2021.04.17-03.12.56:993][  0]LogConfig: Setting CVar [[gc.IncrementalBeginDestroyEnabled:1]]
[2021.04.17-03.12.56:993][  0]LogConfig: Setting CVar [[gc.CreateGCClusters:1]]
[2021.04.17-03.12.56:993][  0]LogConfig: Setting CVar [[gc.MinGCClusterSize:5]]
[2021.04.17-03.12.56:993][  0]LogConfig: Setting CVar [[gc.ActorClusteringEnabled:0]]
[2021.04.17-03.12.56:993][  0]LogConfig: Setting CVar [[gc.BlueprintClusteringEnabled:0]]
[2021.04.17-03.12.56:993][  0]LogConfig: Setting CVar [[gc.UseDisregardForGCOnDedicatedServers:0]]
[2021.04.17-03.12.56:993][  0]LogConfig: Applying CVar settings from Section [/Script/Engine.NetworkSettings] File [Z:/GitHub/ManAtArms/ManAtArms_Project/Saved/Config/Windows/Engine.ini]
[2021.04.17-03.12.56:993][  0]LogConfig: Applying CVar settings from Section [/Script/UnrealEd.CookerSettings] File [Z:/GitHub/ManAtArms/ManAtArms_Project/Saved/Config/Windows/Engine.ini]
[2021.04.17-03.12.56:998][  0]LogConfig: Applying CVar settings from Section [ViewDistanceQuality@3] File [Z:/GitHub/ManAtArms/ManAtArms_Project/Saved/Config/Windows/Scalability.ini]
[2021.04.17-03.12.56:998][  0]LogConfig: Setting CVar [[r.SkeletalMeshLODBias:0]]
[2021.04.17-03.12.56:998][  0]LogConfig: Setting CVar [[r.ViewDistanceScale:1.0]]
[2021.04.17-03.12.56:998][  0]LogConfig: Applying CVar settings from Section [AntiAliasingQuality@3] File [Z:/GitHub/ManAtArms/ManAtArms_Project/Saved/Config/Windows/Scalability.ini]
[2021.04.17-03.12.56:998][  0]LogConfig: Setting CVar [[r.PostProcessAAQuality:4]]
[2021.04.17-03.12.56:998][  0]LogConfig: Applying CVar settings from Section [ShadowQuality@3] File [Z:/GitHub/ManAtArms/ManAtArms_Project/Saved/Config/Windows/Scalability.ini]
[2021.04.17-03.12.56:998][  0]LogConfig: Setting CVar [[r.LightFunctionQuality:1]]
[2021.04.17-03.12.56:998][  0]LogConfig: Setting CVar [[r.ShadowQuality:5]]
[2021.04.17-03.12.56:998][  0]LogConfig: Setting CVar [[r.Shadow.CSM.MaxCascades:10]]
[2021.04.17-03.12.56:998][  0]LogConfig: Setting CVar [[r.Shadow.MaxResolution:2048]]
[2021.04.17-03.12.56:998][  0]LogConfig: Setting CVar [[r.Shadow.MaxCSMResolution:2048]]
[2021.04.17-03.12.56:998][  0]LogConfig: Setting CVar [[r.Shadow.RadiusThreshold:0.01]]
[2021.04.17-03.12.56:998][  0]LogConfig: Setting CVar [[r.Shadow.DistanceScale:1.0]]
[2021.04.17-03.12.56:998][  0]LogConfig: Setting CVar [[r.Shadow.CSM.TransitionScale:1.0]]
[2021.04.17-03.12.56:998][  0]LogConfig: Setting CVar [[r.Shadow.PreShadowResolutionFactor:1.0]]
[2021.04.17-03.12.56:998][  0]LogConfig: Setting CVar [[r.DistanceFieldShadowing:1]]
[2021.04.17-03.12.56:998][  0]LogConfig: Setting CVar [[r.DistanceFieldAO:1]]
[2021.04.17-03.12.56:998][  0]LogConfig: Setting CVar [[r.AOQuality:2]]
[2021.04.17-03.12.56:998][  0]LogConfig: Setting CVar [[r.VolumetricFog:1]]
[2021.04.17-03.12.56:998][  0]LogConfig: Setting CVar [[r.VolumetricFog.GridPixelSize:8]]
[2021.04.17-03.12.56:998][  0]LogConfig: Setting CVar [[r.VolumetricFog.GridSizeZ:128]]
[2021.04.17-03.12.56:998][  0]LogConfig: Setting CVar [[r.VolumetricFog.HistoryMissSupersampleCount:4]]
[2021.04.17-03.12.56:998][  0]LogConfig: Setting CVar [[r.LightMaxDrawDistanceScale:1]]
[2021.04.17-03.12.56:998][  0]LogConfig: Setting CVar [[r.CapsuleShadows:1]]
[2021.04.17-03.12.56:998][  0]LogConfig: Applying CVar settings from Section [PostProcessQuality@3] File [Z:/GitHub/ManAtArms/ManAtArms_Project/Saved/Config/Windows/Scalability.ini]
[2021.04.17-03.12.56:998][  0]LogConfig: Setting CVar [[r.MotionBlurQuality:4]]
[2021.04.17-03.12.56:998][  0]LogConfig: Setting CVar [[r.AmbientOcclusionMipLevelFactor:0.4]]
[2021.04.17-03.12.56:998][  0]LogConfig: Setting CVar [[r.AmbientOcclusionMaxQuality:100]]
[2021.04.17-03.12.56:998][  0]LogConfig: Setting CVar [[r.AmbientOcclusionLevels:-1]]
[2021.04.17-03.12.56:998][  0]LogConfig: Setting CVar [[r.AmbientOcclusionRadiusScale:1.0]]
[2021.04.17-03.12.56:998][  0]LogConfig: Setting CVar [[r.DepthOfFieldQuality:2]]
[2021.04.17-03.12.56:998][  0]LogConfig: Setting CVar [[r.RenderTargetPoolMin:400]]
[2021.04.17-03.12.56:998][  0]LogConfig: Setting CVar [[r.LensFlareQuality:2]]
[2021.04.17-03.12.56:998][  0]LogConfig: Setting CVar [[r.SceneColorFringeQuality:1]]
[2021.04.17-03.12.56:998][  0]LogConfig: Setting CVar [[r.EyeAdaptationQuality:2]]
[2021.04.17-03.12.56:999][  0]LogConfig: Setting CVar [[r.BloomQuality:5]]
[2021.04.17-03.12.56:999][  0]LogConfig: Setting CVar [[r.FastBlurThreshold:100]]
[2021.04.17-03.12.56:999][  0]LogConfig: Setting CVar [[r.Upscale.Quality:3]]
[2021.04.17-03.12.56:999][  0]LogConfig: Setting CVar [[r.Tonemapper.GrainQuantization:1]]
[2021.04.17-03.12.56:999][  0]LogConfig: Setting CVar [[r.LightShaftQuality:1]]
[2021.04.17-03.12.56:999][  0]LogConfig: Setting CVar [[r.Filter.SizeScale:1]]
[2021.04.17-03.12.56:999][  0]LogConfig: Setting CVar [[r.Tonemapper.Quality:5]]
[2021.04.17-03.12.56:999][  0]LogConfig: Setting CVar [[r.DOF.Gather.AccumulatorQuality:1        ; higher gathering accumulator quality]]
[2021.04.17-03.12.56:999][  0]LogConfig: Setting CVar [[r.DOF.Gather.PostfilterMethod:1          ; Median3x3 postfilering method]]
[2021.04.17-03.12.56:999][  0]LogConfig: Setting CVar [[r.DOF.Gather.EnableBokehSettings:0       ; no bokeh simulation when gathering]]
[2021.04.17-03.12.56:999][  0]LogConfig: Setting CVar [[r.DOF.Gather.RingCount:4                 ; medium number of samples when gathering]]
[2021.04.17-03.12.56:999][  0]LogConfig: Setting CVar [[r.DOF.Scatter.ForegroundCompositing:1    ; additive foreground scattering]]
[2021.04.17-03.12.56:999][  0]LogConfig: Setting CVar [[r.DOF.Scatter.BackgroundCompositing:2    ; additive background scattering]]
[2021.04.17-03.12.56:999][  0]LogConfig: Setting CVar [[r.DOF.Scatter.EnableBokehSettings:1      ; bokeh simulation when scattering]]
[2021.04.17-03.12.56:999][  0]LogConfig: Setting CVar [[r.DOF.Scatter.MaxSpriteRatio:0.1         ; only a maximum of 10% of scattered bokeh]]
[2021.04.17-03.12.56:999][  0]LogConfig: Setting CVar [[r.DOF.Recombine.Quality:1                ; cheap slight out of focus]]
[2021.04.17-03.12.56:999][  0]LogConfig: Setting CVar [[r.DOF.Recombine.EnableBokehSettings:0    ; no bokeh simulation on slight out of focus]]
[2021.04.17-03.12.56:999][  0]LogConfig: Setting CVar [[r.DOF.TemporalAAQuality:1                ; more stable temporal accumulation]]
[2021.04.17-03.12.56:999][  0]LogConfig: Setting CVar [[r.DOF.Kernel.MaxForegroundRadius:0.025]]
[2021.04.17-03.12.56:999][  0]LogConfig: Setting CVar [[r.DOF.Kernel.MaxBackgroundRadius:0.025]]
[2021.04.17-03.12.56:999][  0]LogConfig: Applying CVar settings from Section [TextureQuality@3] File [Z:/GitHub/ManAtArms/ManAtArms_Project/Saved/Config/Windows/Scalability.ini]
[2021.04.17-03.12.56:999][  0]LogConfig: Setting CVar [[r.Streaming.MipBias:0]]
[2021.04.17-03.12.56:999][  0]LogConfig: Setting CVar [[r.Streaming.AmortizeCPUToGPUCopy:0]]
[2021.04.17-03.12.56:999][  0]LogConfig: Setting CVar [[r.Streaming.MaxNumTexturesToStreamPerFrame:0]]
[2021.04.17-03.12.56:999][  0]LogConfig: Setting CVar [[r.Streaming.Boost:1]]
[2021.04.17-03.12.56:999][  0]LogConfig: Setting CVar [[r.MaxAnisotropy:8]]
[2021.04.17-03.12.56:999][  0]LogConfig: Setting CVar [[r.VT.MaxAnisotropy:8]]
[2021.04.17-03.12.56:999][  0]LogConfig: Setting CVar [[r.Streaming.LimitPoolSizeToVRAM:0]]
[2021.04.17-03.12.56:999][  0]LogConfig: Setting CVar [[r.Streaming.PoolSize:1000]]
[2021.04.17-03.12.56:999][  0]LogConfig: Setting CVar [[r.Streaming.MaxEffectiveScreenSize:0]]
[2021.04.17-03.12.56:999][  0]LogConfig: Applying CVar settings from Section [EffectsQuality@3] File [Z:/GitHub/ManAtArms/ManAtArms_Project/Saved/Config/Windows/Scalability.ini]
[2021.04.17-03.12.56:999][  0]LogConfig: Setting CVar [[r.TranslucencyLightingVolumeDim:64]]
[2021.04.17-03.12.56:999][  0]LogConfig: Setting CVar [[r.RefractionQuality:2]]
[2021.04.17-03.12.56:999][  0]LogConfig: Setting CVar [[r.SSR.Quality:3]]
[2021.04.17-03.12.56:999][  0]LogConfig: Setting CVar [[r.SSR.HalfResSceneColor:0]]
[2021.04.17-03.12.56:999][  0]LogConfig: Setting CVar [[r.SceneColorFormat:4]]
[2021.04.17-03.12.56:999][  0]LogConfig: Setting CVar [[r.DetailMode:2]]
[2021.04.17-03.12.56:999][  0]LogConfig: Setting CVar [[r.TranslucencyVolumeBlur:1]]
[2021.04.17-03.12.56:999][  0]LogConfig: Setting CVar [[r.MaterialQualityLevel:1 ; High quality]]
[2021.04.17-03.12.56:999][  0]LogConfig: Setting CVar [[r.SSS.Scale:1]]
[2021.04.17-03.12.56:999][  0]LogConfig: Setting CVar [[r.SSS.SampleSet:2]]
[2021.04.17-03.12.56:999][  0]LogConfig: Setting CVar [[r.SSS.Quality:1]]
[2021.04.17-03.12.56:999][  0]LogConfig: Setting CVar [[r.SSS.HalfRes:1]]
[2021.04.17-03.12.56:999][  0]LogConfig: Setting CVar [[r.SSGI.Quality:3]]
[2021.04.17-03.12.56:999][  0]LogConfig: Setting CVar [[r.EmitterSpawnRateScale:1.0]]
[2021.04.17-03.12.56:999][  0]LogConfig: Setting CVar [[r.ParticleLightQuality:2]]
[2021.04.17-03.12.56:999][  0]LogConfig: Setting CVar [[r.SkyAtmosphere.AerialPerspectiveLUT.FastApplyOnOpaque:1 ; Always have FastSkyLUT 1 in this case to avoid wrong sky]]
[2021.04.17-03.12.56:999][  0]LogConfig: Setting CVar [[r.SkyAtmosphere.AerialPerspectiveLUT.SampleCountPerSlice:1]]
[2021.04.17-03.12.56:999][  0]LogConfig: Setting CVar [[r.SkyAtmosphere.AerialPerspectiveLUT.DepthResolution:16.0]]
[2021.04.17-03.12.56:999][  0]LogConfig: Setting CVar [[r.SkyAtmosphere.FastSkyLUT:1]]
[2021.04.17-03.12.56:999][  0]LogConfig: Setting CVar [[r.SkyAtmosphere.FastSkyLUT.SampleCountMin:4.0]]
[2021.04.17-03.12.56:999][  0]LogConfig: Setting CVar [[r.SkyAtmosphere.FastSkyLUT.SampleCountMax:32.0]]
[2021.04.17-03.12.56:999][  0]LogConfig: Setting CVar [[r.SkyAtmosphere.SampleCountMin:4.0]]
[2021.04.17-03.12.56:999][  0]LogConfig: Setting CVar [[r.SkyAtmosphere.SampleCountMax:32.0]]
[2021.04.17-03.12.56:999][  0]LogConfig: Setting CVar [[r.SkyAtmosphere.TransmittanceLUT.UseSmallFormat:0]]
[2021.04.17-03.12.56:999][  0]LogConfig: Setting CVar [[r.SkyAtmosphere.TransmittanceLUT.SampleCount:10.0]]
[2021.04.17-03.12.56:999][  0]LogConfig: Setting CVar [[r.SkyAtmosphere.MultiScatteringLUT.SampleCount:15.0]]
[2021.04.17-03.12.56:999][  0]LogConfig: Applying CVar settings from Section [FoliageQuality@3] File [Z:/GitHub/ManAtArms/ManAtArms_Project/Saved/Config/Windows/Scalability.ini]
[2021.04.17-03.12.56:999][  0]LogConfig: Setting CVar [[foliage.DensityScale:1.0]]
[2021.04.17-03.12.56:999][  0]LogConfig: Setting CVar [[grass.DensityScale:1.0]]
[2021.04.17-03.12.56:999][  0]LogConfig: Applying CVar settings from Section [ShadingQuality@3] File [Z:/GitHub/ManAtArms/ManAtArms_Project/Saved/Config/Windows/Scalability.ini]
[2021.04.17-03.12.56:999][  0]LogConfig: Setting CVar [[r.HairStrands.SkyLighting.SampleCount:16]]
[2021.04.17-03.12.56:999][  0]LogConfig: Setting CVar [[r.HairStrands.SkyLighting.JitterIntegration:0]]
[2021.04.17-03.12.56:999][  0]LogConfig: Setting CVar [[r.HairStrands.SkyAO.SampleCount:16]]
[2021.04.17-03.12.56:999][  0]LogInit: Selected Device Profile: [Windows]
[2021.04.17-03.12.56:999][  0]LogInit: Applying CVar settings loaded from the selected device profile: [Windows]
[2021.04.17-03.12.57:002][  0]LogHAL: Display: Platform has ~ 32 GB [34301575168 / 34359738368 / 32], which maps to Largest [LargestMinGB=32, LargerMinGB=12, DefaultMinGB=8, SmallerMinGB=6, SmallestMinGB=0)
[2021.04.17-03.12.57:002][  0]LogInit: Going up to parent DeviceProfile []
[2021.04.17-03.12.57:002][  0]LogConfig: Applying CVar settings from Section [ViewDistanceQuality@3] File [Z:/GitHub/ManAtArms/ManAtArms_Project/Saved/Config/Windows/Scalability.ini]
[2021.04.17-03.12.57:002][  0]LogConfig: Setting CVar [[r.SkeletalMeshLODBias:0]]
[2021.04.17-03.12.57:002][  0]LogConfig: Setting CVar [[r.ViewDistanceScale:1.0]]
[2021.04.17-03.12.57:002][  0]LogConfig: Applying CVar settings from Section [AntiAliasingQuality@3] File [Z:/GitHub/ManAtArms/ManAtArms_Project/Saved/Config/Windows/Scalability.ini]
[2021.04.17-03.12.57:002][  0]LogConfig: Setting CVar [[r.PostProcessAAQuality:4]]
[2021.04.17-03.12.57:002][  0]LogConfig: Applying CVar settings from Section [ShadowQuality@3] File [Z:/GitHub/ManAtArms/ManAtArms_Project/Saved/Config/Windows/Scalability.ini]
[2021.04.17-03.12.57:002][  0]LogConfig: Setting CVar [[r.LightFunctionQuality:1]]
[2021.04.17-03.12.57:002][  0]LogConfig: Setting CVar [[r.ShadowQuality:5]]
[2021.04.17-03.12.57:002][  0]LogConfig: Setting CVar [[r.Shadow.CSM.MaxCascades:10]]
[2021.04.17-03.12.57:002][  0]LogConfig: Setting CVar [[r.Shadow.MaxResolution:2048]]
[2021.04.17-03.12.57:002][  0]LogConfig: Setting CVar [[r.Shadow.MaxCSMResolution:2048]]
[2021.04.17-03.12.57:002][  0]LogConfig: Setting CVar [[r.Shadow.RadiusThreshold:0.01]]
[2021.04.17-03.12.57:002][  0]LogConfig: Setting CVar [[r.Shadow.DistanceScale:1.0]]
[2021.04.17-03.12.57:002][  0]LogConfig: Setting CVar [[r.Shadow.CSM.TransitionScale:1.0]]
[2021.04.17-03.12.57:002][  0]LogConfig: Setting CVar [[r.Shadow.PreShadowResolutionFactor:1.0]]
[2021.04.17-03.12.57:002][  0]LogConfig: Setting CVar [[r.DistanceFieldShadowing:1]]
[2021.04.17-03.12.57:002][  0]LogConfig: Setting CVar [[r.DistanceFieldAO:1]]
[2021.04.17-03.12.57:002][  0]LogConfig: Setting CVar [[r.AOQuality:2]]
[2021.04.17-03.12.57:002][  0]LogConfig: Setting CVar [[r.VolumetricFog:1]]
[2021.04.17-03.12.57:002][  0]LogConfig: Setting CVar [[r.VolumetricFog.GridPixelSize:8]]
[2021.04.17-03.12.57:002][  0]LogConfig: Setting CVar [[r.VolumetricFog.GridSizeZ:128]]
[2021.04.17-03.12.57:002][  0]LogConfig: Setting CVar [[r.VolumetricFog.HistoryMissSupersampleCount:4]]
[2021.04.17-03.12.57:002][  0]LogConfig: Setting CVar [[r.LightMaxDrawDistanceScale:1]]
[2021.04.17-03.12.57:002][  0]LogConfig: Setting CVar [[r.CapsuleShadows:1]]
[2021.04.17-03.12.57:002][  0]LogConfig: Applying CVar settings from Section [PostProcessQuality@3] File [Z:/GitHub/ManAtArms/ManAtArms_Project/Saved/Config/Windows/Scalability.ini]
[2021.04.17-03.12.57:002][  0]LogConfig: Setting CVar [[r.MotionBlurQuality:4]]
[2021.04.17-03.12.57:002][  0]LogConfig: Setting CVar [[r.AmbientOcclusionMipLevelFactor:0.4]]
[2021.04.17-03.12.57:002][  0]LogConfig: Setting CVar [[r.AmbientOcclusionMaxQuality:100]]
[2021.04.17-03.12.57:002][  0]LogConfig: Setting CVar [[r.AmbientOcclusionLevels:-1]]
[2021.04.17-03.12.57:002][  0]LogConfig: Setting CVar [[r.AmbientOcclusionRadiusScale:1.0]]
[2021.04.17-03.12.57:002][  0]LogConfig: Setting CVar [[r.DepthOfFieldQuality:2]]
[2021.04.17-03.12.57:002][  0]LogConfig: Setting CVar [[r.RenderTargetPoolMin:400]]
[2021.04.17-03.12.57:002][  0]LogConfig: Setting CVar [[r.LensFlareQuality:2]]
[2021.04.17-03.12.57:002][  0]LogConfig: Setting CVar [[r.SceneColorFringeQuality:1]]
[2021.04.17-03.12.57:002][  0]LogConfig: Setting CVar [[r.EyeAdaptationQuality:2]]
[2021.04.17-03.12.57:002][  0]LogConfig: Setting CVar [[r.BloomQuality:5]]
[2021.04.17-03.12.57:002][  0]LogConfig: Setting CVar [[r.FastBlurThreshold:100]]
[2021.04.17-03.12.57:002][  0]LogConfig: Setting CVar [[r.Upscale.Quality:3]]
[2021.04.17-03.12.57:002][  0]LogConfig: Setting CVar [[r.Tonemapper.GrainQuantization:1]]
[2021.04.17-03.12.57:002][  0]LogConfig: Setting CVar [[r.LightShaftQuality:1]]
[2021.04.17-03.12.57:002][  0]LogConfig: Setting CVar [[r.Filter.SizeScale:1]]
[2021.04.17-03.12.57:002][  0]LogConfig: Setting CVar [[r.Tonemapper.Quality:5]]
[2021.04.17-03.12.57:002][  0]LogConfig: Setting CVar [[r.DOF.Gather.AccumulatorQuality:1        ; higher gathering accumulator quality]]
[2021.04.17-03.12.57:002][  0]LogConfig: Setting CVar [[r.DOF.Gather.PostfilterMethod:1          ; Median3x3 postfilering method]]
[2021.04.17-03.12.57:002][  0]LogConfig: Setting CVar [[r.DOF.Gather.EnableBokehSettings:0       ; no bokeh simulation when gathering]]
[2021.04.17-03.12.57:002][  0]LogConfig: Setting CVar [[r.DOF.Gather.RingCount:4                 ; medium number of samples when gathering]]
[2021.04.17-03.12.57:002][  0]LogConfig: Setting CVar [[r.DOF.Scatter.ForegroundCompositing:1    ; additive foreground scattering]]
[2021.04.17-03.12.57:002][  0]LogConfig: Setting CVar [[r.DOF.Scatter.BackgroundCompositing:2    ; additive background scattering]]
[2021.04.17-03.12.57:002][  0]LogConfig: Setting CVar [[r.DOF.Scatter.EnableBokehSettings:1      ; bokeh simulation when scattering]]
[2021.04.17-03.12.57:002][  0]LogConfig: Setting CVar [[r.DOF.Scatter.MaxSpriteRatio:0.1         ; only a maximum of 10% of scattered bokeh]]
[2021.04.17-03.12.57:002][  0]LogConfig: Setting CVar [[r.DOF.Recombine.Quality:1                ; cheap slight out of focus]]
[2021.04.17-03.12.57:002][  0]LogConfig: Setting CVar [[r.DOF.Recombine.EnableBokehSettings:0    ; no bokeh simulation on slight out of focus]]
[2021.04.17-03.12.57:002][  0]LogConfig: Setting CVar [[r.DOF.TemporalAAQuality:1                ; more stable temporal accumulation]]
[2021.04.17-03.12.57:002][  0]LogConfig: Setting CVar [[r.DOF.Kernel.MaxForegroundRadius:0.025]]
[2021.04.17-03.12.57:002][  0]LogConfig: Setting CVar [[r.DOF.Kernel.MaxBackgroundRadius:0.025]]
[2021.04.17-03.12.57:002][  0]LogConfig: Applying CVar settings from Section [TextureQuality@3] File [Z:/GitHub/ManAtArms/ManAtArms_Project/Saved/Config/Windows/Scalability.ini]
[2021.04.17-03.12.57:002][  0]LogConfig: Setting CVar [[r.Streaming.MipBias:0]]
[2021.04.17-03.12.57:002][  0]LogConfig: Setting CVar [[r.Streaming.AmortizeCPUToGPUCopy:0]]
[2021.04.17-03.12.57:002][  0]LogConfig: Setting CVar [[r.Streaming.MaxNumTexturesToStreamPerFrame:0]]
[2021.04.17-03.12.57:002][  0]LogConfig: Setting CVar [[r.Streaming.Boost:1]]
[2021.04.17-03.12.57:002][  0]LogConfig: Setting CVar [[r.MaxAnisotropy:8]]
[2021.04.17-03.12.57:002][  0]LogConfig: Setting CVar [[r.VT.MaxAnisotropy:8]]
[2021.04.17-03.12.57:002][  0]LogConfig: Setting CVar [[r.Streaming.LimitPoolSizeToVRAM:0]]
[2021.04.17-03.12.57:002][  0]LogConfig: Setting CVar [[r.Streaming.PoolSize:1000]]
[2021.04.17-03.12.57:002][  0]LogConfig: Setting CVar [[r.Streaming.MaxEffectiveScreenSize:0]]
[2021.04.17-03.12.57:002][  0]LogConfig: Applying CVar settings from Section [EffectsQuality@3] File [Z:/GitHub/ManAtArms/ManAtArms_Project/Saved/Config/Windows/Scalability.ini]
[2021.04.17-03.12.57:002][  0]LogConfig: Setting CVar [[r.TranslucencyLightingVolumeDim:64]]
[2021.04.17-03.12.57:002][  0]LogConfig: Setting CVar [[r.RefractionQuality:2]]
[2021.04.17-03.12.57:002][  0]LogConfig: Setting CVar [[r.SSR.Quality:3]]
[2021.04.17-03.12.57:002][  0]LogConfig: Setting CVar [[r.SSR.HalfResSceneColor:0]]
[2021.04.17-03.12.57:002][  0]LogConfig: Setting CVar [[r.SceneColorFormat:4]]
[2021.04.17-03.12.57:003][  0]LogConfig: Setting CVar [[r.DetailMode:2]]
[2021.04.17-03.12.57:003][  0]LogConfig: Setting CVar [[r.TranslucencyVolumeBlur:1]]
[2021.04.17-03.12.57:003][  0]LogConfig: Setting CVar [[r.MaterialQualityLevel:1 ; High quality]]
[2021.04.17-03.12.57:003][  0]LogConfig: Setting CVar [[r.SSS.Scale:1]]
[2021.04.17-03.12.57:003][  0]LogConfig: Setting CVar [[r.SSS.SampleSet:2]]
[2021.04.17-03.12.57:003][  0]LogConfig: Setting CVar [[r.SSS.Quality:1]]
[2021.04.17-03.12.57:003][  0]LogConfig: Setting CVar [[r.SSS.HalfRes:1]]
[2021.04.17-03.12.57:003][  0]LogConfig: Setting CVar [[r.SSGI.Quality:3]]
[2021.04.17-03.12.57:003][  0]LogConfig: Setting CVar [[r.EmitterSpawnRateScale:1.0]]
[2021.04.17-03.12.57:003][  0]LogConfig: Setting CVar [[r.ParticleLightQuality:2]]
[2021.04.17-03.12.57:003][  0]LogConfig: Setting CVar [[r.SkyAtmosphere.AerialPerspectiveLUT.FastApplyOnOpaque:1 ; Always have FastSkyLUT 1 in this case to avoid wrong sky]]
[2021.04.17-03.12.57:003][  0]LogConfig: Setting CVar [[r.SkyAtmosphere.AerialPerspectiveLUT.SampleCountPerSlice:1]]
[2021.04.17-03.12.57:003][  0]LogConfig: Setting CVar [[r.SkyAtmosphere.AerialPerspectiveLUT.DepthResolution:16.0]]
[2021.04.17-03.12.57:003][  0]LogConfig: Setting CVar [[r.SkyAtmosphere.FastSkyLUT:1]]
[2021.04.17-03.12.57:003][  0]LogConfig: Setting CVar [[r.SkyAtmosphere.FastSkyLUT.SampleCountMin:4.0]]
[2021.04.17-03.12.57:003][  0]LogConfig: Setting CVar [[r.SkyAtmosphere.FastSkyLUT.SampleCountMax:32.0]]
[2021.04.17-03.12.57:003][  0]LogConfig: Setting CVar [[r.SkyAtmosphere.SampleCountMin:4.0]]
[2021.04.17-03.12.57:003][  0]LogConfig: Setting CVar [[r.SkyAtmosphere.SampleCountMax:32.0]]
[2021.04.17-03.12.57:003][  0]LogConfig: Setting CVar [[r.SkyAtmosphere.TransmittanceLUT.UseSmallFormat:0]]
[2021.04.17-03.12.57:003][  0]LogConfig: Setting CVar [[r.SkyAtmosphere.TransmittanceLUT.SampleCount:10.0]]
[2021.04.17-03.12.57:003][  0]LogConfig: Setting CVar [[r.SkyAtmosphere.MultiScatteringLUT.SampleCount:15.0]]
[2021.04.17-03.12.57:003][  0]LogConfig: Applying CVar settings from Section [FoliageQuality@3] File [Z:/GitHub/ManAtArms/ManAtArms_Project/Saved/Config/Windows/Scalability.ini]
[2021.04.17-03.12.57:003][  0]LogConfig: Setting CVar [[foliage.DensityScale:1.0]]
[2021.04.17-03.12.57:003][  0]LogConfig: Setting CVar [[grass.DensityScale:1.0]]
[2021.04.17-03.12.57:003][  0]LogConfig: Applying CVar settings from Section [ShadingQuality@3] File [Z:/GitHub/ManAtArms/ManAtArms_Project/Saved/Config/Windows/Scalability.ini]
[2021.04.17-03.12.57:003][  0]LogConfig: Setting CVar [[r.HairStrands.SkyLighting.SampleCount:16]]
[2021.04.17-03.12.57:003][  0]LogConfig: Setting CVar [[r.HairStrands.SkyLighting.JitterIntegration:0]]
[2021.04.17-03.12.57:003][  0]LogConfig: Setting CVar [[r.HairStrands.SkyAO.SampleCount:16]]
[2021.04.17-03.12.57:003][  0]LogConfig: Applying CVar settings from Section [Startup] File [../../../Engine/Config/ConsoleVariables.ini]
[2021.04.17-03.12.57:003][  0]LogConfig: Setting CVar [[net.UseAdaptiveNetUpdateFrequency:0]]
[2021.04.17-03.12.57:003][  0]LogConfig: Setting CVar [[p.chaos.AllowCreatePhysxBodies:1]]
[2021.04.17-03.12.57:003][  0]LogConfig: Setting CVar [[fx.SkipVectorVMBackendOptimizations:1]]
[2021.04.17-03.12.57:003][  0]LogConfig: Applying CVar settings from Section [ConsoleVariables] File [Z:/GitHub/ManAtArms/ManAtArms_Project/Saved/Config/Windows/Engine.ini]
[2021.04.17-03.12.57:003][  0]LogInit: Computer: HAETAE02
[2021.04.17-03.12.57:003][  0]LogInit: User: john0
[2021.04.17-03.12.57:003][  0]LogInit: CPU Page size=4096, Cores=8
[2021.04.17-03.12.57:003][  0]LogInit: High frequency timer resolution =10.000000 MHz
[2021.04.17-03.12.57:004][  0]LogMemory: Memory total: Physical=31.9GB (32GB approx)
[2021.04.17-03.12.57:004][  0]LogMemory: Platform Memory Stats for Windows
[2021.04.17-03.12.57:004][  0]LogMemory: Process Physical Memory: 110.45 MB used, 110.46 MB peak
[2021.04.17-03.12.57:004][  0]LogMemory: Process Virtual Memory: 107.61 MB used, 107.61 MB peak
[2021.04.17-03.12.57:004][  0]LogMemory: Physical Memory: 19497.16 MB used,  13215.37 MB free, 32712.53 MB total
[2021.04.17-03.12.57:004][  0]LogMemory: Virtual Memory: 5162.56 MB used,  134212568.00 MB free, 134217728.00 MB total
[2021.04.17-03.12.57:008][  0]LogWindows: WindowsPlatformFeatures enabled
[2021.04.17-03.12.57:038][  0]LogInit: Using OS detected language (en-GB).
[2021.04.17-03.12.57:038][  0]LogInit: Using OS detected locale (en-CA).
[2021.04.17-03.12.57:038][  0]LogTextLocalizationManager: No specific localization for 'en-GB' exists, so the 'en' localization will be used.
[2021.04.17-03.12.57:243][  0]LogSlate: New Slate User Created.  User Index 0, Is Virtual User: 0
[2021.04.17-03.12.57:243][  0]LogSlate: Slate User Registered.  User Index 0, Is Virtual User: 0
[2021.04.17-03.12.57:251][  0]LogD3D12RHI: Aftermath initialized
[2021.04.17-03.12.57:251][  0]LogD3D12RHI: Loading WinPixEventRuntime.dll for PIX profiling (from ../../../Engine/Binaries/ThirdParty/Windows/DirectX/x64).
[2021.04.17-03.12.57:382][  0]LogD3D12RHI: Found D3D12 adapter 0: NVIDIA GeForce RTX 2070 SUPER (Max supported Feature Level 12_1)
[2021.04.17-03.12.57:382][  0]LogD3D12RHI: Adapter has 8011MB of dedicated video memory, 0MB of dedicated system memory, and 16356MB of shared system memory, 2 output[s]
[2021.04.17-03.12.57:475][  0]LogD3D12RHI: Found D3D12 adapter 1: NVIDIA GeForce RTX 2070 SUPER (Max supported Feature Level 12_1)
[2021.04.17-03.12.57:475][  0]LogD3D12RHI: Adapter has 8011MB of dedicated video memory, 0MB of dedicated system memory, and 16356MB of shared system memory, 0 output[s]
[2021.04.17-03.12.57:482][  0]LogD3D12RHI: Found D3D12 adapter 2: Microsoft Basic Render Driver (Max supported Feature Level 12_1)
[2021.04.17-03.12.57:482][  0]LogD3D12RHI: Adapter has 0MB of dedicated video memory, 0MB of dedicated system memory, and 16356MB of shared system memory, 0 output[s]
[2021.04.17-03.12.57:482][  0]LogD3D12RHI: Forcing D3D12.AsyncDeferredDeletion=0 as a workaround for a deadlock.
[2021.04.17-03.12.57:482][  0]LogD3D12RHI: Chosen D3D12 Adapter Id = 0
[2021.04.17-03.12.57:493][  0]LogD3D12RHI: Emitting draw events for PIX profiling.
[2021.04.17-03.12.57:574][  0]LogD3D12RHI: The system supports ID3D12Device1.
[2021.04.17-03.12.57:574][  0]LogD3D12RHI: The system supports ID3D12Device2.
[2021.04.17-03.12.57:652][  0]LogD3D12RHI: Display: Not using pipeline state disk cache per r.D3D12.PSO.DiskCache=0
[2021.04.17-03.12.57:653][  0]LogD3D12RHI: Display: Not using driver-optimized pipeline state disk cache per r.D3D12.PSO.DriverOptimizedDiskCache=0
[2021.04.17-03.12.57:654][  0]LogD3D12RHI:     GPU DeviceId: 0x1e84 (for the marketing name, search the web for "GPU Device Id")
[2021.04.17-03.12.57:654][  0]LogWindows: EnumDisplayDevices:
[2021.04.17-03.12.57:654][  0]LogWindows:    0. 'NVIDIA GeForce RTX 2070 SUPER' (P:1 D:1)
[2021.04.17-03.12.57:654][  0]LogWindows:    1. 'NVIDIA GeForce RTX 2070 SUPER' (P:0 D:1)
[2021.04.17-03.12.57:654][  0]LogWindows:    2. 'NVIDIA GeForce RTX 2070 SUPER' (P:0 D:0)
[2021.04.17-03.12.57:654][  0]LogWindows:    3. 'NVIDIA GeForce RTX 2070 SUPER' (P:0 D:0)
[2021.04.17-03.12.57:655][  0]LogWindows:    4. 'Citrix Indirect Display Adapter' (P:0 D:0)
[2021.04.17-03.12.57:655][  0]LogWindows:    5. 'Citrix Indirect Display Adapter' (P:0 D:0)
[2021.04.17-03.12.57:655][  0]LogWindows:    6. 'Citrix Indirect Display Adapter' (P:0 D:0)
[2021.04.17-03.12.57:655][  0]LogWindows:    7. 'Citrix Indirect Display Adapter' (P:0 D:0)
[2021.04.17-03.12.57:655][  0]LogWindows:    8. 'Citrix Indirect Display Adapter' (P:0 D:0)
[2021.04.17-03.12.57:655][  0]LogWindows:    9. 'Citrix Indirect Display Adapter' (P:0 D:0)
[2021.04.17-03.12.57:656][  0]LogWindows:    10. 'Citrix Indirect Display Adapter' (P:0 D:0)
[2021.04.17-03.12.57:656][  0]LogWindows:    11. 'Citrix Indirect Display Adapter' (P:0 D:0)
[2021.04.17-03.12.57:656][  0]LogWindows: DebugString: GetVideoDriverDetailsInvalid PrimaryIsNotTheChoosenAdapter GetVideoDriverDetailsInvalid PrimaryIsNotTheChoosenAdapter GetVideoDriverDetailsInvalid PrimaryIsNotTheChoosenAdapter GetVideoDriverDetailsInvalid PrimaryIsNotTheChoosenAdapter GetVideoDriverDetailsInvalid PrimaryIsNotTheChoosenAdapter GetVideoDriverDetailsInvalid PrimaryIsNotTheChoosenAdapter GetVideoDriverDetailsInvalid PrimaryIsNotTheChoosenAdapter GetVideoDriverDetailsInvalid PrimaryIsNotTheChoosenAdapter FoundDriverCount:4 
[2021.04.17-03.12.57:656][  0]LogD3D12RHI:     Adapter Name: NVIDIA GeForce RTX 2070 SUPER
[2021.04.17-03.12.57:656][  0]LogD3D12RHI:   Driver Version: 461.92 (internal:27.21.14.6192, unified:461.92)
[2021.04.17-03.12.57:656][  0]LogD3D12RHI:      Driver Date: 3-11-2021
[2021.04.17-03.12.57:656][  0]LogRHI: Texture pool is 4563 MB (70% of 6518 MB)
[2021.04.17-03.12.57:656][  0]LogD3D12RHI: Async texture creation enabled
[2021.04.17-03.12.57:656][  0]LogD3D12RHI: RHI has support for 64 bit atomics
[2021.04.17-03.12.57:920][  0]LogTargetPlatformManager: Display: Loaded TargetPlatform 'WindowsNoEditor'
[2021.04.17-03.12.57:923][  0]LogTargetPlatformManager: Display: Loaded TargetPlatform 'Windows'
[2021.04.17-03.12.57:929][  0]LogTargetPlatformManager: Display: Loaded TargetPlatform 'WindowsClient'
[2021.04.17-03.12.57:935][  0]LogTargetPlatformManager: Display: Loaded TargetPlatform 'WindowsServer'
[2021.04.17-03.12.57:935][  0]LogTargetPlatformManager: Display: Building Assets For Windows
[2021.04.17-03.12.57:937][  0]LogAudioDebug: Display: Lib vorbis DLL was dynamically loaded.
[2021.04.17-03.12.57:954][  0]LogShaderCompilers: Guid format shader working directory is -1 characters bigger than the processId version (../../../../GitHub/ManAtArms/ManAtArms_Project/Intermediate/Shaders/WorkingDirectory/17104/).
[2021.04.17-03.12.57:954][  0]LogShaderCompilers: Cleaned the shader compiler working directory 'C:/Users/john0/AppData/Local/Temp/UnrealShaderWorkingDir/63D061A641F93CF49268C3B5AE925CEC/'.
[2021.04.17-03.12.57:955][  0]LogXGEController: Cannot use XGE Controller as Incredibuild is not installed on this machine.
[2021.04.17-03.12.57:955][  0]LogShaderCompilers: Cannot use XGE Shader Compiler as Incredibuild is not installed on this machine.
[2021.04.17-03.12.57:955][  0]LogShaderCompilers: Display: Using Local Shader Compiler.
[2021.04.17-03.12.58:585][  0]LogDerivedDataCache: Display: Max Cache Size: 512 MB
[2021.04.17-03.12.58:586][  0]LogDerivedDataCache: Loaded boot cache 0.00s 1MB C:/Users/john0/AppData/Local/UnrealEngine/4.24/DerivedDataCache/Boot.ddc.
[2021.04.17-03.12.58:586][  0]LogDerivedDataCache: Display: Loaded Boot cache: C:/Users/john0/AppData/Local/UnrealEngine/4.24/DerivedDataCache/Boot.ddc
[2021.04.17-03.12.58:586][  0]LogDerivedDataCache: FDerivedDataBackendGraph:  Pak pak cache file ../../../../GitHub/ManAtArms/ManAtArms_Project/DerivedDataCache/DDC.ddp not found, will not use a pak cache.
[2021.04.17-03.12.58:586][  0]LogDerivedDataCache: Unable to find inner node Pak for hierarchical cache Hierarchy.
[2021.04.17-03.12.58:586][  0]LogDerivedDataCache: FDerivedDataBackendGraph:  CompressedPak pak cache file ../../../../GitHub/ManAtArms/ManAtArms_Project/DerivedDataCache/Compressed.ddp not found, will not use a pak cache.
[2021.04.17-03.12.58:586][  0]LogDerivedDataCache: Unable to find inner node CompressedPak for hierarchical cache Hierarchy.
[2021.04.17-03.12.58:595][  0]LogDerivedDataCache: Display: Pak cache opened for reading ../../../Engine/DerivedDataCache/Compressed.ddp.
[2021.04.17-03.12.58:595][  0]LogDerivedDataCache: FDerivedDataBackendGraph:  EnterprisePak pak cache file ../../../Enterprise/DerivedDataCache/Compressed.ddp not found, will not use a pak cache.
[2021.04.17-03.12.58:595][  0]LogDerivedDataCache: Unable to find inner node EnterprisePak for hierarchical cache Hierarchy.
[2021.04.17-03.12.58:596][  0]LogDerivedDataCache: Using Local data cache path C:/Users/john0/AppData/Local/UnrealEngine/Common/DerivedDataCache: Writable
[2021.04.17-03.12.58:596][  0]LogDerivedDataCache: Shared data cache path not found in *engine.ini, will not use an Shared cache.
[2021.04.17-03.12.58:596][  0]LogDerivedDataCache: Unable to find inner node Shared for hierarchical cache Hierarchy.
[2021.04.17-03.12.58:619][  0]LogMaterial: Verifying Global Shaders for PCD3D_SM5
[2021.04.17-03.12.58:622][  0]LogSlate: Using FreeType 2.10.0
[2021.04.17-03.12.58:622][  0]LogSlate: SlateFontServices - WITH_FREETYPE: 1, WITH_HARFBUZZ: 1
[2021.04.17-03.12.58:828][  0]LogInit: Using OS detected language (en-GB).
[2021.04.17-03.12.58:829][  0]LogInit: Using OS detected locale (en-CA).
[2021.04.17-03.12.58:829][  0]LogTextLocalizationManager: No localization for 'en-GB' exists, so 'en' will be used for the language.
[2021.04.17-03.12.58:829][  0]LogTextLocalizationManager: No localization for 'en-CA' exists, so 'en' will be used for the locale.
[2021.04.17-03.12.58:829][  0]LogSlate: FontCache flush requested. Reason: Culture for localization was changed
[2021.04.17-03.12.58:829][  0]LogSlate: FontCache flush requested. Reason: Culture for localization was changed
[2021.04.17-03.12.58:830][  0]LogTextLocalizationManager: Compacting localization data took   0.01ms
[2021.04.17-03.12.58:834][  0]LogAssetRegistry: FAssetRegistry took 0.0020 seconds to start up
[2021.04.17-03.12.59:037][  0]LogPackageLocalizationCache: Processed 12 localized package path(s) for 1 prioritized culture(s) in 0.000636 seconds
[2021.04.17-03.12.59:084][  0]LogInit: Selected Device Profile: [Windows]
[2021.04.17-03.12.59:191][  0]LogMeshReduction: Using QuadricMeshReduction for automatic static mesh reduction
[2021.04.17-03.12.59:191][  0]LogMeshReduction: Using SimplygonMeshReduction for automatic skeletal mesh reduction
[2021.04.17-03.12.59:191][  0]LogMeshReduction: Using ProxyLODMeshReduction for automatic mesh merging
[2021.04.17-03.12.59:191][  0]LogMeshReduction: No distributed automatic mesh merging module available
[2021.04.17-03.12.59:191][  0]LogMeshMerging: No distributed automatic mesh merging module available
[2021.04.17-03.12.59:203][  0]LogNetVersion: ManAtArms_Project 1.0.0, NetCL: 10570792, EngineNetVer: 13, GameNetVer: 0 (Checksum: 3666147968)
[2021.04.17-03.12.59:665][  0]LogMoviePlayer: Initializing movie player
[2021.04.17-03.12.59:775][  0]LogTcpMessaging: Initializing TcpMessaging bridge
[2021.04.17-03.12.59:776][  0]LogUdpMessaging: Initializing bridge on interface 0.0.0.0:0 to multicast group 230.0.0.1:6666.
[2021.04.17-03.12.59:792][  0]LogCollectionManager: Loaded 0 collections in 0.001092 seconds
[2021.04.17-03.12.59:795][  0]LogFileCache: Scanning file cache for directory 'Z:/GitHub/ManAtArms/ManAtArms_Project/Saved/Collections/' took 0.00s
[2021.04.17-03.12.59:795][  0]LogFileCache: Scanning file cache for directory 'Z:/GitHub/ManAtArms/ManAtArms_Project/Content/Developers/john0/Collections/' took 0.00s
[2021.04.17-03.12.59:795][  0]LogFileCache: Scanning file cache for directory 'Z:/GitHub/ManAtArms/ManAtArms_Project/Content/Collections/' took 0.00s
[2021.04.17-03.12.59:795][  0]LogCollectionManager: Fixed up redirectors for 0 collections in 0.000004 seconds (updated 0 objects)
[2021.04.17-03.12.59:817][  0]SourceControl: Source control is disabled
[2021.04.17-03.12.59:817][  0]SourceControl: Source control is disabled
[2021.04.17-03.12.59:818][  0]SourceControl: Source control is disabled
[2021.04.17-03.12.59:840][  0]LogAndroidPermission: UAndroidPermissionCallbackProxy::GetInstance
[2021.04.17-03.12.59:845][  0]LogAudioCaptureCore: Display: No Audio Capture implementations found. Audio input will be silent.
[2021.04.17-03.12.59:845][  0]LogAudioCaptureCore: Display: No Audio Capture implementations found. Audio input will be silent.
[2021.04.17-03.12.59:873][  0]LogUObjectArray: 53731 objects as part of root set at end of initial load.
[2021.04.17-03.12.59:873][  0]LogUObjectAllocator: 9539064 out of 0 bytes used by permanent object pool.
[2021.04.17-03.12.59:873][  0]LogUObjectArray: CloseDisregardForGC: 0/0 objects in disregard for GC pool
[2021.04.17-03.12.59:922][  0]LogEngine: Initializing Engine...
[2021.04.17-03.12.59:924][  0]LogStats: UGameplayTagsManager::InitializeManager -  0.000 s
[2021.04.17-03.13.00:207][  0]LogInit: Initializing FReadOnlyCVARCache
[2021.04.17-03.13.00:208][  0]LogAudioMixer: Display: Audio Mixer Platform Settings:
[2021.04.17-03.13.00:208][  0]LogAudioMixer: Display: 	Sample Rate:						  48000
[2021.04.17-03.13.00:208][  0]LogAudioMixer: Display: 	Callback Buffer Frame Size Requested: 1024
[2021.04.17-03.13.00:208][  0]LogAudioMixer: Display: 	Callback Buffer Frame Size To Use:	  1024
[2021.04.17-03.13.00:208][  0]LogAudioMixer: Display: 	Number of buffers to queue:			  2
[2021.04.17-03.13.00:208][  0]LogAudioMixer: Display: 	Max Channels (voices):				  32
[2021.04.17-03.13.00:208][  0]LogAudioMixer: Display: 	Number of Async Source Workers:		  0
[2021.04.17-03.13.00:208][  0]LogAudio: Display: AudioDevice MaxSources: 32
[2021.04.17-03.13.00:209][  0]LogAudio: Display: Using built-in audio occlusion.
[2021.04.17-03.13.00:209][  0]LogAudioMixer: Display: Initializing audio mixer.
[2021.04.17-03.13.00:242][  0]LogAudioMixer: Display: Audio Device Output Speaker Info:
[2021.04.17-03.13.00:242][  0]LogAudioMixer: Display: Name: Speakers (Realtek(R) Audio)
[2021.04.17-03.13.00:242][  0]LogAudioMixer: Display: Is Default: Yes
[2021.04.17-03.13.00:242][  0]LogAudioMixer: Display: Sample Rate: 48000
[2021.04.17-03.13.00:242][  0]LogAudioMixer: Display: Channel Count Used: 2
[2021.04.17-03.13.00:242][  0]LogAudioMixer: Display: Device Channel Count: 2
[2021.04.17-03.13.00:242][  0]LogAudioMixer: Display: Channel Order:
[2021.04.17-03.13.00:242][  0]LogAudioMixer: Display: 0: FrontLeft
[2021.04.17-03.13.00:242][  0]LogAudioMixer: Display: 1: FrontRight
[2021.04.17-03.13.00:260][  0]LogAudioMixer: Display: Using Audio Device Speakers (Realtek(R) Audio)
[2021.04.17-03.13.00:261][  0]LogInit: FAudioDevice initialized.
[2021.04.17-03.13.00:262][  0]LogNetVersion: Set ProjectVersion to 1.0.0.0. Version Checksum will be recalculated on next use.
[2021.04.17-03.13.00:267][  0]LogInit: Texture streaming: Enabled
[2021.04.17-03.13.00:368][  0]LogSlate: Updating window title bar state: overlay mode, drag disabled, window buttons hidden, title bar hidden
[2021.04.17-03.13.00:368][  0]LogInit: Display: Game Engine Initialized.
[2021.04.17-03.13.00:369][  0]LogNiagaraEditor: Warning: GEditor isn't valid! Particle reset commands will not work for Niagara components!
[2021.04.17-03.13.00:381][  0]LogInit: Display: Starting Game.
[2021.04.17-03.13.00:381][  0]LogNet: Browse: /Game/MyContent/VN/Level/Map_VN_lv1?Name=Player
[2021.04.17-03.13.00:381][  0]LogLoad: LoadMap: /Game/MyContent/VN/Level/Map_VN_lv1?Name=Player
[2021.04.17-03.13.00:381][  0]LogWorld: BeginTearingDown for /Temp/Untitled_0
[2021.04.17-03.13.00:382][  0]LogWorld: UWorld::CleanupWorld for Untitled, bSessionEnded=true, bCleanupResources=true
[2021.04.17-03.13.00:382][  0]LogSlate: InvalidateAllWidgets triggered.  All widgets were invalidated
[2021.04.17-03.13.00:410][  0]LogAudioMixer: Display: No commands were queued while flushing the source manager.
[2021.04.17-03.13.00:412][  0]LogUObjectHash: Compacting FUObjectHashTables data took   1.57ms
[2021.04.17-03.13.00:852][  0]LogBlueprint: Warning: [Compiler VNPlayerBP] 'BP Bartender' does not inherit from 'BP Base Character' ( Cast To BP_bartender  would always fail).
[2021.04.17-03.13.01:628][  0]LogTemp: Display: Loaded shader NiagaraScript /Game/MyContent/VN/Effects/NS_Smoke.NS_Smoke:NS_EmitterEmpty.GPUComputeScript_4 for Niagara script NiagaraScript /Game/MyContent/VN/Effects/NS_Smoke.NS_Smoke:NS_EmitterEmpty.GPUComputeScript_4 from DDC
[2021.04.17-03.13.01:946][  0]LogAIModule: Creating AISystem for world Map_VN_lv1
[2021.04.17-03.13.01:946][  0]LogLoad: Game class is 'VNGameMode_C'
[2021.04.17-03.13.02:049][  0]LogScript: Warning: Script Msg: Attempted to access index 0 from array 'PillarMeshList' of length 0 in '/Game/MyContent/VN/BP/BP_ProceduralBuilding.BP_ProceduralBuilding_C'!
[2021.04.17-03.13.02:049][  0]LogScript: Warning: Script Msg: Attempted to access index 0 from array 'PillarMeshList' of length 0 in '/Game/MyContent/VN/BP/BP_ProceduralBuilding.BP_ProceduralBuilding_C'!
[2021.04.17-03.13.02:049][  0]LogScript: Warning: Script Msg: Attempted to access index 0 from array 'PillarMeshList' of length 0 in '/Game/MyContent/VN/BP/BP_ProceduralBuilding.BP_ProceduralBuilding_C'!
[2021.04.17-03.13.02:049][  0]LogScript: Warning: Script Msg: Attempted to access index 0 from array 'PillarMeshList' of length 0 in '/Game/MyContent/VN/BP/BP_ProceduralBuilding.BP_ProceduralBuilding_C'!
[2021.04.17-03.13.02:084][  0]LogWorld: Bringing World /Game/MyContent/VN/Level/Map_VN_lv1.Map_VN_lv1 up for play (max tick rate 0) at 2021.04.16-23.13.02
[2021.04.17-03.13.02:085][  0]LogWorld: Bringing up level for play took: 0.138233
[2021.04.17-03.13.02:088][  0]LogLoad: Took 1.708015 seconds to LoadMap(/Game/MyContent/VN/Level/Map_VN_lv1)
[2021.04.17-03.13.02:115][  0]LogSlate: Took 0.000213 seconds to synchronously load lazily loaded font '../../../Engine/Content/Slate/Fonts/Roboto-Regular.ttf' (155K)
[2021.04.17-03.13.02:133][  0]LogRenderer: Reallocating scene render targets to support 1920x1080 Format 10 NumSamples 1 (Frame:1).
[2021.04.17-03.13.02:133][  0]LogLoad: (Engine Initialization) Total time: 6.20 seconds
[2021.04.17-03.13.02:133][  0]LogLoad: (Engine Initialization) Total Blueprint compile time: 0.00 seconds
[2021.04.17-03.13.02:291][  0]LogContentStreaming: Texture pool size now 1000 MB
[2021.04.17-03.13.02:307][  0]LogRenderer: Reallocating scene render targets to support 128x128 Format 10 NumSamples 1 (Frame:1).
[2021.04.17-03.13.02:307][  0]LogSlate: InvalidateAllWidgets triggered.  All widgets were invalidated
[2021.04.17-03.13.02:354][  0]LogRenderer: Reallocating scene render targets to support 1920x1080 Format 10 NumSamples 1 (Frame:2).
[2021.04.17-03.13.02:434][  1]LogSlate: Took 0.000356 seconds to synchronously load lazily loaded font '../../../Engine/Content/Slate/Fonts/Roboto-Regular.ttf' (155K)
[2021.04.17-03.13.40:495][378]r.SetRes = "1600x900w"
[2021.04.17-03.13.40:639][381]LogRenderer: Reallocating scene render targets to support 1600x900 Format 10 NumSamples 1 (Frame:3383).
[2021.04.17-03.13.41:828][478]r.SetRes = "1280x720w"
[2021.04.17-03.13.41:914][480]LogRenderer: Reallocating scene render targets to support 1280x720 Format 10 NumSamples 1 (Frame:3484).
[2021.04.17-03.13.43:645][648]LogBlueprintUserMessages: [BP_VN_GameManager] 2
[2021.04.17-03.13.43:686][648]LogUObjectHash: Compacting FUObjectHashTables data took   2.96ms
[2021.04.17-03.13.59:753][229]LogSlate: Window 'ProjectVN (64-bit Development PCD3D_SM5) ' being destroyed
[2021.04.17-03.13.59:756][229]LogWindowsTextInputMethodSystem: Display: IME system now activated using TSF (Microsoft IME).
[2021.04.17-03.13.59:760][230]LogSlate: Updating window title bar state: overlay mode, drag disabled, window buttons hidden, title bar hidden
[2021.04.17-03.13.59:760][230]LogEngine: All Windows Closed
[2021.04.17-03.13.59:760][230]LogWindows: FPlatformMisc::RequestExit(0)
[2021.04.17-03.13.59:760][230]LogCore: Engine exit requested (reason: Win RequestExit)
[2021.04.17-03.13.59:760][231]LogCore: Engine exit requested (reason: EngineExit() was called; note: exit was already requested)
[2021.04.17-03.13.59:772][231]LogAudioMixer: Display: Flush succeeded in the source manager command queue (1).
[2021.04.17-03.13.59:802][231]LogAudioMixer: Display: Flush succeeded the source manager command queue (2).
[2021.04.17-03.13.59:806][231]LogInit: Display: PreExit Game.
[2021.04.17-03.13.59:806][231]LogWorld: BeginTearingDown for /Game/MyContent/VN/Level/Map_VN_lv1
[2021.04.17-03.13.59:806][231]LogWorld: UWorld::CleanupWorld for Map_VN_lv1, bSessionEnded=true, bCleanupResources=true
[2021.04.17-03.13.59:809][231]LogSlate: InvalidateAllWidgets triggered.  All widgets were invalidated
[2021.04.17-03.13.59:936][231]LogExit: Preparing to exit.
[2021.04.17-03.14.00:790][231]LogMoviePlayer: Shutting down movie player
[2021.04.17-03.14.00:907][231]LogSlate: Updating window title bar state: overlay mode, drag disabled, window buttons hidden, title bar hidden
[2021.04.17-03.14.00:925][231]LogDemo: Cleaned up 0 splitscreen connections with owner deletion
[2021.04.17-03.14.00:927][231]LogExit: Game engine shut down
[2021.04.17-03.14.01:029][231]LogExit: Object subsystem successfully closed.
[2021.04.17-03.14.01:046][231]LogShaderCompilers: Display: Shaders left to compile 0
[2021.04.17-03.14.01:053][231]LogModuleManager: Shutting down and abandoning module SequenceRecorderSections (450)
[2021.04.17-03.14.01:053][231]LogModuleManager: Shutting down and abandoning module SequenceRecorder (448)
[2021.04.17-03.14.01:053][231]LogModuleManager: Shutting down and abandoning module AutomationController (446)
[2021.04.17-03.14.01:053][231]LogModuleManager: Shutting down and abandoning module AutomationWorker (444)
[2021.04.17-03.14.01:053][231]LogModuleManager: Shutting down and abandoning module Voice (442)
[2021.04.17-03.14.01:053][231]LogModuleManager: Shutting down and abandoning module AIModule (440)
[2021.04.17-03.14.01:053][231]LogModuleManager: Shutting down and abandoning module GameplayDebugger (439)
[2021.04.17-03.14.01:053][231]LogModuleManager: Shutting down and abandoning module AITestSuite (437)
[2021.04.17-03.14.01:053][231]LogModuleManager: Shutting down and abandoning module NavigationSystem (435)
[2021.04.17-03.14.01:054][231]LogModuleManager: Shutting down and abandoning module WmfMediaFactory (432)
[2021.04.17-03.14.01:054][231]LogModuleManager: Shutting down and abandoning module WebMMediaFactory (430)
[2021.04.17-03.14.01:054][231]LogModuleManager: Shutting down and abandoning module WebMMedia (428)
[2021.04.17-03.14.01:054][231]LogModuleManager: Shutting down and abandoning module OpenExrWrapper (426)
[2021.04.17-03.14.01:054][231]LogModuleManager: Shutting down and abandoning module ImgMediaFactory (424)
[2021.04.17-03.14.01:054][231]LogModuleManager: Shutting down and abandoning module AvfMediaFactory (422)
[2021.04.17-03.14.01:054][231]LogModuleManager: Shutting down and abandoning module MagicLeapMediaCodecFactory (420)
[2021.04.17-03.14.01:054][231]LogModuleManager: Shutting down and abandoning module MagicLeapMediaFactory (418)
[2021.04.17-03.14.01:054][231]LogModuleManager: Shutting down and abandoning module CharacterAI (416)
[2021.04.17-03.14.01:054][231]LogModuleManager: Shutting down and abandoning module SessionServices (414)
[2021.04.17-03.14.01:054][231]LogModuleManager: Shutting down and abandoning module MovieSceneCapture (412)
[2021.04.17-03.14.01:054][231]LogModuleManager: Shutting down and abandoning module LiveCoding (410)
[2021.04.17-03.14.01:054][231]LogModuleManager: Shutting down and abandoning module LevelSequence (408)
[2021.04.17-03.14.01:054][231]LogModuleManager: Shutting down and abandoning module MovieSceneTracks (406)
[2021.04.17-03.14.01:054][231]LogModuleManager: Shutting down and abandoning module MovieScene (404)
[2021.04.17-03.14.01:054][231]LogModuleManager: Shutting down and abandoning module StreamingPauseRendering (402)
[2021.04.17-03.14.01:054][231]LogModuleManager: Shutting down and abandoning module PortalServices (400)
[2021.04.17-03.14.01:054][231]LogModuleManager: Shutting down and abandoning module PortalRpc (398)
[2021.04.17-03.14.01:054][231]LogModuleManager: Shutting down and abandoning module MessagingRpc (396)
[2021.04.17-03.14.01:054][231]LogModuleManager: Shutting down and abandoning module AudioMixerXAudio2 (394)
[2021.04.17-03.14.01:054][231]LogModuleManager: Shutting down and abandoning module ImageWriteQueue (392)
[2021.04.17-03.14.01:056][231]LogModuleManager: Shutting down and abandoning module ProfilerService (390)
[2021.04.17-03.14.01:141][231]LogModuleManager: Shutting down and abandoning module TaskGraph (388)
[2021.04.17-03.14.01:141][231]LogModuleManager: Shutting down and abandoning module TestAIPlugin (386)
[2021.04.17-03.14.01:141][231]LogModuleManager: Shutting down and abandoning module ProceduralMeshComponent (384)
[2021.04.17-03.14.01:141][231]LogModuleManager: Shutting down and abandoning module MobilePatchingUtils (382)
[2021.04.17-03.14.01:141][231]LogModuleManager: Shutting down and abandoning module EditableMesh (380)
[2021.04.17-03.14.01:141][231]LogModuleManager: Shutting down and abandoning module CustomMeshComponent (378)
[2021.04.17-03.14.01:141][231]LogModuleManager: Shutting down and abandoning module CableComponent (376)
[2021.04.17-03.14.01:141][231]LogModuleManager: Shutting down and abandoning module AudioCapture (374)
[2021.04.17-03.14.01:141][231]LogModuleManager: Shutting down and abandoning module AudioCaptureRtAudio (373)
[2021.04.17-03.14.01:141][231]LogModuleManager: Shutting down and abandoning module AssetTags (370)
[2021.04.17-03.14.01:141][231]LogModuleManager: Shutting down and abandoning module ArchVisCharacter (368)
[2021.04.17-03.14.01:141][231]LogModuleManager: Shutting down and abandoning module AppleImageUtilsBlueprintSupport (366)
[2021.04.17-03.14.01:141][231]LogModuleManager: Shutting down and abandoning module AppleImageUtils (364)
[2021.04.17-03.14.01:141][231]LogModuleManager: Shutting down and abandoning module AndroidPermission (362)
[2021.04.17-03.14.01:141][231]LogModuleManager: Shutting down and abandoning module NUTUnrealEngine4 (360)
[2021.04.17-03.14.01:141][231]LogModuleManager: Shutting down and abandoning module NetcodeUnitTest (358)
[2021.04.17-03.14.01:141][231]LogModuleManager: Shutting down and abandoning module MediaCompositing (356)
[2021.04.17-03.14.01:141][231]LogModuleManager: Shutting down and abandoning module ImgMedia (354)
[2021.04.17-03.14.01:141][231]LogModuleManager: Shutting down and abandoning module MagicLeapHelperVulkan (352)
[2021.04.17-03.14.01:141][231]LogModuleManager: Shutting down and abandoning module MagicLeapHelperOpenGL (350)
[2021.04.17-03.14.01:141][231]LogModuleManager: Shutting down and abandoning module MagicLeapAudio (348)
[2021.04.17-03.14.01:141][231]LogModuleManager: Shutting down and abandoning module Landmass (346)
[2021.04.17-03.14.01:141][231]LogModuleManager: Shutting down and abandoning module GeometryCacheTracks (344)
[2021.04.17-03.14.01:141][231]LogModuleManager: Shutting down and abandoning module GeometryCacheSequencer (343)
[2021.04.17-03.14.01:141][231]LogModuleManager: Shutting down and abandoning module GeometryCache (340)
[2021.04.17-03.14.01:141][231]LogModuleManager: Shutting down and abandoning module GeometryCacheEd (339)
[2021.04.17-03.14.01:141][231]LogModuleManager: Shutting down and abandoning module BackChannel (336)
[2021.04.17-03.14.01:141][231]LogModuleManager: Shutting down and abandoning module AutomationUtils (334)
[2021.04.17-03.14.01:141][231]LogModuleManager: Shutting down and abandoning module VisualStudioSourceCodeAccess (332)
[2021.04.17-03.14.01:141][231]LogModuleManager: Shutting down and abandoning module HotReload (331)
[2021.04.17-03.14.01:142][231]LogModuleManager: Shutting down and abandoning module VisualStudioCodeSourceCodeAccess (328)
[2021.04.17-03.14.01:142][231]LogModuleManager: Shutting down and abandoning module UObjectPlugin (326)
[2021.04.17-03.14.01:142][231]LogModuleManager: Shutting down and abandoning module SubversionSourceControl (324)
[2021.04.17-03.14.01:142][231]LogModuleManager: Shutting down and abandoning module PerforceSourceControl (322)
[2021.04.17-03.14.01:142][231]LogModuleManager: Shutting down and abandoning module SourceControl (321)
[2021.04.17-03.14.01:142][231]LogModuleManager: Shutting down and abandoning module CLionSourceCodeAccess (318)
[2021.04.17-03.14.01:142][231]LogModuleManager: Shutting down and abandoning module ActorLayerUtilities (316)
[2021.04.17-03.14.01:142][231]LogModuleManager: Shutting down and abandoning module ManAtArms_Project (314)
[2021.04.17-03.14.01:142][231]LogModuleManager: Shutting down and abandoning module SignificanceManager (312)
[2021.04.17-03.14.01:142][231]LogModuleManager: Shutting down and abandoning module RuntimePhysXCooking (310)
[2021.04.17-03.14.01:142][231]LogModuleManager: Shutting down and abandoning module PhysXVehiclesEditor (308)
[2021.04.17-03.14.01:142][231]LogModuleManager: Shutting down and abandoning module LocationServicesBPLibrary (304)
[2021.04.17-03.14.01:142][231]LogModuleManager: Shutting down and abandoning module ApexDestructionEditor (302)
[2021.04.17-03.14.01:142][231]LogModuleManager: Shutting down and abandoning module ContentBrowser (301)
[2021.04.17-03.14.01:142][231]LogModuleManager: Shutting down and abandoning module CollectionManager (300)
[2021.04.17-03.14.01:142][231]LogModuleManager: Shutting down and abandoning module DirectoryWatcher (299)
[2021.04.17-03.14.01:142][231]LogModuleManager: Shutting down and abandoning module ApexDestruction (294)
[2021.04.17-03.14.01:142][231]LogModuleManager: Shutting down and abandoning module ActorSequence (292)
[2021.04.17-03.14.01:142][231]LogModuleManager: Shutting down and abandoning module UdpMessaging (290)
[2021.04.17-03.14.01:243][231]LogModuleManager: Shutting down and abandoning module TcpMessaging (288)
[2021.04.17-03.14.01:787][231]LogModuleManager: Shutting down and abandoning module MagicLeapPrivileges (286)
[2021.04.17-03.14.01:787][231]LogModuleManager: Shutting down and abandoning module MagicLeapPlanes (284)
[2021.04.17-03.14.01:787][231]LogMagicLeapPlanes: Planes tracker already destroyed.
[2021.04.17-03.14.01:788][231]LogModuleManager: Shutting down and abandoning module MagicLeapIdentity (282)
[2021.04.17-03.14.01:788][231]LogModuleManager: Shutting down and abandoning module MagicLeapSecureStorage (280)
[2021.04.17-03.14.01:788][231]LogModuleManager: Shutting down and abandoning module MagicLeapImageTracker (278)
[2021.04.17-03.14.01:788][231]LogModuleManager: Shutting down and abandoning module MagicLeapHandTracking (276)
[2021.04.17-03.14.01:788][231]LogModuleManager: Shutting down and abandoning module MagicLeapHandMeshing (274)
[2021.04.17-03.14.01:788][231]LogModuleManager: Shutting down and abandoning module MagicLeapEyeTracker (272)
[2021.04.17-03.14.01:788][231]LogModuleManager: Shutting down and abandoning module MagicLeapController (270)
[2021.04.17-03.14.01:788][231]LogSlate: Slate User Destroyed.  User Index 0, Is Virtual User: 0
[2021.04.17-03.14.01:788][231]LogModuleManager: Shutting down and abandoning module MagicLeapARPin (268)
[2021.04.17-03.14.01:788][231]LogModuleManager: Shutting down and abandoning module MagicLeapAR (266)
[2021.04.17-03.14.01:788][231]LogModuleManager: Shutting down and abandoning module AugmentedReality (265)
[2021.04.17-03.14.01:788][231]LogModuleManager: Shutting down and abandoning module NiagaraAnimNotifies (262)
[2021.04.17-03.14.01:788][231]LogModuleManager: Shutting down and abandoning module Niagara (260)
[2021.04.17-03.14.01:788][231]LogModuleManager: Shutting down and abandoning module NiagaraEditor (259)
[2021.04.17-03.14.01:788][231]LogModuleManager: Shutting down and abandoning module NiagaraCore (256)
[2021.04.17-03.14.01:788][231]LogModuleManager: Shutting down and abandoning module GameplayTagsEditor (254)
[2021.04.17-03.14.01:788][231]LogModuleManager: Shutting down and abandoning module FacialAnimation (252)
[2021.04.17-03.14.01:788][231]LogModuleManager: Shutting down and abandoning module AssetManagerEditor (250)
[2021.04.17-03.14.01:788][231]LogModuleManager: Shutting down and abandoning module TreeMap (249)
[2021.04.17-03.14.01:788][231]LogModuleManager: Shutting down and abandoning module AnimationSharing (246)
[2021.04.17-03.14.01:788][231]LogModuleManager: Shutting down and abandoning module LightPropagationVolumeRuntime (244)
[2021.04.17-03.14.01:788][231]LogModuleManager: Shutting down and abandoning module Paper2D (242)
[2021.04.17-03.14.01:788][231]LogModuleManager: Shutting down and abandoning module WindowsMoviePlayer (240)
[2021.04.17-03.14.01:789][231]LogModuleManager: Shutting down and abandoning module WebMMoviePlayer (238)
[2021.04.17-03.14.01:789][231]LogModuleManager: Shutting down and abandoning module NetworkReplayStreaming (236)
[2021.04.17-03.14.01:789][231]LogModuleManager: Shutting down and abandoning module PacketHandler (234)
[2021.04.17-03.14.01:789][231]LogModuleManager: Shutting down and abandoning module ClothingSystemEditor (232)
[2021.04.17-03.14.01:789][231]LogModuleManager: Shutting down and abandoning module ClothingSystemRuntimeNv (230)
[2021.04.17-03.14.01:789][231]LogModuleManager: Shutting down and abandoning module MediaAssets (228)
[2021.04.17-03.14.01:789][231]LogModuleManager: Shutting down and abandoning module Overlay (226)
[2021.04.17-03.14.01:789][231]LogModuleManager: Shutting down and abandoning module OverlayEditor (225)
[2021.04.17-03.14.01:790][231]LogModuleManager: Shutting down and abandoning module VREditor (222)
[2021.04.17-03.14.01:790][231]LogModuleManager: Shutting down and abandoning module StringTableEditor (220)
[2021.04.17-03.14.01:790][231]LogModuleManager: Shutting down and abandoning module GameplayTasksEditor (218)
[2021.04.17-03.14.01:790][231]LogModuleManager: Shutting down and abandoning module BehaviorTreeEditor (216)
[2021.04.17-03.14.01:790][231]LogModuleManager: Shutting down and abandoning module FunctionalTesting (214)
[2021.04.17-03.14.01:790][231]LogModuleManager: Shutting down and abandoning module CollisionAnalyzer (212)
[2021.04.17-03.14.01:790][231]LogModuleManager: Shutting down and abandoning module WorkspaceMenuStructure (211)
[2021.04.17-03.14.01:790][231]LogModuleManager: Shutting down and abandoning module UMG (208)
[2021.04.17-03.14.01:790][231]LogModuleManager: Shutting down and abandoning module UMGEditor (207)
[2021.04.17-03.14.01:790][231]LogModuleManager: Shutting down and abandoning module Sequencer (206)
[2021.04.17-03.14.01:790][231]LogModuleManager: Shutting down and abandoning module MessageLog (203)
[2021.04.17-03.14.01:790][231]LogModuleManager: Shutting down and abandoning module SlateReflector (198)
[2021.04.17-03.14.01:790][231]LogModuleManager: Shutting down and abandoning module Slate (196)
[2021.04.17-03.14.01:790][231]LogModuleManager: Shutting down and abandoning module SlateCore (194)
[2021.04.17-03.14.01:790][231]LogModuleManager: Shutting down and abandoning module LandscapeEditorUtilities (192)
[2021.04.17-03.14.01:790][231]LogModuleManager: Shutting down and abandoning module EditorStyle (190)
[2021.04.17-03.14.01:791][231]LogModuleManager: Shutting down and abandoning module UnrealEd (188)
[2021.04.17-03.14.01:791][231]LogModuleManager: Shutting down and abandoning module MRMesh (186)
[2021.04.17-03.14.01:791][231]LogModuleManager: Shutting down and abandoning module Messaging (184)
[2021.04.17-03.14.01:791][231]LogModuleManager: Shutting down and abandoning module SourceCodeAccess (182)
[2021.04.17-03.14.01:791][231]LogModuleManager: Shutting down and abandoning module HeadMountedDisplay (180)
[2021.04.17-03.14.01:791][231]LogModuleManager: Shutting down and abandoning module XAudio2 (178)
[2021.04.17-03.14.01:791][231]LogModuleManager: Shutting down and abandoning module Networking (176)
[2021.04.17-03.14.01:791][231]LogModuleManager: Shutting down and abandoning module Core (174)
[2021.04.17-03.14.01:791][231]LogModuleManager: Shutting down and abandoning module MovieSceneTools (172)
[2021.04.17-03.14.01:791][231]LogModuleManager: Shutting down and abandoning module KismetCompiler (170)
[2021.04.17-03.14.01:791][231]LogModuleManager: Shutting down and abandoning module MeshUtilities (168)
[2021.04.17-03.14.01:791][231]LogModuleManager: Shutting down and abandoning module MeshMergeUtilities (167)
[2021.04.17-03.14.01:791][231]LogModuleManager: Shutting down and abandoning module MeshReductionInterface (166)
[2021.04.17-03.14.01:791][231]LogModuleManager: Shutting down and abandoning module MeshBoneReduction (165)
[2021.04.17-03.14.01:791][231]LogModuleManager: Shutting down and abandoning module SkeletalMeshReduction (163)
[2021.04.17-03.14.01:791][231]LogModuleManager: Shutting down and abandoning module ProxyLODMeshReduction (161)
[2021.04.17-03.14.01:791][231]LogModuleManager: Shutting down and abandoning module QuadricMeshReduction (159)
[2021.04.17-03.14.01:791][231]LogModuleManager: Shutting down and abandoning module MaterialBaking (155)
[2021.04.17-03.14.01:791][231]LogModuleManager: Shutting down and abandoning module NullInstallBundleManager (150)
[2021.04.17-03.14.01:791][231]LogModuleManager: Shutting down and abandoning module PIEPreviewDeviceProfileSelector (148)
[2021.04.17-03.14.01:791][231]LogModuleManager: Shutting down and abandoning module DerivedDataCache (146)
[2021.04.17-03.14.01:791][231]LogDerivedDataCache: Shutdown
[2021.04.17-03.14.01:791][231]LogModuleManager: Shutting down and abandoning module XGEController (144)
[2021.04.17-03.14.01:791][231]LogModuleManager: Shutting down and abandoning module TargetPlatform (142)
[2021.04.17-03.14.01:791][231]LogModuleManager: Shutting down and abandoning module VulkanShaderFormat (141)
[2021.04.17-03.14.01:791][231]LogModuleManager: Shutting down and abandoning module ShaderFormatVectorVM (139)
[2021.04.17-03.14.01:791][231]LogModuleManager: Shutting down and abandoning module ShaderFormatOpenGL (137)
[2021.04.17-03.14.01:791][231]LogModuleManager: Shutting down and abandoning module ShaderFormatD3D (135)
[2021.04.17-03.14.01:791][231]LogModuleManager: Shutting down and abandoning module MetalShaderFormat (133)
[2021.04.17-03.14.01:791][231]LogModuleManager: Shutting down and abandoning module TextureFormatUncompressed (131)
[2021.04.17-03.14.01:791][231]LogModuleManager: Shutting down and abandoning module TextureFormatPVR (129)
[2021.04.17-03.14.01:791][231]LogModuleManager: Shutting down and abandoning module TextureFormatDXT (127)
[2021.04.17-03.14.01:791][231]LogModuleManager: Shutting down and abandoning module TextureFormatIntelISPCTexComp (125)
[2021.04.17-03.14.01:791][231]LogModuleManager: Shutting down and abandoning module TextureFormatASTC (123)
[2021.04.17-03.14.01:791][231]LogModuleManager: Shutting down and abandoning module ImageWrapper (122)
[2021.04.17-03.14.01:791][231]LogModuleManager: Shutting down and abandoning module TextureFormatAndroid (119)
[2021.04.17-03.14.01:791][231]LogModuleManager: Shutting down and abandoning module AudioFormatOpus (117)
[2021.04.17-03.14.01:791][231]LogModuleManager: Shutting down and abandoning module AudioFormatOgg (115)
[2021.04.17-03.14.01:791][231]LogModuleManager: Shutting down and abandoning module AudioFormatADPCM (113)
[2021.04.17-03.14.01:791][231]LogModuleManager: Shutting down and abandoning module WindowsServerTargetPlatform (111)
[2021.04.17-03.14.01:791][231]LogModuleManager: Shutting down and abandoning module WindowsClientTargetPlatform (109)
[2021.04.17-03.14.01:791][231]LogModuleManager: Shutting down and abandoning module WindowsTargetPlatform (107)
[2021.04.17-03.14.01:791][231]LogModuleManager: Shutting down and abandoning module WindowsNoEditorTargetPlatform (105)
[2021.04.17-03.14.01:791][231]LogModuleManager: Shutting down and abandoning module D3D12RHI (102)
[2021.04.17-03.14.01:791][231]LogModuleManager: Shutting down and abandoning module InputCore (100)
[2021.04.17-03.14.01:791][231]LogModuleManager: Shutting down and abandoning module Settings (98)
[2021.04.17-03.14.01:791][231]LogModuleManager: Shutting down and abandoning module PhysXCooking (96)
[2021.04.17-03.14.01:791][231]LogModuleManager: Shutting down and abandoning module ChaosSolvers (94)
[2021.04.17-03.14.01:791][231]LogModuleManager: Shutting down and abandoning module FieldSystemEngine (93)
[2021.04.17-03.14.01:791][231]LogModuleManager: Shutting down and abandoning module Chaos (90)
[2021.04.17-03.14.01:791][231]LogModuleManager: Shutting down and abandoning module WindowsPlatformFeatures (88)
[2021.04.17-03.14.01:792][231]LogModuleManager: Shutting down and abandoning module GameplayMediaEncoder (87)
[2021.04.17-03.14.01:792][231]LogModuleManager: Shutting down and abandoning module ExampleDeviceProfileSelector (84)
[2021.04.17-03.14.01:792][231]LogModuleManager: Shutting down and abandoning module LauncherChunkInstaller (82)
[2021.04.17-03.14.01:792][231]LogModuleManager: Shutting down and abandoning module OnlineBlueprintSupport (80)
[2021.04.17-03.14.01:792][231]LogModuleManager: Shutting down and abandoning module OnlineSubsystem (76)
[2021.04.17-03.14.01:792][231]LogModuleManager: Shutting down and abandoning module XMPP (71)
[2021.04.17-03.14.01:792][231]LogModuleManager: Shutting down and abandoning module WebSockets (70)
[2021.04.17-03.14.01:813][231]LogModuleManager: Shutting down and abandoning module HTTP (67)
[2021.04.17-03.14.01:842][231]LogModuleManager: Shutting down and abandoning module SSL (66)
[2021.04.17-03.14.01:844][231]LogModuleManager: Shutting down and abandoning module WmfMedia (62)
[2021.04.17-03.14.01:845][231]LogModuleManager: Shutting down and abandoning module Media (61)
[2021.04.17-03.14.01:846][231]LogModuleManager: Shutting down and abandoning module MagicLeap (58)
[2021.04.17-03.14.01:846][231]LogModuleManager: Shutting down and abandoning module NiagaraVertexFactories (56)
[2021.04.17-03.14.01:846][231]LogModuleManager: Shutting down and abandoning module NiagaraShader (54)
[2021.04.17-03.14.01:846][231]LogModuleManager: Shutting down and abandoning module VariantManagerContent (52)
[2021.04.17-03.14.01:846][231]LogModuleManager: Shutting down and abandoning module DatasmithContent (50)
[2021.04.17-03.14.01:846][231]LogModuleManager: Shutting down and abandoning module AISupportModule (48)
[2021.04.17-03.14.01:846][231]LogModuleManager: Shutting down and abandoning module DesktopPlatform (46)
[2021.04.17-03.14.01:846][231]LogModuleManager: Shutting down and abandoning module PlatformCryptoOpenSSL (44)
[2021.04.17-03.14.01:846][231]LogModuleManager: Shutting down and abandoning module PlatformCryptoTypes (42)
[2021.04.17-03.14.01:846][231]LogModuleManager: Shutting down and abandoning module PlatformCrypto (40)
[2021.04.17-03.14.01:846][231]LogModuleManager: Shutting down and abandoning module AnimationModifiers (38)
[2021.04.17-03.14.01:846][231]LogModuleManager: Shutting down and abandoning module PropertyEditor (37)
[2021.04.17-03.14.01:846][231]LogModuleManager: Shutting down and abandoning module AudioEditor (34)
[2021.04.17-03.14.01:846][231]LogModuleManager: Shutting down and abandoning module TextureCompressor (32)
[2021.04.17-03.14.01:846][231]LogModuleManager: Shutting down and abandoning module RenderCore (30)
[2021.04.17-03.14.01:846][231]LogModuleManager: Shutting down and abandoning module Landscape (28)
[2021.04.17-03.14.01:846][231]LogModuleManager: Shutting down and abandoning module SlateRHIRenderer (26)
[2021.04.17-03.14.01:847][231]LogModuleManager: Shutting down and abandoning module OpenGLDrv (24)
[2021.04.17-03.14.01:847][231]LogModuleManager: Shutting down and abandoning module D3D11RHI (22)
[2021.04.17-03.14.01:847][231]LogModuleManager: Shutting down and abandoning module AnimGraphRuntime (20)
[2021.04.17-03.14.01:847][231]LogModuleManager: Shutting down and abandoning module Renderer (18)
[2021.04.17-03.14.01:847][231]LogModuleManager: Shutting down and abandoning module Engine (16)
[2021.04.17-03.14.01:847][231]LogModuleManager: Shutting down and abandoning module CoreUObject (14)
[2021.04.17-03.14.01:847][231]LogModuleManager: Shutting down and abandoning module NetworkFile (12)
[2021.04.17-03.14.01:847][231]LogModuleManager: Shutting down and abandoning module CookedIterativeFile (10)
[2021.04.17-03.14.01:847][231]LogModuleManager: Shutting down and abandoning module StreamingFile (8)
[2021.04.17-03.14.01:847][231]LogModuleManager: Shutting down and abandoning module SandboxFile (6)
[2021.04.17-03.14.01:847][231]LogModuleManager: Shutting down and abandoning module PakFile (4)
[2021.04.17-03.14.01:847][231]LogModuleManager: Shutting down and abandoning module RSA (3)
[2021.04.17-03.14.01:909][231]LogD3D12RHI: ~FD3D12DynamicRHI
[2021.04.17-03.14.01:920][231]LogExit: Exiting.
[2021.04.17-03.14.01:984][231]Log file closed, 04/16/21 23:14:01
