Log file open, 04/16/21 18:20:27
LogWindows: Failed to load 'aqProf.dll' (GetLastError=126)
LogWindows: File 'aqProf.dll' does not exist
LogWindows: Failed to load 'VtuneApi.dll' (GetLastError=126)
LogWindows: File 'VtuneApi.dll' does not exist
LogWindows: Failed to load 'VtuneApi32e.dll' (GetLastError=126)
LogWindows: File 'VtuneApi32e.dll' does not exist
LogConsoleResponse: Display: Failed to find resolution value strings in scalability ini. Falling back to default.
LogInit: Display: Running engine for game: ManAtArms_Project
LogPlatformFile: Not using cached read wrapper
LogTaskGraph: Started task graph with 5 named threads and 47 total threads with 3 sets of task threads.
LogStats: Stats thread started at 0.079631
LogD3D11RHI: Loaded GFSDK_Aftermath_Lib.x64.dll
LogICUInternationalization: ICU TimeZone Detection - Raw Offset: -5:00, Platform Override: ''
LogPluginManager: Mounting plugin Paper2D
LogPluginManager: Mounting plugin AISupport
LogPluginManager: Mounting plugin LightPropagationVolume
LogPluginManager: Mounting plugin ActorLayerUtilities
LogPluginManager: Mounting plugin AnimationSharing
LogPluginManager: Mounting plugin CLionSourceCodeAccess
LogPluginManager: Mounting plugin CodeLiteSourceCodeAccess
LogPluginManager: Mounting plugin GitSourceControl
LogPluginManager: Mounting plugin KDevelopSourceCodeAccess
LogPluginManager: Mounting plugin NullSourceCodeAccess
LogPluginManager: Mounting plugin PerforceSourceControl
LogPluginManager: Mounting plugin PlasticSourceControl
LogPluginManager: Mounting plugin SubversionSourceControl
LogPluginManager: Mounting plugin UObjectPlugin
LogPluginManager: Mounting plugin VisualStudioCodeSourceCodeAccess
LogPluginManager: Mounting plugin VisualStudioSourceCodeAccess
LogPluginManager: Mounting plugin XCodeSourceCodeAccess
LogPluginManager: Mounting plugin AssetManagerEditor
LogPluginManager: Mounting plugin CryptoKeys
LogPluginManager: Mounting plugin CurveEditorTools
LogPluginManager: Mounting plugin DataValidation
LogPluginManager: Mounting plugin FacialAnimation
LogPluginManager: Mounting plugin GameplayTagsEditor
LogPluginManager: Mounting plugin MacGraphicsSwitching
LogPluginManager: Mounting plugin MaterialAnalyzer
LogPluginManager: Mounting plugin MobileLauncherProfileWizard
LogPluginManager: Mounting plugin PluginBrowser
LogPluginManager: Mounting plugin SpeedTreeImporter
LogPluginManager: Mounting plugin DatasmithContent
LogPluginManager: Mounting plugin VariantManagerContent
LogPluginManager: Mounting plugin AlembicImporter
LogPluginManager: Mounting plugin AutomationUtils
LogPluginManager: Mounting plugin BackChannel
LogPluginManager: Mounting plugin CharacterAI
LogPluginManager: Mounting plugin GeometryCache
LogPluginManager: Mounting plugin Landmass
LogPluginManager: Mounting plugin PlatformCrypto
LogPluginManager: Mounting plugin ProxyLODPlugin
LogPluginManager: Mounting plugin SkeletalReduction
LogPluginManager: Mounting plugin MagicLeap
LogPluginManager: Mounting plugin MagicLeapMedia
LogPluginManager: Mounting plugin MLSDK
LogPluginManager: Mounting plugin AndroidMedia
LogPluginManager: Mounting plugin AvfMedia
LogPluginManager: Mounting plugin ImgMedia
LogPluginManager: Mounting plugin MediaCompositing
LogPluginManager: Mounting plugin MediaPlayerEditor
LogPluginManager: Mounting plugin WebMMedia
LogPluginManager: Mounting plugin WmfMedia
LogPluginManager: Mounting plugin TcpMessaging
LogPluginManager: Mounting plugin UdpMessaging
LogPluginManager: Mounting plugin ActorSequence
LogPluginManager: Mounting plugin LevelSequenceEditor
LogPluginManager: Mounting plugin MatineeToLevelSequence
LogPluginManager: Mounting plugin NetcodeUnitTest
LogPluginManager: Mounting plugin NUTUnrealEngine4
LogPluginManager: Mounting plugin OnlineSubsystemGooglePlay
LogPluginManager: Mounting plugin OnlineSubsystemIOS
LogPluginManager: Mounting plugin OnlineSubsystem
LogPluginManager: Mounting plugin OnlineSubsystemNull
LogPluginManager: Mounting plugin OnlineSubsystemUtils
LogPluginManager: Mounting plugin LauncherChunkInstaller
LogPluginManager: Mounting plugin HoudiniEngine
LogPluginManager: Mounting plugin AndroidDeviceProfileSelector
LogPluginManager: Mounting plugin AndroidMoviePlayer
LogPluginManager: Mounting plugin AndroidPermission
LogPluginManager: Mounting plugin ApexDestruction
LogPluginManager: Mounting plugin AppleImageUtils
LogPluginManager: Mounting plugin AppleMoviePlayer
LogPluginManager: Mounting plugin ArchVisCharacter
LogPluginManager: Mounting plugin AssetTags
LogPluginManager: Mounting plugin AudioCapture
LogPluginManager: Mounting plugin CableComponent
LogPluginManager: Mounting plugin CustomMeshComponent
LogPluginManager: Mounting plugin EditableMesh
LogPluginManager: Mounting plugin ExampleDeviceProfileSelector
LogPluginManager: Mounting plugin GoogleCloudMessaging
LogPluginManager: Mounting plugin IOSDeviceProfileSelector
LogPluginManager: Mounting plugin LinuxDeviceProfileSelector
LogPluginManager: Mounting plugin LocationServicesBPLibrary
LogPluginManager: Mounting plugin MobilePatchingUtils
LogPluginManager: Mounting plugin PhysXVehicles
LogPluginManager: Mounting plugin PostSplashScreen
LogPluginManager: Mounting plugin ProceduralMeshComponent
LogPluginManager: Mounting plugin RuntimePhysXCooking
LogPluginManager: Mounting plugin SignificanceManager
LogPluginManager: Mounting plugin WebMMoviePlayer
LogPluginManager: Mounting plugin WindowsMoviePlayer
LogPluginManager: Mounting plugin ScreenshotTools
LogPluginManager: Mounting plugin TestAIPlugin
LogInit: Using libcurl 7.55.1-DEV
LogInit:  - built for x86_64-pc-win32
LogInit:  - supports SSL with OpenSSL/1.1.1
LogInit:  - supports HTTP deflate (compression) using libz 1.2.8
LogInit:  - other features:
LogInit:      CURL_VERSION_SSL
LogInit:      CURL_VERSION_LIBZ
LogInit:      CURL_VERSION_IPV6
LogInit:      CURL_VERSION_ASYNCHDNS
LogInit:      CURL_VERSION_LARGEFILE
LogInit:      CURL_VERSION_IDN
LogInit:  CurlRequestOptions (configurable via config and command line):
LogInit:  - bVerifyPeer = true  - Libcurl will verify peer certificate
LogInit:  - bUseHttpProxy = false  - Libcurl will NOT use HTTP proxy
LogInit:  - bDontReuseConnections = false  - Libcurl will reuse connections
LogInit:  - MaxHostConnections = 16  - Libcurl will limit the number of connections to a host
LogInit:  - LocalHostAddr = Default
LogInit:  - BufferSize = 65536
LogOnline: OSS: Creating online subsystem instance for: NULL
LogInit: WinSock: version 1.1 (2.2), MaxSocks=32767, MaxUdp=65467
LogOnline: OSS: TryLoadSubsystemAndSetDefault: Loaded subsystem for module [NULL]
LogInit: Build: ++UE4+Release-4.24-CL-11590370
LogInit: Engine Version: 4.24.3-11590370+++UE4+Release-4.24
LogInit: Compatible Engine Version: 4.24.0-10570792+++UE4+Release-4.24
LogInit: Net CL: 10570792
LogInit: OS: Windows 10 (Release 2004) (), CPU: AMD Ryzen 7 3700X 8-Core Processor             , GPU: NVIDIA GeForce RTX 2070 SUPER
LogInit: Compiled (64-bit): Feb 24 2020 15:39:18
LogInit: Compiled with Visual C++: 19.16.27032.01
LogInit: Build Configuration: Development
LogInit: Branch Name: ++UE4+Release-4.24
LogInit: Command Line: 
LogInit: Base Directory: Z:/UE_4.24/Engine/Binaries/Win64/
LogInit: Installed Engine Build: 1
LogDevObjectVersion: Number of dev versions registered: 25
LogDevObjectVersion:   Dev-Blueprints (B0D832E4-1F89-4F0D-ACCF-7EB736FD4AA2): 10
LogDevObjectVersion:   Dev-Build (E1C64328-A22C-4D53-A36C-8E866417BD8C): 0
LogDevObjectVersion:   Dev-Core (375EC13C-06E4-48FB-B500-84F0262A717E): 3
LogDevObjectVersion:   Dev-Editor (E4B068ED-F494-42E9-A231-DA0B2E46BB41): 37
LogDevObjectVersion:   Dev-Framework (CFFC743F-43B0-4480-9391-14DF171D2073): 36
LogDevObjectVersion:   Dev-Mobile (B02B49B5-BB20-44E9-A304-32B752E40360): 2
LogDevObjectVersion:   Dev-Networking (A4E4105C-59A1-49B5-A7C5-40C4547EDFEE): 0
LogDevObjectVersion:   Dev-Online (39C831C9-5AE6-47DC-9A44-9C173E1C8E7C): 0
LogDevObjectVersion:   Dev-Physics (78F01B33-EBEA-4F98-B9B4-84EACCB95AA2): 2
LogDevObjectVersion:   Dev-Platform (6631380F-2D4D-43E0-8009-CF276956A95A): 0
LogDevObjectVersion:   Dev-Rendering (12F88B9F-8875-4AFC-A67C-D90C383ABD29): 36
LogDevObjectVersion:   Dev-Sequencer (7B5AE74C-D270-4C10-A958-57980B212A5A): 11
LogDevObjectVersion:   Dev-VR (D7296918-1DD6-4BDD-9DE2-64A83CC13884): 2
LogDevObjectVersion:   Dev-LoadTimes (C2A15278-BFE7-4AFE-6C17-90FF531DF755): 1
LogDevObjectVersion:   Private-Geometry (6EACA3D4-40EC-4CC1-B786-8BED09428FC5): 3
LogDevObjectVersion:   Dev-AnimPhys (29E575DD-E0A3-4627-9D10-D276232CDCEA): 17
LogDevObjectVersion:   Dev-Anim (AF43A65D-7FD3-4947-9873-3E8ED9C1BB05): 2
LogDevObjectVersion:   Dev-ReflectionCapture (6B266CEC-1EC7-4B8F-A30B-E4D90942FC07): 1
LogDevObjectVersion:   Dev-Automation (0DF73D61-A23F-47EA-B727-89E90C41499A): 1
LogDevObjectVersion:   FortniteMain (601D1886-AC64-4F84-AA16-D3DE0DEAC7D6): 31
LogDevObjectVersion:   Dev-Enterprise (9DFFBCD6-494F-0158-E221-12823C92A888): 8
LogDevObjectVersion:   Dev-Niagara (F2AED0AC-9AFE-416F-8664-AA7FFA26D6FC): 1
LogDevObjectVersion:   Dev-Destruction (174F1F0B-B4C6-45A5-B13F-2EE8D0FB917D): 9
LogDevObjectVersion:   Dev-Physics-Ext (35F94A83-E258-406C-A318-09F59610247C): 8
LogDevObjectVersion:   Dev-CineCamera (B2E18506-4273-CFC2-A54E-F4BB758BBA07): 1
LogInit: Presizing for max 25165824 objects, including 0 objects not considered by GC, pre-allocating 0 bytes for permanent pool.
LogInit: Object subsystem initialized
LogConfig: Setting CVar [[con.DebugEarlyDefault:1]]
LogConfig: Setting CVar [[r.setres:1280x720]]
[2021.04.16-22.20.27:686][  0]LogConfig: Setting CVar [[r.VSync:0]]
[2021.04.16-22.20.27:686][  0]LogConfig: Setting CVar [[r.RHICmdBypass:0]]
[2021.04.16-22.20.27:686][  0]LogConfig: Applying CVar settings from Section [/Script/Engine.RendererSettings] File [Z:/GitHub/ManAtArms/ManAtArms_Project/Saved/Config/Windows/Engine.ini]
[2021.04.16-22.20.27:686][  0]LogConfig: Setting CVar [[r.GPUCrashDebugging:0]]
[2021.04.16-22.20.27:686][  0]LogConfig: Setting CVar [[r.SkinCache.CompileShaders:1]]
[2021.04.16-22.20.27:686][  0]LogConfig: Setting CVar [[r.RayTracing:0]]
[2021.04.16-22.20.27:686][  0]LogConfig: Applying CVar settings from Section [/Script/Engine.RendererOverrideSettings] File [Z:/GitHub/ManAtArms/ManAtArms_Project/Saved/Config/Windows/Engine.ini]
[2021.04.16-22.20.27:687][  0]LogConfig: Applying CVar settings from Section [/Script/Engine.StreamingSettings] File [Z:/GitHub/ManAtArms/ManAtArms_Project/Saved/Config/Windows/Engine.ini]
[2021.04.16-22.20.27:687][  0]LogConfig: Setting CVar [[s.MinBulkDataSizeForAsyncLoading:131072]]
[2021.04.16-22.20.27:687][  0]LogConfig: Setting CVar [[s.AsyncLoadingThreadEnabled:0]]
[2021.04.16-22.20.27:687][  0]LogConfig: Setting CVar [[s.EventDrivenLoaderEnabled:1]]
[2021.04.16-22.20.27:687][  0]LogConfig: Setting CVar [[s.WarnIfTimeLimitExceeded:0]]
[2021.04.16-22.20.27:687][  0]LogConfig: Setting CVar [[s.TimeLimitExceededMultiplier:1.5]]
[2021.04.16-22.20.27:687][  0]LogConfig: Setting CVar [[s.TimeLimitExceededMinTime:0.005]]
[2021.04.16-22.20.27:687][  0]LogConfig: Setting CVar [[s.UseBackgroundLevelStreaming:1]]
[2021.04.16-22.20.27:687][  0]LogConfig: Setting CVar [[s.PriorityAsyncLoadingExtraTime:15.0]]
[2021.04.16-22.20.27:687][  0]LogConfig: Setting CVar [[s.LevelStreamingActorsUpdateTimeLimit:5.0]]
[2021.04.16-22.20.27:687][  0]LogConfig: Setting CVar [[s.PriorityLevelStreamingActorsUpdateExtraTime:5.0]]
[2021.04.16-22.20.27:687][  0]LogConfig: Setting CVar [[s.LevelStreamingComponentsRegistrationGranularity:10]]
[2021.04.16-22.20.27:687][  0]LogConfig: Setting CVar [[s.UnregisterComponentsTimeLimit:1.0]]
[2021.04.16-22.20.27:687][  0]LogConfig: Setting CVar [[s.LevelStreamingComponentsUnregistrationGranularity:5]]
[2021.04.16-22.20.27:687][  0]LogConfig: Setting CVar [[s.FlushStreamingOnExit:1]]
[2021.04.16-22.20.27:687][  0]LogConfig: Applying CVar settings from Section [/Script/Engine.GarbageCollectionSettings] File [Z:/GitHub/ManAtArms/ManAtArms_Project/Saved/Config/Windows/Engine.ini]
[2021.04.16-22.20.27:687][  0]LogConfig: Setting CVar [[gc.MaxObjectsNotConsideredByGC:1]]
[2021.04.16-22.20.27:687][  0]LogConfig: Setting CVar [[gc.SizeOfPermanentObjectPool:0]]
[2021.04.16-22.20.27:687][  0]LogConfig: Setting CVar [[gc.FlushStreamingOnGC:0]]
[2021.04.16-22.20.27:687][  0]LogConfig: Setting CVar [[gc.NumRetriesBeforeForcingGC:10]]
[2021.04.16-22.20.27:687][  0]LogConfig: Setting CVar [[gc.AllowParallelGC:1]]
[2021.04.16-22.20.27:687][  0]LogConfig: Setting CVar [[gc.TimeBetweenPurgingPendingKillObjects:61.1]]
[2021.04.16-22.20.27:687][  0]LogConfig: Setting CVar [[gc.MaxObjectsInEditor:25165824]]
[2021.04.16-22.20.27:687][  0]LogConfig: Setting CVar [[gc.IncrementalBeginDestroyEnabled:1]]
[2021.04.16-22.20.27:687][  0]LogConfig: Setting CVar [[gc.CreateGCClusters:1]]
[2021.04.16-22.20.27:687][  0]LogConfig: Setting CVar [[gc.MinGCClusterSize:5]]
[2021.04.16-22.20.27:687][  0]LogConfig: Setting CVar [[gc.ActorClusteringEnabled:0]]
[2021.04.16-22.20.27:687][  0]LogConfig: Setting CVar [[gc.BlueprintClusteringEnabled:0]]
[2021.04.16-22.20.27:687][  0]LogConfig: Setting CVar [[gc.UseDisregardForGCOnDedicatedServers:0]]
[2021.04.16-22.20.27:687][  0]LogConfig: Applying CVar settings from Section [/Script/Engine.NetworkSettings] File [Z:/GitHub/ManAtArms/ManAtArms_Project/Saved/Config/Windows/Engine.ini]
[2021.04.16-22.20.27:687][  0]LogConfig: Applying CVar settings from Section [/Script/UnrealEd.CookerSettings] File [Z:/GitHub/ManAtArms/ManAtArms_Project/Saved/Config/Windows/Engine.ini]
[2021.04.16-22.20.27:691][  0]LogConfig: Applying CVar settings from Section [ViewDistanceQuality@3] File [Z:/GitHub/ManAtArms/ManAtArms_Project/Saved/Config/Windows/Scalability.ini]
[2021.04.16-22.20.27:691][  0]LogConfig: Setting CVar [[r.SkeletalMeshLODBias:0]]
[2021.04.16-22.20.27:691][  0]LogConfig: Setting CVar [[r.ViewDistanceScale:1.0]]
[2021.04.16-22.20.27:691][  0]LogConfig: Applying CVar settings from Section [AntiAliasingQuality@3] File [Z:/GitHub/ManAtArms/ManAtArms_Project/Saved/Config/Windows/Scalability.ini]
[2021.04.16-22.20.27:691][  0]LogConfig: Setting CVar [[r.PostProcessAAQuality:4]]
[2021.04.16-22.20.27:691][  0]LogConfig: Applying CVar settings from Section [ShadowQuality@3] File [Z:/GitHub/ManAtArms/ManAtArms_Project/Saved/Config/Windows/Scalability.ini]
[2021.04.16-22.20.27:691][  0]LogConfig: Setting CVar [[r.LightFunctionQuality:1]]
[2021.04.16-22.20.27:691][  0]LogConfig: Setting CVar [[r.ShadowQuality:5]]
[2021.04.16-22.20.27:691][  0]LogConfig: Setting CVar [[r.Shadow.CSM.MaxCascades:10]]
[2021.04.16-22.20.27:691][  0]LogConfig: Setting CVar [[r.Shadow.MaxResolution:2048]]
[2021.04.16-22.20.27:691][  0]LogConfig: Setting CVar [[r.Shadow.MaxCSMResolution:2048]]
[2021.04.16-22.20.27:691][  0]LogConfig: Setting CVar [[r.Shadow.RadiusThreshold:0.01]]
[2021.04.16-22.20.27:691][  0]LogConfig: Setting CVar [[r.Shadow.DistanceScale:1.0]]
[2021.04.16-22.20.27:691][  0]LogConfig: Setting CVar [[r.Shadow.CSM.TransitionScale:1.0]]
[2021.04.16-22.20.27:691][  0]LogConfig: Setting CVar [[r.Shadow.PreShadowResolutionFactor:1.0]]
[2021.04.16-22.20.27:691][  0]LogConfig: Setting CVar [[r.DistanceFieldShadowing:1]]
[2021.04.16-22.20.27:691][  0]LogConfig: Setting CVar [[r.DistanceFieldAO:1]]
[2021.04.16-22.20.27:691][  0]LogConfig: Setting CVar [[r.AOQuality:2]]
[2021.04.16-22.20.27:691][  0]LogConfig: Setting CVar [[r.VolumetricFog:1]]
[2021.04.16-22.20.27:691][  0]LogConfig: Setting CVar [[r.VolumetricFog.GridPixelSize:8]]
[2021.04.16-22.20.27:691][  0]LogConfig: Setting CVar [[r.VolumetricFog.GridSizeZ:128]]
[2021.04.16-22.20.27:691][  0]LogConfig: Setting CVar [[r.VolumetricFog.HistoryMissSupersampleCount:4]]
[2021.04.16-22.20.27:691][  0]LogConfig: Setting CVar [[r.LightMaxDrawDistanceScale:1]]
[2021.04.16-22.20.27:691][  0]LogConfig: Setting CVar [[r.CapsuleShadows:1]]
[2021.04.16-22.20.27:691][  0]LogConfig: Applying CVar settings from Section [PostProcessQuality@3] File [Z:/GitHub/ManAtArms/ManAtArms_Project/Saved/Config/Windows/Scalability.ini]
[2021.04.16-22.20.27:691][  0]LogConfig: Setting CVar [[r.MotionBlurQuality:4]]
[2021.04.16-22.20.27:691][  0]LogConfig: Setting CVar [[r.AmbientOcclusionMipLevelFactor:0.4]]
[2021.04.16-22.20.27:691][  0]LogConfig: Setting CVar [[r.AmbientOcclusionMaxQuality:100]]
[2021.04.16-22.20.27:691][  0]LogConfig: Setting CVar [[r.AmbientOcclusionLevels:-1]]
[2021.04.16-22.20.27:691][  0]LogConfig: Setting CVar [[r.AmbientOcclusionRadiusScale:1.0]]
[2021.04.16-22.20.27:691][  0]LogConfig: Setting CVar [[r.DepthOfFieldQuality:2]]
[2021.04.16-22.20.27:691][  0]LogConfig: Setting CVar [[r.RenderTargetPoolMin:400]]
[2021.04.16-22.20.27:691][  0]LogConfig: Setting CVar [[r.LensFlareQuality:2]]
[2021.04.16-22.20.27:691][  0]LogConfig: Setting CVar [[r.SceneColorFringeQuality:1]]
[2021.04.16-22.20.27:691][  0]LogConfig: Setting CVar [[r.EyeAdaptationQuality:2]]
[2021.04.16-22.20.27:691][  0]LogConfig: Setting CVar [[r.BloomQuality:5]]
[2021.04.16-22.20.27:691][  0]LogConfig: Setting CVar [[r.FastBlurThreshold:100]]
[2021.04.16-22.20.27:691][  0]LogConfig: Setting CVar [[r.Upscale.Quality:3]]
[2021.04.16-22.20.27:691][  0]LogConfig: Setting CVar [[r.Tonemapper.GrainQuantization:1]]
[2021.04.16-22.20.27:691][  0]LogConfig: Setting CVar [[r.LightShaftQuality:1]]
[2021.04.16-22.20.27:691][  0]LogConfig: Setting CVar [[r.Filter.SizeScale:1]]
[2021.04.16-22.20.27:691][  0]LogConfig: Setting CVar [[r.Tonemapper.Quality:5]]
[2021.04.16-22.20.27:692][  0]LogConfig: Setting CVar [[r.DOF.Gather.AccumulatorQuality:1        ; higher gathering accumulator quality]]
[2021.04.16-22.20.27:692][  0]LogConfig: Setting CVar [[r.DOF.Gather.PostfilterMethod:1          ; Median3x3 postfilering method]]
[2021.04.16-22.20.27:692][  0]LogConfig: Setting CVar [[r.DOF.Gather.EnableBokehSettings:0       ; no bokeh simulation when gathering]]
[2021.04.16-22.20.27:692][  0]LogConfig: Setting CVar [[r.DOF.Gather.RingCount:4                 ; medium number of samples when gathering]]
[2021.04.16-22.20.27:692][  0]LogConfig: Setting CVar [[r.DOF.Scatter.ForegroundCompositing:1    ; additive foreground scattering]]
[2021.04.16-22.20.27:692][  0]LogConfig: Setting CVar [[r.DOF.Scatter.BackgroundCompositing:2    ; additive background scattering]]
[2021.04.16-22.20.27:692][  0]LogConfig: Setting CVar [[r.DOF.Scatter.EnableBokehSettings:1      ; bokeh simulation when scattering]]
[2021.04.16-22.20.27:692][  0]LogConfig: Setting CVar [[r.DOF.Scatter.MaxSpriteRatio:0.1         ; only a maximum of 10% of scattered bokeh]]
[2021.04.16-22.20.27:692][  0]LogConfig: Setting CVar [[r.DOF.Recombine.Quality:1                ; cheap slight out of focus]]
[2021.04.16-22.20.27:692][  0]LogConfig: Setting CVar [[r.DOF.Recombine.EnableBokehSettings:0    ; no bokeh simulation on slight out of focus]]
[2021.04.16-22.20.27:692][  0]LogConfig: Setting CVar [[r.DOF.TemporalAAQuality:1                ; more stable temporal accumulation]]
[2021.04.16-22.20.27:692][  0]LogConfig: Setting CVar [[r.DOF.Kernel.MaxForegroundRadius:0.025]]
[2021.04.16-22.20.27:692][  0]LogConfig: Setting CVar [[r.DOF.Kernel.MaxBackgroundRadius:0.025]]
[2021.04.16-22.20.27:692][  0]LogConfig: Applying CVar settings from Section [TextureQuality@3] File [Z:/GitHub/ManAtArms/ManAtArms_Project/Saved/Config/Windows/Scalability.ini]
[2021.04.16-22.20.27:692][  0]LogConfig: Setting CVar [[r.Streaming.MipBias:0]]
[2021.04.16-22.20.27:692][  0]LogConfig: Setting CVar [[r.Streaming.AmortizeCPUToGPUCopy:0]]
[2021.04.16-22.20.27:692][  0]LogConfig: Setting CVar [[r.Streaming.MaxNumTexturesToStreamPerFrame:0]]
[2021.04.16-22.20.27:692][  0]LogConfig: Setting CVar [[r.Streaming.Boost:1]]
[2021.04.16-22.20.27:692][  0]LogConfig: Setting CVar [[r.MaxAnisotropy:8]]
[2021.04.16-22.20.27:692][  0]LogConfig: Setting CVar [[r.VT.MaxAnisotropy:8]]
[2021.04.16-22.20.27:692][  0]LogConfig: Setting CVar [[r.Streaming.LimitPoolSizeToVRAM:0]]
[2021.04.16-22.20.27:692][  0]LogConfig: Setting CVar [[r.Streaming.PoolSize:1000]]
[2021.04.16-22.20.27:692][  0]LogConfig: Setting CVar [[r.Streaming.MaxEffectiveScreenSize:0]]
[2021.04.16-22.20.27:692][  0]LogConfig: Applying CVar settings from Section [EffectsQuality@3] File [Z:/GitHub/ManAtArms/ManAtArms_Project/Saved/Config/Windows/Scalability.ini]
[2021.04.16-22.20.27:692][  0]LogConfig: Setting CVar [[r.TranslucencyLightingVolumeDim:64]]
[2021.04.16-22.20.27:692][  0]LogConfig: Setting CVar [[r.RefractionQuality:2]]
[2021.04.16-22.20.27:692][  0]LogConfig: Setting CVar [[r.SSR.Quality:3]]
[2021.04.16-22.20.27:692][  0]LogConfig: Setting CVar [[r.SSR.HalfResSceneColor:0]]
[2021.04.16-22.20.27:692][  0]LogConfig: Setting CVar [[r.SceneColorFormat:4]]
[2021.04.16-22.20.27:692][  0]LogConfig: Setting CVar [[r.DetailMode:2]]
[2021.04.16-22.20.27:692][  0]LogConfig: Setting CVar [[r.TranslucencyVolumeBlur:1]]
[2021.04.16-22.20.27:692][  0]LogConfig: Setting CVar [[r.MaterialQualityLevel:1 ; High quality]]
[2021.04.16-22.20.27:692][  0]LogConfig: Setting CVar [[r.SSS.Scale:1]]
[2021.04.16-22.20.27:692][  0]LogConfig: Setting CVar [[r.SSS.SampleSet:2]]
[2021.04.16-22.20.27:692][  0]LogConfig: Setting CVar [[r.SSS.Quality:1]]
[2021.04.16-22.20.27:692][  0]LogConfig: Setting CVar [[r.SSS.HalfRes:1]]
[2021.04.16-22.20.27:692][  0]LogConfig: Setting CVar [[r.SSGI.Quality:3]]
[2021.04.16-22.20.27:692][  0]LogConfig: Setting CVar [[r.EmitterSpawnRateScale:1.0]]
[2021.04.16-22.20.27:692][  0]LogConfig: Setting CVar [[r.ParticleLightQuality:2]]
[2021.04.16-22.20.27:692][  0]LogConfig: Setting CVar [[r.SkyAtmosphere.AerialPerspectiveLUT.FastApplyOnOpaque:1 ; Always have FastSkyLUT 1 in this case to avoid wrong sky]]
[2021.04.16-22.20.27:692][  0]LogConfig: Setting CVar [[r.SkyAtmosphere.AerialPerspectiveLUT.SampleCountPerSlice:1]]
[2021.04.16-22.20.27:692][  0]LogConfig: Setting CVar [[r.SkyAtmosphere.AerialPerspectiveLUT.DepthResolution:16.0]]
[2021.04.16-22.20.27:692][  0]LogConfig: Setting CVar [[r.SkyAtmosphere.FastSkyLUT:1]]
[2021.04.16-22.20.27:692][  0]LogConfig: Setting CVar [[r.SkyAtmosphere.FastSkyLUT.SampleCountMin:4.0]]
[2021.04.16-22.20.27:692][  0]LogConfig: Setting CVar [[r.SkyAtmosphere.FastSkyLUT.SampleCountMax:32.0]]
[2021.04.16-22.20.27:692][  0]LogConfig: Setting CVar [[r.SkyAtmosphere.SampleCountMin:4.0]]
[2021.04.16-22.20.27:692][  0]LogConfig: Setting CVar [[r.SkyAtmosphere.SampleCountMax:32.0]]
[2021.04.16-22.20.27:692][  0]LogConfig: Setting CVar [[r.SkyAtmosphere.TransmittanceLUT.UseSmallFormat:0]]
[2021.04.16-22.20.27:692][  0]LogConfig: Setting CVar [[r.SkyAtmosphere.TransmittanceLUT.SampleCount:10.0]]
[2021.04.16-22.20.27:692][  0]LogConfig: Setting CVar [[r.SkyAtmosphere.MultiScatteringLUT.SampleCount:15.0]]
[2021.04.16-22.20.27:692][  0]LogConfig: Applying CVar settings from Section [FoliageQuality@3] File [Z:/GitHub/ManAtArms/ManAtArms_Project/Saved/Config/Windows/Scalability.ini]
[2021.04.16-22.20.27:692][  0]LogConfig: Setting CVar [[foliage.DensityScale:1.0]]
[2021.04.16-22.20.27:692][  0]LogConfig: Setting CVar [[grass.DensityScale:1.0]]
[2021.04.16-22.20.27:692][  0]LogConfig: Applying CVar settings from Section [ShadingQuality@3] File [Z:/GitHub/ManAtArms/ManAtArms_Project/Saved/Config/Windows/Scalability.ini]
[2021.04.16-22.20.27:692][  0]LogConfig: Setting CVar [[r.HairStrands.SkyLighting.SampleCount:16]]
[2021.04.16-22.20.27:692][  0]LogConfig: Setting CVar [[r.HairStrands.SkyLighting.JitterIntegration:0]]
[2021.04.16-22.20.27:692][  0]LogConfig: Setting CVar [[r.HairStrands.SkyAO.SampleCount:16]]
[2021.04.16-22.20.27:692][  0]LogInit: Selected Device Profile: [Windows]
[2021.04.16-22.20.27:692][  0]LogInit: Applying CVar settings loaded from the selected device profile: [Windows]
[2021.04.16-22.20.27:695][  0]LogHAL: Display: Platform has ~ 32 GB [34301575168 / 34359738368 / 32], which maps to Largest [LargestMinGB=32, LargerMinGB=12, DefaultMinGB=8, SmallerMinGB=6, SmallestMinGB=0)
[2021.04.16-22.20.27:695][  0]LogInit: Going up to parent DeviceProfile []
[2021.04.16-22.20.27:695][  0]LogConfig: Applying CVar settings from Section [ViewDistanceQuality@Cine] File [Z:/GitHub/ManAtArms/ManAtArms_Project/Saved/Config/Windows/Scalability.ini]
[2021.04.16-22.20.27:695][  0]LogConfig: Setting CVar [[r.SkeletalMeshLODBias:0]]
[2021.04.16-22.20.27:695][  0]LogConfig: Setting CVar [[r.ViewDistanceScale:10.0]]
[2021.04.16-22.20.27:695][  0]LogConfig: Applying CVar settings from Section [AntiAliasingQuality@Cine] File [Z:/GitHub/ManAtArms/ManAtArms_Project/Saved/Config/Windows/Scalability.ini]
[2021.04.16-22.20.27:695][  0]LogConfig: Setting CVar [[r.PostProcessAAQuality:6]]
[2021.04.16-22.20.27:695][  0]LogConfig: Applying CVar settings from Section [ShadowQuality@Cine] File [Z:/GitHub/ManAtArms/ManAtArms_Project/Saved/Config/Windows/Scalability.ini]
[2021.04.16-22.20.27:695][  0]LogConfig: Setting CVar [[r.LightFunctionQuality:1]]
[2021.04.16-22.20.27:695][  0]LogConfig: Setting CVar [[r.ShadowQuality:5]]
[2021.04.16-22.20.27:695][  0]LogConfig: Setting CVar [[r.Shadow.CSM.MaxCascades:10]]
[2021.04.16-22.20.27:695][  0]LogConfig: Setting CVar [[r.Shadow.MaxResolution:4096]]
[2021.04.16-22.20.27:695][  0]LogConfig: Setting CVar [[r.Shadow.MaxCSMResolution:4096]]
[2021.04.16-22.20.27:695][  0]LogConfig: Setting CVar [[r.Shadow.RadiusThreshold:0]]
[2021.04.16-22.20.27:695][  0]LogConfig: Setting CVar [[r.Shadow.DistanceScale:1.0]]
[2021.04.16-22.20.27:695][  0]LogConfig: Setting CVar [[r.Shadow.CSM.TransitionScale:1.0]]
[2021.04.16-22.20.27:695][  0]LogConfig: Setting CVar [[r.Shadow.PreShadowResolutionFactor:1.0]]
[2021.04.16-22.20.27:695][  0]LogConfig: Setting CVar [[r.DistanceFieldShadowing:1]]
[2021.04.16-22.20.27:695][  0]LogConfig: Setting CVar [[r.DistanceFieldAO:1]]
[2021.04.16-22.20.27:695][  0]LogConfig: Setting CVar [[r.AOQuality:2]]
[2021.04.16-22.20.27:695][  0]LogConfig: Setting CVar [[r.VolumetricFog:1]]
[2021.04.16-22.20.27:695][  0]LogConfig: Setting CVar [[r.VolumetricFog.GridPixelSize:4]]
[2021.04.16-22.20.27:695][  0]LogConfig: Setting CVar [[r.VolumetricFog.GridSizeZ:128]]
[2021.04.16-22.20.27:695][  0]LogConfig: Setting CVar [[r.VolumetricFog.HistoryMissSupersampleCount:16]]
[2021.04.16-22.20.27:695][  0]LogConfig: Setting CVar [[r.LightMaxDrawDistanceScale:1]]
[2021.04.16-22.20.27:695][  0]LogConfig: Setting CVar [[r.CapsuleShadows:1]]
[2021.04.16-22.20.27:695][  0]LogConfig: Applying CVar settings from Section [PostProcessQuality@Cine] File [Z:/GitHub/ManAtArms/ManAtArms_Project/Saved/Config/Windows/Scalability.ini]
[2021.04.16-22.20.27:695][  0]LogConfig: Setting CVar [[r.MotionBlurQuality:4]]
[2021.04.16-22.20.27:695][  0]LogConfig: Setting CVar [[r.AmbientOcclusionMipLevelFactor:0.4]]
[2021.04.16-22.20.27:695][  0]LogConfig: Setting CVar [[r.AmbientOcclusionMaxQuality:100]]
[2021.04.16-22.20.27:695][  0]LogConfig: Setting CVar [[r.AmbientOcclusionLevels:-1]]
[2021.04.16-22.20.27:695][  0]LogConfig: Setting CVar [[r.AmbientOcclusionRadiusScale:1.0]]
[2021.04.16-22.20.27:695][  0]LogConfig: Setting CVar [[r.DepthOfFieldQuality:4]]
[2021.04.16-22.20.27:695][  0]LogConfig: Setting CVar [[r.RenderTargetPoolMin:1000]]
[2021.04.16-22.20.27:695][  0]LogConfig: Setting CVar [[r.LensFlareQuality:3]]
[2021.04.16-22.20.27:695][  0]LogConfig: Setting CVar [[r.SceneColorFringeQuality:1]]
[2021.04.16-22.20.27:695][  0]LogConfig: Setting CVar [[r.EyeAdaptationQuality:2]]
[2021.04.16-22.20.27:695][  0]LogConfig: Setting CVar [[r.BloomQuality:5]]
[2021.04.16-22.20.27:695][  0]LogConfig: Setting CVar [[r.FastBlurThreshold:100]]
[2021.04.16-22.20.27:695][  0]LogConfig: Setting CVar [[r.Upscale.Quality:3]]
[2021.04.16-22.20.27:695][  0]LogConfig: Setting CVar [[r.Tonemapper.GrainQuantization:1]]
[2021.04.16-22.20.27:695][  0]LogConfig: Setting CVar [[r.LightShaftQuality:1]]
[2021.04.16-22.20.27:695][  0]LogConfig: Setting CVar [[r.Filter.SizeScale:1]]
[2021.04.16-22.20.27:695][  0]LogConfig: Setting CVar [[r.Tonemapper.Quality:5]]
[2021.04.16-22.20.27:695][  0]LogConfig: Setting CVar [[r.DOF.Gather.AccumulatorQuality:1        ; higher gathering accumulator quality]]
[2021.04.16-22.20.27:695][  0]LogConfig: Setting CVar [[r.DOF.Gather.PostfilterMethod:1          ; Median3x3 postfilering method]]
[2021.04.16-22.20.27:695][  0]LogConfig: Setting CVar [[r.DOF.Gather.EnableBokehSettings:1       ; bokeh simulation when gathering]]
[2021.04.16-22.20.27:695][  0]LogConfig: Setting CVar [[r.DOF.Gather.RingCount:5                 ; high number of samples when gathering]]
[2021.04.16-22.20.27:695][  0]LogConfig: Setting CVar [[r.DOF.Scatter.ForegroundCompositing:1    ; additive foreground scattering]]
[2021.04.16-22.20.27:695][  0]LogConfig: Setting CVar [[r.DOF.Scatter.BackgroundCompositing:2    ; background scattering occlusion]]
[2021.04.16-22.20.27:695][  0]LogConfig: Setting CVar [[r.DOF.Scatter.EnableBokehSettings:1      ; no bokeh simulation when scattering]]
[2021.04.16-22.20.27:695][  0]LogConfig: Setting CVar [[r.DOF.Scatter.MaxSpriteRatio:0.25        ; only a maximum of 10% of scattered bokeh]]
[2021.04.16-22.20.27:695][  0]LogConfig: Setting CVar [[r.DOF.Recombine.Quality:2                ; highest slight out of focus]]
[2021.04.16-22.20.27:695][  0]LogConfig: Setting CVar [[r.DOF.Recombine.EnableBokehSettings:1    ; bokeh simulation on slight out of focus]]
[2021.04.16-22.20.27:695][  0]LogConfig: Setting CVar [[r.DOF.TemporalAAQuality:1                ; more stable temporal accumulation]]
[2021.04.16-22.20.27:695][  0]LogConfig: Setting CVar [[r.DOF.Kernel.MaxForegroundRadius:0.025]]
[2021.04.16-22.20.27:695][  0]LogConfig: Setting CVar [[r.DOF.Kernel.MaxBackgroundRadius:0.025]]
[2021.04.16-22.20.27:695][  0]LogConfig: Applying CVar settings from Section [TextureQuality@Cine] File [Z:/GitHub/ManAtArms/ManAtArms_Project/Saved/Config/Windows/Scalability.ini]
[2021.04.16-22.20.27:695][  0]LogConfig: Setting CVar [[r.Streaming.MipBias:0]]
[2021.04.16-22.20.27:695][  0]LogConfig: Setting CVar [[r.Streaming.AmortizeCPUToGPUCopy:0]]
[2021.04.16-22.20.27:695][  0]LogConfig: Setting CVar [[r.Streaming.MaxNumTexturesToStreamPerFrame:0]]
[2021.04.16-22.20.27:695][  0]LogConfig: Setting CVar [[r.Streaming.Boost:1]]
[2021.04.16-22.20.27:695][  0]LogConfig: Setting CVar [[r.MaxAnisotropy:8]]
[2021.04.16-22.20.27:695][  0]LogConfig: Setting CVar [[r.VT.MaxAnisotropy:8]]
[2021.04.16-22.20.27:695][  0]LogConfig: Setting CVar [[r.Streaming.LimitPoolSizeToVRAM:0]]
[2021.04.16-22.20.27:695][  0]LogConfig: Setting CVar [[r.Streaming.PoolSize:3000]]
[2021.04.16-22.20.27:695][  0]LogConfig: Setting CVar [[r.Streaming.MaxEffectiveScreenSize:0]]
[2021.04.16-22.20.27:695][  0]LogConfig: Applying CVar settings from Section [EffectsQuality@Cine] File [Z:/GitHub/ManAtArms/ManAtArms_Project/Saved/Config/Windows/Scalability.ini]
[2021.04.16-22.20.27:695][  0]LogConfig: Setting CVar [[r.TranslucencyLightingVolumeDim:64]]
[2021.04.16-22.20.27:695][  0]LogConfig: Setting CVar [[r.RefractionQuality:2]]
[2021.04.16-22.20.27:695][  0]LogConfig: Setting CVar [[r.SSR.Quality:4]]
[2021.04.16-22.20.27:695][  0]LogConfig: Setting CVar [[r.SSR.HalfResSceneColor:0]]
[2021.04.16-22.20.27:696][  0]LogConfig: Setting CVar [[r.SceneColorFormat:4]]
[2021.04.16-22.20.27:696][  0]LogConfig: Setting CVar [[r.DetailMode:2]]
[2021.04.16-22.20.27:696][  0]LogConfig: Setting CVar [[r.TranslucencyVolumeBlur:1]]
[2021.04.16-22.20.27:696][  0]LogConfig: Setting CVar [[r.MaterialQualityLevel:1 ; High quality]]
[2021.04.16-22.20.27:696][  0]LogConfig: Setting CVar [[r.SSS.Scale:1]]
[2021.04.16-22.20.27:696][  0]LogConfig: Setting CVar [[r.SSS.SampleSet:2]]
[2021.04.16-22.20.27:696][  0]LogConfig: Setting CVar [[r.SSS.Quality:1]]
[2021.04.16-22.20.27:696][  0]LogConfig: Setting CVar [[r.SSS.HalfRes:0]]
[2021.04.16-22.20.27:696][  0]LogConfig: Setting CVar [[r.SSGI.Quality:4]]
[2021.04.16-22.20.27:696][  0]LogConfig: Setting CVar [[r.EmitterSpawnRateScale:1.0]]
[2021.04.16-22.20.27:696][  0]LogConfig: Setting CVar [[r.ParticleLightQuality:2]]
[2021.04.16-22.20.27:696][  0]LogConfig: Setting CVar [[r.SkyAtmosphere.AerialPerspectiveLUT.FastApplyOnOpaque:0]]
[2021.04.16-22.20.27:696][  0]LogConfig: Setting CVar [[r.SkyAtmosphere.AerialPerspectiveLUT.SampleCountPerSlice:2]]
[2021.04.16-22.20.27:696][  0]LogConfig: Setting CVar [[r.SkyAtmosphere.AerialPerspectiveLUT.DepthResolution:32.0]]
[2021.04.16-22.20.27:696][  0]LogConfig: Setting CVar [[r.SkyAtmosphere.FastSkyLUT:0]]
[2021.04.16-22.20.27:696][  0]LogConfig: Setting CVar [[r.SkyAtmosphere.FastSkyLUT.SampleCountMin:4.0]]
[2021.04.16-22.20.27:696][  0]LogConfig: Setting CVar [[r.SkyAtmosphere.FastSkyLUT.SampleCountMax:32.0]]
[2021.04.16-22.20.27:696][  0]LogConfig: Setting CVar [[r.SkyAtmosphere.SampleCountMin:8.0]]
[2021.04.16-22.20.27:696][  0]LogConfig: Setting CVar [[r.SkyAtmosphere.SampleCountMax:32.0]]
[2021.04.16-22.20.27:696][  0]LogConfig: Setting CVar [[r.SkyAtmosphere.TransmittanceLUT.UseSmallFormat:0]]
[2021.04.16-22.20.27:696][  0]LogConfig: Setting CVar [[r.SkyAtmosphere.TransmittanceLUT.SampleCount:30.0]]
[2021.04.16-22.20.27:696][  0]LogConfig: Setting CVar [[r.SkyAtmosphere.MultiScatteringLUT.SampleCount:20.0]]
[2021.04.16-22.20.27:696][  0]LogConfig: Applying CVar settings from Section [FoliageQuality@Cine] File [Z:/GitHub/ManAtArms/ManAtArms_Project/Saved/Config/Windows/Scalability.ini]
[2021.04.16-22.20.27:696][  0]LogConfig: Setting CVar [[foliage.DensityScale:1.0]]
[2021.04.16-22.20.27:696][  0]LogConfig: Setting CVar [[grass.DensityScale:1.0]]
[2021.04.16-22.20.27:696][  0]LogConfig: Applying CVar settings from Section [ShadingQuality@Cine] File [Z:/GitHub/ManAtArms/ManAtArms_Project/Saved/Config/Windows/Scalability.ini]
[2021.04.16-22.20.27:696][  0]LogConfig: Setting CVar [[r.HairStrands.SkyLighting.SampleCount:64]]
[2021.04.16-22.20.27:696][  0]LogConfig: Setting CVar [[r.HairStrands.SkyLighting.JitterIntegration:1]]
[2021.04.16-22.20.27:696][  0]LogConfig: Setting CVar [[r.HairStrands.SkyAO.SampleCount:32]]
[2021.04.16-22.20.27:696][  0]LogConfig: Applying CVar settings from Section [Startup] File [../../../Engine/Config/ConsoleVariables.ini]
[2021.04.16-22.20.27:696][  0]LogConfig: Setting CVar [[net.UseAdaptiveNetUpdateFrequency:0]]
[2021.04.16-22.20.27:696][  0]LogConfig: Setting CVar [[p.chaos.AllowCreatePhysxBodies:1]]
[2021.04.16-22.20.27:696][  0]LogConfig: Applying CVar settings from Section [ConsoleVariables] File [Z:/GitHub/ManAtArms/ManAtArms_Project/Saved/Config/Windows/Engine.ini]
[2021.04.16-22.20.27:696][  0]LogInit: Computer: HAETAE02
[2021.04.16-22.20.27:696][  0]LogInit: User: john0
[2021.04.16-22.20.27:696][  0]LogInit: CPU Page size=4096, Cores=8
[2021.04.16-22.20.27:696][  0]LogInit: High frequency timer resolution =10.000000 MHz
[2021.04.16-22.20.27:696][  0]LogMemory: Memory total: Physical=31.9GB (32GB approx)
[2021.04.16-22.20.27:696][  0]LogMemory: Platform Memory Stats for Windows
[2021.04.16-22.20.27:696][  0]LogMemory: Process Physical Memory: 110.00 MB used, 110.00 MB peak
[2021.04.16-22.20.27:696][  0]LogMemory: Process Virtual Memory: 107.56 MB used, 107.56 MB peak
[2021.04.16-22.20.27:696][  0]LogMemory: Physical Memory: 15631.03 MB used,  17081.50 MB free, 32712.53 MB total
[2021.04.16-22.20.27:696][  0]LogMemory: Virtual Memory: 5161.70 MB used,  134212568.00 MB free, 134217728.00 MB total
[2021.04.16-22.20.27:702][  0]LogWindows: WindowsPlatformFeatures enabled
[2021.04.16-22.20.27:732][  0]LogInit: Using OS detected language (en-GB).
[2021.04.16-22.20.27:732][  0]LogInit: Using OS detected locale (en-CA).
[2021.04.16-22.20.27:733][  0]LogTextLocalizationManager: No specific localization for 'en-GB' exists, so the 'en' localization will be used.
[2021.04.16-22.20.27:869][  0]LogInit: Setting process to per monitor DPI aware
[2021.04.16-22.20.27:914][  0]LogSlate: New Slate User Created.  User Index 0, Is Virtual User: 0
[2021.04.16-22.20.27:914][  0]LogSlate: Slate User Registered.  User Index 0, Is Virtual User: 0
[2021.04.16-22.20.28:074][  0]LogD3D12RHI: Aftermath initialized
[2021.04.16-22.20.28:074][  0]LogD3D12RHI: Loading WinPixEventRuntime.dll for PIX profiling (from ../../../Engine/Binaries/ThirdParty/Windows/DirectX/x64).
[2021.04.16-22.20.28:217][  0]LogD3D12RHI: Found D3D12 adapter 0: NVIDIA GeForce RTX 2070 SUPER (Max supported Feature Level 12_1)
[2021.04.16-22.20.28:217][  0]LogD3D12RHI: Adapter has 8011MB of dedicated video memory, 0MB of dedicated system memory, and 16356MB of shared system memory, 2 output[s]
[2021.04.16-22.20.28:319][  0]LogD3D12RHI: Found D3D12 adapter 1: NVIDIA GeForce RTX 2070 SUPER (Max supported Feature Level 12_1)
[2021.04.16-22.20.28:319][  0]LogD3D12RHI: Adapter has 8011MB of dedicated video memory, 0MB of dedicated system memory, and 16356MB of shared system memory, 0 output[s]
[2021.04.16-22.20.28:328][  0]LogD3D12RHI: Found D3D12 adapter 2: Microsoft Basic Render Driver (Max supported Feature Level 12_1)
[2021.04.16-22.20.28:328][  0]LogD3D12RHI: Adapter has 0MB of dedicated video memory, 0MB of dedicated system memory, and 16356MB of shared system memory, 0 output[s]
[2021.04.16-22.20.28:328][  0]LogD3D12RHI: Forcing D3D12.AsyncDeferredDeletion=0 as a workaround for a deadlock.
[2021.04.16-22.20.28:328][  0]LogD3D12RHI: Chosen D3D12 Adapter Id = 0
[2021.04.16-22.20.28:337][  0]LogD3D12RHI: Emitting draw events for PIX profiling.
[2021.04.16-22.20.28:419][  0]LogD3D12RHI: The system supports ID3D12Device1.
[2021.04.16-22.20.28:419][  0]LogD3D12RHI: The system supports ID3D12Device2.
[2021.04.16-22.20.28:500][  0]LogD3D12RHI: Display: Not using pipeline state disk cache per r.D3D12.PSO.DiskCache=0
[2021.04.16-22.20.28:500][  0]LogD3D12RHI: Display: Not using driver-optimized pipeline state disk cache per r.D3D12.PSO.DriverOptimizedDiskCache=0
[2021.04.16-22.20.28:501][  0]LogD3D12RHI:     GPU DeviceId: 0x1e84 (for the marketing name, search the web for "GPU Device Id")
[2021.04.16-22.20.28:501][  0]LogWindows: EnumDisplayDevices:
[2021.04.16-22.20.28:501][  0]LogWindows:    0. 'NVIDIA GeForce RTX 2070 SUPER' (P:1 D:1)
[2021.04.16-22.20.28:501][  0]LogWindows:    1. 'NVIDIA GeForce RTX 2070 SUPER' (P:0 D:1)
[2021.04.16-22.20.28:501][  0]LogWindows:    2. 'NVIDIA GeForce RTX 2070 SUPER' (P:0 D:0)
[2021.04.16-22.20.28:502][  0]LogWindows:    3. 'NVIDIA GeForce RTX 2070 SUPER' (P:0 D:0)
[2021.04.16-22.20.28:502][  0]LogWindows:    4. 'Citrix Indirect Display Adapter' (P:0 D:0)
[2021.04.16-22.20.28:502][  0]LogWindows:    5. 'Citrix Indirect Display Adapter' (P:0 D:0)
[2021.04.16-22.20.28:502][  0]LogWindows:    6. 'Citrix Indirect Display Adapter' (P:0 D:0)
[2021.04.16-22.20.28:502][  0]LogWindows:    7. 'Citrix Indirect Display Adapter' (P:0 D:0)
[2021.04.16-22.20.28:502][  0]LogWindows:    8. 'Citrix Indirect Display Adapter' (P:0 D:0)
[2021.04.16-22.20.28:502][  0]LogWindows:    9. 'Citrix Indirect Display Adapter' (P:0 D:0)
[2021.04.16-22.20.28:503][  0]LogWindows:    10. 'Citrix Indirect Display Adapter' (P:0 D:0)
[2021.04.16-22.20.28:503][  0]LogWindows:    11. 'Citrix Indirect Display Adapter' (P:0 D:0)
[2021.04.16-22.20.28:503][  0]LogWindows: DebugString: GetVideoDriverDetailsInvalid PrimaryIsNotTheChoosenAdapter GetVideoDriverDetailsInvalid PrimaryIsNotTheChoosenAdapter GetVideoDriverDetailsInvalid PrimaryIsNotTheChoosenAdapter GetVideoDriverDetailsInvalid PrimaryIsNotTheChoosenAdapter GetVideoDriverDetailsInvalid PrimaryIsNotTheChoosenAdapter GetVideoDriverDetailsInvalid PrimaryIsNotTheChoosenAdapter GetVideoDriverDetailsInvalid PrimaryIsNotTheChoosenAdapter GetVideoDriverDetailsInvalid PrimaryIsNotTheChoosenAdapter FoundDriverCount:4 
[2021.04.16-22.20.28:503][  0]LogD3D12RHI:     Adapter Name: NVIDIA GeForce RTX 2070 SUPER
[2021.04.16-22.20.28:503][  0]LogD3D12RHI:   Driver Version: 461.92 (internal:27.21.14.6192, unified:461.92)
[2021.04.16-22.20.28:503][  0]LogD3D12RHI:      Driver Date: 3-11-2021
[2021.04.16-22.20.28:503][  0]LogRHI: Texture pool is 4563 MB (70% of 6518 MB)
[2021.04.16-22.20.28:503][  0]LogD3D12RHI: Async texture creation enabled
[2021.04.16-22.20.28:503][  0]LogD3D12RHI: RHI has support for 64 bit atomics
[2021.04.16-22.20.28:879][  0]LogTargetPlatformManager: Display: Loaded TargetPlatform 'AllDesktop'
[2021.04.16-22.20.28:907][  0]LogTargetPlatformManager: Display: Loaded TargetPlatform 'Android'
[2021.04.16-22.20.28:907][  0]LogTargetPlatformManager: Display: Loaded TargetPlatform 'Android_ASTC'
[2021.04.16-22.20.28:907][  0]LogTargetPlatformManager: Display: Loaded TargetPlatform 'Android_ATC'
[2021.04.16-22.20.28:907][  0]LogTargetPlatformManager: Display: Loaded TargetPlatform 'Android_DXT'
[2021.04.16-22.20.28:907][  0]LogTargetPlatformManager: Display: Loaded TargetPlatform 'Android_ETC1'
[2021.04.16-22.20.28:907][  0]LogTargetPlatformManager: Display: Loaded TargetPlatform 'Android_ETC1a'
[2021.04.16-22.20.28:907][  0]LogTargetPlatformManager: Display: Loaded TargetPlatform 'Android_ETC2'
[2021.04.16-22.20.28:907][  0]LogTargetPlatformManager: Display: Loaded TargetPlatform 'Android_PVRTC'
[2021.04.16-22.20.28:907][  0]LogTargetPlatformManager: Display: Loaded TargetPlatform 'AndroidClient'
[2021.04.16-22.20.28:907][  0]LogTargetPlatformManager: Display: Loaded TargetPlatform 'Android_ASTCClient'
[2021.04.16-22.20.28:907][  0]LogTargetPlatformManager: Display: Loaded TargetPlatform 'Android_ATCClient'
[2021.04.16-22.20.28:907][  0]LogTargetPlatformManager: Display: Loaded TargetPlatform 'Android_DXTClient'
[2021.04.16-22.20.28:907][  0]LogTargetPlatformManager: Display: Loaded TargetPlatform 'Android_ETC1Client'
[2021.04.16-22.20.28:907][  0]LogTargetPlatformManager: Display: Loaded TargetPlatform 'Android_ETC1aClient'
[2021.04.16-22.20.28:907][  0]LogTargetPlatformManager: Display: Loaded TargetPlatform 'Android_ETC2Client'
[2021.04.16-22.20.28:907][  0]LogTargetPlatformManager: Display: Loaded TargetPlatform 'Android_PVRTCClient'
[2021.04.16-22.20.28:907][  0]LogTargetPlatformManager: Display: Loaded TargetPlatform 'Android_Multi'
[2021.04.16-22.20.28:907][  0]LogTargetPlatformManager: Display: Loaded TargetPlatform 'Android_MultiClient'
[2021.04.16-22.20.28:924][  0]LogTargetPlatformManager: Display: Loaded TargetPlatform 'IOSClient'
[2021.04.16-22.20.28:924][  0]LogTargetPlatformManager: Display: Loaded TargetPlatform 'IOS'
[2021.04.16-22.20.28:930][  0]LogTargetPlatformManager: Display: Loaded TargetPlatform 'LinuxNoEditor'
[2021.04.16-22.20.28:936][  0]LogTargetPlatformManager: Display: Loaded TargetPlatform 'LinuxClient'
[2021.04.16-22.20.28:942][  0]LogTargetPlatformManager: Display: Loaded TargetPlatform 'LinuxServer'
[2021.04.16-22.20.28:949][  0]LogTargetPlatformManager: Display: Loaded TargetPlatform 'LinuxAArch64NoEditor'
[2021.04.16-22.20.28:955][  0]LogTargetPlatformManager: Display: Loaded TargetPlatform 'LinuxAArch64Client'
[2021.04.16-22.20.28:962][  0]LogTargetPlatformManager: Display: Loaded TargetPlatform 'LinuxAArch64Server'
[2021.04.16-22.20.28:982][  0]LogTargetPlatformManager: Display: Loaded TargetPlatform 'Lumin'
[2021.04.16-22.20.28:982][  0]LogTargetPlatformManager: Display: Loaded TargetPlatform 'LuminClient'
[2021.04.16-22.20.28:993][  0]LogTargetPlatformManager: Display: Loaded TargetPlatform 'TVOSClient'
[2021.04.16-22.20.28:993][  0]LogTargetPlatformManager: Display: Loaded TargetPlatform 'TVOS'
[2021.04.16-22.20.28:999][  0]LogTargetPlatformManager: Display: Loaded TargetPlatform 'WindowsNoEditor'
[2021.04.16-22.20.29:005][  0]LogTargetPlatformManager: Display: Loaded TargetPlatform 'Windows'
[2021.04.16-22.20.29:011][  0]LogTargetPlatformManager: Display: Loaded TargetPlatform 'WindowsClient'
[2021.04.16-22.20.29:017][  0]LogTargetPlatformManager: Display: Loaded TargetPlatform 'WindowsServer'
[2021.04.16-22.20.29:017][  0]LogTargetPlatformManager: Display: Building Assets For Windows
[2021.04.16-22.20.29:020][  0]LogAudioDebug: Display: Lib vorbis DLL was dynamically loaded.
[2021.04.16-22.20.29:041][  0]LogShaderCompilers: Guid format shader working directory is -1 characters bigger than the processId version (../../../../GitHub/ManAtArms/ManAtArms_Project/Intermediate/Shaders/WorkingDirectory/17476/).
[2021.04.16-22.20.29:041][  0]LogShaderCompilers: Cleaned the shader compiler working directory 'C:/Users/john0/AppData/Local/Temp/UnrealShaderWorkingDir/BB3B2FBA425420BABC21A7960EAE423F/'.
[2021.04.16-22.20.29:041][  0]LogXGEController: Cannot use XGE Controller as Incredibuild is not installed on this machine.
[2021.04.16-22.20.29:042][  0]LogShaderCompilers: Cannot use XGE Shader Compiler as Incredibuild is not installed on this machine.
[2021.04.16-22.20.29:042][  0]LogShaderCompilers: Display: Using Local Shader Compiler.
[2021.04.16-22.20.29:645][  0]LogDerivedDataCache: Display: Max Cache Size: 512 MB
[2021.04.16-22.20.29:703][  0]LogDerivedDataCache: Loaded boot cache 0.06s 80MB C:/Users/john0/AppData/Local/UnrealEngine/4.24/DerivedDataCache/Boot.ddc.
[2021.04.16-22.20.29:703][  0]LogDerivedDataCache: Display: Loaded Boot cache: C:/Users/john0/AppData/Local/UnrealEngine/4.24/DerivedDataCache/Boot.ddc
[2021.04.16-22.20.29:703][  0]LogDerivedDataCache: FDerivedDataBackendGraph:  Pak pak cache file ../../../../GitHub/ManAtArms/ManAtArms_Project/DerivedDataCache/DDC.ddp not found, will not use a pak cache.
[2021.04.16-22.20.29:703][  0]LogDerivedDataCache: Unable to find inner node Pak for hierarchical cache Hierarchy.
[2021.04.16-22.20.29:703][  0]LogDerivedDataCache: FDerivedDataBackendGraph:  CompressedPak pak cache file ../../../../GitHub/ManAtArms/ManAtArms_Project/DerivedDataCache/Compressed.ddp not found, will not use a pak cache.
[2021.04.16-22.20.29:703][  0]LogDerivedDataCache: Unable to find inner node CompressedPak for hierarchical cache Hierarchy.
[2021.04.16-22.20.29:713][  0]LogDerivedDataCache: Display: Pak cache opened for reading ../../../Engine/DerivedDataCache/Compressed.ddp.
[2021.04.16-22.20.29:713][  0]LogDerivedDataCache: FDerivedDataBackendGraph:  EnterprisePak pak cache file ../../../Enterprise/DerivedDataCache/Compressed.ddp not found, will not use a pak cache.
[2021.04.16-22.20.29:713][  0]LogDerivedDataCache: Unable to find inner node EnterprisePak for hierarchical cache Hierarchy.
[2021.04.16-22.20.29:714][  0]LogDerivedDataCache: Using Local data cache path C:/Users/john0/AppData/Local/UnrealEngine/Common/DerivedDataCache: Writable
[2021.04.16-22.20.29:714][  0]LogDerivedDataCache: Shared data cache path not found in *engine.ini, will not use an Shared cache.
[2021.04.16-22.20.29:714][  0]LogDerivedDataCache: Unable to find inner node Shared for hierarchical cache Hierarchy.
[2021.04.16-22.20.29:735][  0]LogMaterial: Verifying Global Shaders for PCD3D_SM5
[2021.04.16-22.20.29:738][  0]LogSlate: Using FreeType 2.10.0
[2021.04.16-22.20.29:739][  0]LogSlate: SlateFontServices - WITH_FREETYPE: 1, WITH_HARFBUZZ: 1
[2021.04.16-22.20.29:788][  0]LogAssetRegistry: FAssetRegistry took 0.0024 seconds to start up
[2021.04.16-22.20.30:045][  0]LogInit: Selected Device Profile: [Windows]
[2021.04.16-22.20.30:175][  0]LogMeshReduction: Using QuadricMeshReduction for automatic static mesh reduction
[2021.04.16-22.20.30:175][  0]LogMeshReduction: Using SimplygonMeshReduction for automatic skeletal mesh reduction
[2021.04.16-22.20.30:175][  0]LogMeshReduction: Using ProxyLODMeshReduction for automatic mesh merging
[2021.04.16-22.20.30:175][  0]LogMeshReduction: No distributed automatic mesh merging module available
[2021.04.16-22.20.30:175][  0]LogMeshMerging: No distributed automatic mesh merging module available
[2021.04.16-22.20.30:185][  0]LogNetVersion: ManAtArms_Project 1.0.0, NetCL: 10570792, EngineNetVer: 13, GameNetVer: 0 (Checksum: 3666147968)
[2021.04.16-22.20.31:102][  0]LogPackageLocalizationCache: Processed 11 localized package path(s) for 1 prioritized culture(s) in 0.042996 seconds
[2021.04.16-22.20.31:111][  0]LogUObjectArray: 46098 objects as part of root set at end of initial load.
[2021.04.16-22.20.31:111][  0]LogUObjectAllocator: 8030680 out of 0 bytes used by permanent object pool.
[2021.04.16-22.20.31:111][  0]LogUObjectArray: CloseDisregardForGC: 0/0 objects in disregard for GC pool
[2021.04.16-22.20.31:473][  0]LogTcpMessaging: Initializing TcpMessaging bridge
[2021.04.16-22.20.31:476][  0]LogUdpMessaging: Initializing bridge on interface 0.0.0.0:0 to multicast group 230.0.0.1:6666.
[2021.04.16-22.20.31:540][  0]SourceControl: Source control is disabled
[2021.04.16-22.20.31:541][  0]SourceControl: Source control is disabled
[2021.04.16-22.20.31:541][  0]SourceControl: Source control is disabled
[2021.04.16-22.20.31:542][  0]SourceControl: Source control is disabled
[2021.04.16-22.20.31:543][  0]SourceControl: Source control is disabled
[2021.04.16-22.20.31:633][  0]LogHoudiniEngine: Starting the Houdini Engine module...
[2021.04.16-22.20.31:634][  0]LogHoudiniEngine: Loaded libHAPIL.dll from Registry path Z:/SteamLibrary/steamapps/common/Houdini Indie/bin
[2021.04.16-22.20.31:635][  0]LogLinker: Warning: Asset '../../Plugins/Runtime/4.24-v2/HoudiniEngine/Content/houdini_default_material.uasset' has been saved with empty engine version. The asset will be loaded but may be incompatible.
[2021.04.16-22.20.31:666][  0]LogAndroidPermission: UAndroidPermissionCallbackProxy::GetInstance
[2021.04.16-22.20.31:676][  0]LogAudioCaptureCore: Display: No Audio Capture implementations found. Audio input will be silent.
[2021.04.16-22.20.31:676][  0]LogAudioCaptureCore: Display: No Audio Capture implementations found. Audio input will be silent.
[2021.04.16-22.20.31:773][  0]LogEngine: Initializing Engine...
[2021.04.16-22.20.31:774][  0]LogStats: UGameplayTagsManager::InitializeManager -  0.000 s
[2021.04.16-22.20.32:070][  0]LogInit: Initializing FReadOnlyCVARCache
[2021.04.16-22.20.32:077][  0]LogAIModule: Creating AISystem for world Untitled
[2021.04.16-22.20.32:079][  0]LogAudioMixer: Display: Audio Mixer Platform Settings:
[2021.04.16-22.20.32:079][  0]LogAudioMixer: Display: 	Sample Rate:						  48000
[2021.04.16-22.20.32:079][  0]LogAudioMixer: Display: 	Callback Buffer Frame Size Requested: 1024
[2021.04.16-22.20.32:079][  0]LogAudioMixer: Display: 	Callback Buffer Frame Size To Use:	  1024
[2021.04.16-22.20.32:079][  0]LogAudioMixer: Display: 	Number of buffers to queue:			  2
[2021.04.16-22.20.32:079][  0]LogAudioMixer: Display: 	Max Channels (voices):				  32
[2021.04.16-22.20.32:079][  0]LogAudioMixer: Display: 	Number of Async Source Workers:		  0
[2021.04.16-22.20.32:079][  0]LogAudio: Display: AudioDevice MaxSources: 32
[2021.04.16-22.20.32:079][  0]LogAudio: Display: Using built-in audio occlusion.
[2021.04.16-22.20.32:079][  0]LogAudioMixer: Display: Initializing audio mixer.
[2021.04.16-22.20.32:112][  0]LogAudioMixer: Display: Audio Device Output Speaker Info:
[2021.04.16-22.20.32:112][  0]LogAudioMixer: Display: Name: Speakers (Realtek(R) Audio)
[2021.04.16-22.20.32:112][  0]LogAudioMixer: Display: Is Default: Yes
[2021.04.16-22.20.32:112][  0]LogAudioMixer: Display: Sample Rate: 48000
[2021.04.16-22.20.32:112][  0]LogAudioMixer: Display: Channel Count Used: 2
[2021.04.16-22.20.32:112][  0]LogAudioMixer: Display: Device Channel Count: 2
[2021.04.16-22.20.32:112][  0]LogAudioMixer: Display: Channel Order:
[2021.04.16-22.20.32:112][  0]LogAudioMixer: Display: 0: FrontLeft
[2021.04.16-22.20.32:112][  0]LogAudioMixer: Display: 1: FrontRight
[2021.04.16-22.20.32:143][  0]LogAudioMixer: Display: Using Audio Device Speakers (Realtek(R) Audio)
[2021.04.16-22.20.32:148][  0]LogInit: FAudioDevice initialized.
[2021.04.16-22.20.32:148][  0]LogNetVersion: Set ProjectVersion to 1.0.0.0. Version Checksum will be recalculated on next use.
[2021.04.16-22.20.32:308][  0]LogDerivedDataCache: Saved boot cache 0.16s 80MB C:/Users/john0/AppData/Local/UnrealEngine/4.24/DerivedDataCache/Boot.ddc.
[2021.04.16-22.20.32:309][  0]LogInit: Texture streaming: Enabled
[2021.04.16-22.20.32:319][  0]LogEngineSessionManager: EngineSessionManager initialized
[2021.04.16-22.20.32:319][  0]LogEditorSessionSummary: Verbose: Initializing EditorSessionSummaryWriter for editor session tracking
[2021.04.16-22.20.32:320][  0]LogEditorSessionSummary: EditorSessionSummaryWriter initialized
[2021.04.16-22.20.32:366][  0]LogInit: Transaction tracking system initialized
[2021.04.16-22.20.32:375][  0]BlueprintLog: New page: Editor Load
[2021.04.16-22.20.32:400][  0]LocalizationService: Localization service is disabled
[2021.04.16-22.20.32:641][  0]LogCook: Display: Max memory allowance for cook 16384mb min free memory 0mb
[2021.04.16-22.20.32:641][  0]LogCook: Display: Mobile HDR setting 1
[2021.04.16-22.20.32:654][  0]LogFileCache: Scanning file cache for directory 'Z:/GitHub/ManAtArms/ManAtArms_Project/Content/' took 0.01s
[2021.04.16-22.20.32:721][  0]LogHoudiniEngineEditor: Starting the Houdini Engine Editor module.
[2021.04.16-22.20.32:728][  0]LogHoudiniEngineEditor: Houdini Spline Component Visualizer Registered!
[2021.04.16-22.20.32:728][  0]LogHoudiniEngineEditor: Houdini Engine Editor module startup complete.
[2021.04.16-22.20.32:759][  0]SourceControl: Source control is disabled
[2021.04.16-22.20.32:759][  0]Cmd: MAP LOAD FILE="../../../../GitHub/ManAtArms/ManAtArms_Project/Content/MyContent/VN/Level/Map_VN_lv1.umap" TEMPLATE=0 SHOWPROGRESS=1 FEATURELEVEL=3
[2021.04.16-22.20.32:759][  0]LightingResults: New page: Lighting Build
[2021.04.16-22.20.32:760][  0]LogWorld: UWorld::CleanupWorld for Untitled, bSessionEnded=true, bCleanupResources=true
[2021.04.16-22.20.32:760][  0]LogSlate: InvalidateAllWidgets triggered.  All widgets were invalidated
[2021.04.16-22.20.32:760][  0]MapCheck: New page: Map Check
[2021.04.16-22.20.32:760][  0]LightingResults: New page: Lighting Build
[2021.04.16-22.20.32:789][  0]LogUObjectHash: Compacting FUObjectHashTables data took   1.67ms
[2021.04.16-22.20.33:334][  0]LogBlueprint: Warning: [Compiler VNPlayerBP] 'BP Bartender' does not inherit from 'BP Base Character' ( Cast To BP_bartender  would always fail).
[2021.04.16-22.20.34:529][  0]LogAIModule: Creating AISystem for world Map_VN_lv1
[2021.04.16-22.20.34:669][  0]LogScript: Warning: Script Msg: Attempted to access index 0 from array 'PillarMeshList' of length 0 in '/Game/MyContent/VN/BP/BP_ProceduralBuilding.BP_ProceduralBuilding_C'!
[2021.04.16-22.20.34:670][  0]LogScript: Warning: Script Msg: Attempted to access index 0 from array 'PillarMeshList' of length 0 in '/Game/MyContent/VN/BP/BP_ProceduralBuilding.BP_ProceduralBuilding_C'!
[2021.04.16-22.20.34:670][  0]LogScript: Warning: Script Msg: Attempted to access index 0 from array 'PillarMeshList' of length 0 in '/Game/MyContent/VN/BP/BP_ProceduralBuilding.BP_ProceduralBuilding_C'!
[2021.04.16-22.20.34:670][  0]LogScript: Warning: Script Msg: Attempted to access index 0 from array 'PillarMeshList' of length 0 in '/Game/MyContent/VN/BP/BP_ProceduralBuilding.BP_ProceduralBuilding_C'!
[2021.04.16-22.20.34:711][  0]LogEditorServer: Finished looking for orphan Actors (0.000 secs)
[2021.04.16-22.20.34:764][  0]LogUObjectHash: Compacting FUObjectHashTables data took   3.04ms
[2021.04.16-22.20.34:765][  0]Cmd: MAP CHECKDEP NOCLEARLOG
[2021.04.16-22.20.34:765][  0]MapCheck: Map check complete: 0 Error(s), 0 Warning(s), took 0.131ms to complete.
[2021.04.16-22.20.34:765][  0]LogFileHelpers: Loading map 'Map_VN_lv1' took 2.007
[2021.04.16-22.20.34:897][  0]LogSlate: Updating window title bar state: overlay mode, drag disabled, window buttons hidden, title bar hidden
[2021.04.16-22.20.34:902][  0]LogSlate: Updating window title bar state: overlay mode, drag disabled, window buttons hidden, title bar hidden
[2021.04.16-22.20.34:907][  0]LogSlate: Updating window title bar state: overlay mode, drag disabled, window buttons hidden, title bar hidden
[2021.04.16-22.20.34:913][  0]LogSlate: Updating window title bar state: overlay mode, drag disabled, window buttons hidden, title bar hidden
[2021.04.16-22.20.34:916][  0]LogCollectionManager: Loaded 0 collections in 0.001018 seconds
[2021.04.16-22.20.34:929][  0]LogFileCache: Scanning file cache for directory 'Z:/GitHub/ManAtArms/ManAtArms_Project/Saved/Collections/' took 0.00s
[2021.04.16-22.20.34:929][  0]LogFileCache: Scanning file cache for directory 'Z:/GitHub/ManAtArms/ManAtArms_Project/Content/Developers/john0/Collections/' took 0.00s
[2021.04.16-22.20.34:929][  0]LogFileCache: Scanning file cache for directory 'Z:/GitHub/ManAtArms/ManAtArms_Project/Content/Collections/' took 0.00s
[2021.04.16-22.20.34:929][  0]LogContentBrowser: Native class hierarchy populated in 0.0087 seconds. Added 3101 classes and 722 folders.
[2021.04.16-22.20.34:933][  0]LogContentBrowser: Native class hierarchy updated for 'WidgetCarousel' in 0.0003 seconds. Added 0 classes and 0 folders.
[2021.04.16-22.20.34:990][  0]LogContentBrowser: Native class hierarchy updated for 'AddContentDialog' in 0.0004 seconds. Added 0 classes and 0 folders.
[2021.04.16-22.20.34:994][  0]LogContentBrowser: Native class hierarchy updated for 'SceneOutliner' in 0.0004 seconds. Added 2 classes and 3 folders.
[2021.04.16-22.20.35:002][  0]LogContentBrowser: Native class hierarchy updated for 'WorldBrowser' in 0.0005 seconds. Added 2 classes and 3 folders.
[2021.04.16-22.20.35:239][  0]LogSlate: Took 0.000242 seconds to synchronously load lazily loaded font '../../../Engine/Content/Slate/Fonts/Roboto-Regular.ttf' (155K)
[2021.04.16-22.20.35:243][  0]LogSlate: Took 0.000154 seconds to synchronously load lazily loaded font '../../../Engine/Content/Slate/Fonts/Roboto-Bold.ttf' (160K)
[2021.04.16-22.20.35:245][  0]LogSlate: Took 0.000129 seconds to synchronously load lazily loaded font '../../../Engine/Content/Editor/Slate/Fonts/FontAwesome.ttf' (139K)
[2021.04.16-22.20.35:305][  0]LogRenderer: Reallocating scene render targets to support 1252x604 Format 10 NumSamples 1 (Frame:1).
[2021.04.16-22.20.35:730][  0]LogContentBrowser: Native class hierarchy updated for 'HierarchicalLODOutliner' in 0.0005 seconds. Added 0 classes and 0 folders.
[2021.04.16-22.20.35:730][  0]LogLoad: (Engine Initialization) Total time: 9.17 seconds
[2021.04.16-22.20.35:730][  0]LogLoad: (Engine Initialization) Total Blueprint compile time: 0.00 seconds
[2021.04.16-22.20.35:840][  0]LogContentStreaming: Texture pool size now 3000 MB
[2021.04.16-22.20.35:890][  0]LogSlate: Took 0.000313 seconds to synchronously load lazily loaded font '../../../Engine/Content/Slate/Fonts/Roboto-Light.ttf' (167K)
[2021.04.16-22.20.35:922][  1]LogAssetRegistry: Asset discovery search completed in 6.1348 seconds
[2021.04.16-22.20.35:924][  1]LogCollectionManager: Fixed up redirectors for 0 collections in 0.000006 seconds (updated 0 objects)
[2021.04.16-22.21.33:658][907]LogUObjectHash: Compacting FUObjectHashTables data took   0.94ms
[2021.04.16-22.21.33:734][907]LogSlate: Window 'ManAtArms_Project - Unreal Editor' being destroyed
[2021.04.16-22.21.33:738][907]LogWindowsTextInputMethodSystem: Display: IME system now activated using TSF (Microsoft IME).
[2021.04.16-22.21.33:870][908]Cmd: QUIT_EDITOR
[2021.04.16-22.21.33:870][908]LogCore: Engine exit requested (reason: UUnrealEdEngine::CloseEditor())
[2021.04.16-22.21.33:878][908]LogCore: Engine exit requested (reason: EngineExit() was called; note: exit was already requested)
[2021.04.16-22.21.33:878][908]LogAudioMixer: Display: No commands were queued while flushing the source manager.
[2021.04.16-22.21.33:897][908]LogExit: Preparing to exit.
[2021.04.16-22.21.34:728][908]LogDemo: Cleaned up 0 splitscreen connections with owner deletion
[2021.04.16-22.21.34:750][908]LogWorld: UWorld::CleanupWorld for None, bSessionEnded=true, bCleanupResources=true
[2021.04.16-22.21.34:751][908]LogExit: Editor shut down
[2021.04.16-22.21.34:751][908]LogExit: Transaction tracking system shut down
[2021.04.16-22.21.35:026][908]LogExit: Object subsystem successfully closed.
[2021.04.16-22.21.35:047][908]LogShaderCompilers: Display: Shaders left to compile 0
[2021.04.16-22.21.35:055][908]LogModuleManager: Shutting down and abandoning module HierarchicalLODOutliner (702)
[2021.04.16-22.21.35:055][908]LogModuleManager: Shutting down and abandoning module SceneOutliner (698)
[2021.04.16-22.21.35:055][908]LogModuleManager: Shutting down and abandoning module AddContentDialog (696)
[2021.04.16-22.21.35:056][908]LogModuleManager: Shutting down and abandoning module WidgetCarousel (695)
[2021.04.16-22.21.35:056][908]LogModuleManager: Shutting down and abandoning module EditorWidgets (692)
[2021.04.16-22.21.35:056][908]LogModuleManager: Shutting down and abandoning module CollectionManager (690)
[2021.04.16-22.21.35:056][908]LogModuleManager: Shutting down and abandoning module StatsViewer (688)
[2021.04.16-22.21.35:056][908]LogModuleManager: Shutting down and abandoning module VirtualTexturingEditor (686)
[2021.04.16-22.21.35:056][908]LogModuleManager: Shutting down and abandoning module FoliageEdit (684)
[2021.04.16-22.21.35:056][908]LogModuleManager: Shutting down and abandoning module LandscapeEditor (682)
[2021.04.16-22.21.35:056][908]LogModuleManager: Shutting down and abandoning module MeshPaintMode (680)
[2021.04.16-22.21.35:056][908]LogModuleManager: Shutting down and abandoning module SceneDepthPickerMode (678)
[2021.04.16-22.21.35:056][908]LogModuleManager: Shutting down and abandoning module ActorPickerMode (676)
[2021.04.16-22.21.35:056][908]LogModuleManager: Shutting down and abandoning module GeometryMode (674)
[2021.04.16-22.21.35:056][908]LogModuleManager: Shutting down and abandoning module TextureAlignMode (672)
[2021.04.16-22.21.35:056][908]LogModuleManager: Shutting down and abandoning module BspMode (670)
[2021.04.16-22.21.35:056][908]LogModuleManager: Shutting down and abandoning module PIEPreviewDeviceProfileSelector (668)
[2021.04.16-22.21.35:056][908]LogModuleManager: Shutting down and abandoning module SequenceRecorderSections (666)
[2021.04.16-22.21.35:056][908]LogModuleManager: Shutting down and abandoning module AutomationWorker (664)
[2021.04.16-22.21.35:056][908]LogModuleManager: Shutting down and abandoning module AudioCaptureEditor (662)
[2021.04.16-22.21.35:056][908]LogModuleManager: Shutting down and abandoning module HoudiniEngineEditor (660)
[2021.04.16-22.21.35:056][908]LogHoudiniEngineEditor: Shutting down the Houdini Engine Editor module.
[2021.04.16-22.21.35:056][908]LogHoudiniEngineEditor: Houdini Engine Editor module shutdown complete.
[2021.04.16-22.21.35:056][908]LogModuleManager: Shutting down and abandoning module MatineeToLevelSequence (658)
[2021.04.16-22.21.35:056][908]LogModuleManager: Shutting down and abandoning module LevelSequenceEditor (656)
[2021.04.16-22.21.35:056][908]LogModuleManager: Shutting down and abandoning module PlacementMode (655)
[2021.04.16-22.21.35:056][908]LogModuleManager: Shutting down and abandoning module MaterialEditor (654)
[2021.04.16-22.21.35:056][908]LogModuleManager: Shutting down and abandoning module ActorSequenceEditor (650)
[2021.04.16-22.21.35:057][908]LogModuleManager: Shutting down and abandoning module WmfMediaFactory (648)
[2021.04.16-22.21.35:057][908]LogModuleManager: Shutting down and abandoning module WmfMediaEditor (646)
[2021.04.16-22.21.35:057][908]LogModuleManager: Shutting down and abandoning module WebMMediaFactory (644)
[2021.04.16-22.21.35:057][908]LogModuleManager: Shutting down and abandoning module WebMMediaEditor (642)
[2021.04.16-22.21.35:057][908]LogModuleManager: Shutting down and abandoning module WebMMedia (640)
[2021.04.16-22.21.35:057][908]LogModuleManager: Shutting down and abandoning module MediaPlayerEditor (638)
[2021.04.16-22.21.35:057][908]LogModuleManager: Shutting down and abandoning module MediaCompositingEditor (636)
[2021.04.16-22.21.35:057][908]LogModuleManager: Shutting down and abandoning module SequenceRecorder (635)
[2021.04.16-22.21.35:057][908]LogModuleManager: Shutting down and abandoning module OpenExrWrapper (632)
[2021.04.16-22.21.35:057][908]LogModuleManager: Shutting down and abandoning module ImgMediaFactory (630)
[2021.04.16-22.21.35:057][908]LogModuleManager: Shutting down and abandoning module ImgMediaEditor (628)
[2021.04.16-22.21.35:057][908]LogModuleManager: Shutting down and abandoning module AvfMediaFactory (626)
[2021.04.16-22.21.35:057][908]LogModuleManager: Shutting down and abandoning module AvfMediaEditor (624)
[2021.04.16-22.21.35:057][908]LogModuleManager: Shutting down and abandoning module AndroidMediaFactory (622)
[2021.04.16-22.21.35:057][908]LogModuleManager: Shutting down and abandoning module AndroidMediaEditor (620)
[2021.04.16-22.21.35:057][908]LogModuleManager: Shutting down and abandoning module MagicLeapMediaCodecFactory (618)
[2021.04.16-22.21.35:057][908]LogModuleManager: Shutting down and abandoning module MagicLeapMediaFactory (616)
[2021.04.16-22.21.35:057][908]LogModuleManager: Shutting down and abandoning module MagicLeapMediaEditor (614)
[2021.04.16-22.21.35:057][908]LogModuleManager: Shutting down and abandoning module CharacterAI (612)
[2021.04.16-22.21.35:057][908]LogModuleManager: Shutting down and abandoning module SmartSnapping (610)
[2021.04.16-22.21.35:057][908]LogModuleManager: Shutting down and abandoning module SessionServices (608)
[2021.04.16-22.21.35:057][908]LogModuleManager: Shutting down and abandoning module MeshPaint (606)
[2021.04.16-22.21.35:057][908]LogModuleManager: Shutting down and abandoning module ViewportSnapping (604)
[2021.04.16-22.21.35:057][908]LogModuleManager: Shutting down and abandoning module ViewportInteraction (602)
[2021.04.16-22.21.35:057][908]LogModuleManager: Shutting down and abandoning module ClothPainter (600)
[2021.04.16-22.21.35:057][908]LogModuleManager: Shutting down and abandoning module SkeletalMeshEditor (599)
[2021.04.16-22.21.35:057][908]LogModuleManager: Shutting down and abandoning module LogVisualizer (596)
[2021.04.16-22.21.35:057][908]LogModuleManager: Shutting down and abandoning module IntroTutorials (594)
[2021.04.16-22.21.35:057][908]LogModuleManager: Shutting down and abandoning module GameProjectGeneration (593)
[2021.04.16-22.21.35:057][908]LogModuleManager: Shutting down and abandoning module LuminPlatformEditor (590)
[2021.04.16-22.21.35:057][908]LogModuleManager: Shutting down and abandoning module IOSPlatformEditor (588)
[2021.04.16-22.21.35:057][908]LogModuleManager: Shutting down and abandoning module AndroidPlatformEditor (586)
[2021.04.16-22.21.35:057][908]LogModuleManager: Shutting down and abandoning module AndroidDeviceDetection (585)
[2021.04.16-22.21.35:446][908]LogModuleManager: Shutting down and abandoning module WindowsPlatformEditor (582)
[2021.04.16-22.21.35:446][908]LogModuleManager: Shutting down and abandoning module LuminRuntimeSettings (580)
[2021.04.16-22.21.35:446][908]LogModuleManager: Shutting down and abandoning module IOSRuntimeSettings (578)
[2021.04.16-22.21.35:446][908]LogModuleManager: Shutting down and abandoning module AndroidRuntimeSettings (576)
[2021.04.16-22.21.35:446][908]LogModuleManager: Shutting down and abandoning module EditorInteractiveToolsFramework (574)
[2021.04.16-22.21.35:446][908]LogModuleManager: Shutting down and abandoning module TimeManagementEditor (572)
[2021.04.16-22.21.35:446][908]LogModuleManager: Shutting down and abandoning module InputBindingEditor (570)
[2021.04.16-22.21.35:446][908]LogModuleManager: Shutting down and abandoning module MergeActors (568)
[2021.04.16-22.21.35:446][908]LogModuleManager: Shutting down and abandoning module LocalizationDashboard (566)
[2021.04.16-22.21.35:446][908]LogModuleManager: Shutting down and abandoning module LocalizationService (565)
[2021.04.16-22.21.35:446][908]LogModuleManager: Shutting down and abandoning module HardwareTargeting (562)
[2021.04.16-22.21.35:446][908]LogModuleManager: Shutting down and abandoning module DeviceProfileEditor (560)
[2021.04.16-22.21.35:446][908]LogModuleManager: Shutting down and abandoning module UndoHistory (558)
[2021.04.16-22.21.35:446][908]LogModuleManager: Shutting down and abandoning module XmlParser (556)
[2021.04.16-22.21.35:446][908]LogModuleManager: Shutting down and abandoning module Blutility (554)
[2021.04.16-22.21.35:446][908]LogModuleManager: Shutting down and abandoning module ProjectSettingsViewer (552)
[2021.04.16-22.21.35:446][908]LogModuleManager: Shutting down and abandoning module ProjectTargetPlatformEditor (551)
[2021.04.16-22.21.35:446][908]LogModuleManager: Shutting down and abandoning module EditorSettingsViewer (548)
[2021.04.16-22.21.35:446][908]LogModuleManager: Shutting down and abandoning module SettingsEditor (546)
[2021.04.16-22.21.35:446][908]LogModuleManager: Shutting down and abandoning module ProjectLauncher (544)
[2021.04.16-22.21.35:446][908]LogModuleManager: Shutting down and abandoning module SessionFrontend (542)
[2021.04.16-22.21.35:446][908]LogModuleManager: Shutting down and abandoning module ProfilerClient (540)
[2021.04.16-22.21.35:446][908]LogModuleManager: Shutting down and abandoning module DeviceManager (538)
[2021.04.16-22.21.35:446][908]LogModuleManager: Shutting down and abandoning module TargetDeviceServices (537)
[2021.04.16-22.21.35:479][908]LogModuleManager: Shutting down and abandoning module AutomationController (534)
[2021.04.16-22.21.35:479][908]LogModuleManager: Shutting down and abandoning module AutomationWindow (532)
[2021.04.16-22.21.35:479][908]LogModuleManager: Shutting down and abandoning module Layers (530)
[2021.04.16-22.21.35:479][908]LogModuleManager: Shutting down and abandoning module ComponentVisualizers (528)
[2021.04.16-22.21.35:479][908]LogModuleManager: Shutting down and abandoning module DetailCustomizations (526)
[2021.04.16-22.21.35:479][908]LogModuleManager: Shutting down and abandoning module PackagesDialog (524)
[2021.04.16-22.21.35:479][908]LogModuleManager: Shutting down and abandoning module AnimationBlueprintEditor (522)
[2021.04.16-22.21.35:479][908]LogModuleManager: Shutting down and abandoning module Persona (520)
[2021.04.16-22.21.35:479][908]LogModuleManager: Shutting down and abandoning module AdvancedPreviewScene (519)
[2021.04.16-22.21.35:479][908]LogModuleManager: Shutting down and abandoning module AnimGraph (517)
[2021.04.16-22.21.35:479][908]LogModuleManager: Shutting down and abandoning module Kismet (514)
[2021.04.16-22.21.35:480][908]LogModuleManager: Shutting down and abandoning module KismetWidgets (513)
[2021.04.16-22.21.35:480][908]LogModuleManager: Shutting down and abandoning module GraphEditor (510)
[2021.04.16-22.21.35:480][908]LogModuleManager: Shutting down and abandoning module StructViewer (508)
[2021.04.16-22.21.35:480][908]LogModuleManager: Shutting down and abandoning module ClassViewer (506)
[2021.04.16-22.21.35:480][908]LogModuleManager: Shutting down and abandoning module Toolbox (504)
[2021.04.16-22.21.35:480][908]LogModuleManager: Shutting down and abandoning module ModuleUI (502)
[2021.04.16-22.21.35:480][908]LogModuleManager: Shutting down and abandoning module OutputLog (500)
[2021.04.16-22.21.35:480][908]LogModuleManager: Shutting down and abandoning module GammaUI (498)
[2021.04.16-22.21.35:480][908]LogModuleManager: Shutting down and abandoning module Documentation (496)
[2021.04.16-22.21.35:480][908]LogModuleManager: Shutting down and abandoning module ToolMenus (494)
[2021.04.16-22.21.35:480][908]LogModuleManager: Shutting down and abandoning module LiveCoding (492)
[2021.04.16-22.21.35:481][908]LogModuleManager: Shutting down and abandoning module LevelSequence (490)
[2021.04.16-22.21.35:481][908]LogModuleManager: Shutting down and abandoning module MovieSceneTracks (488)
[2021.04.16-22.21.35:481][908]LogModuleManager: Shutting down and abandoning module MovieScene (486)
[2021.04.16-22.21.35:481][908]LogModuleManager: Shutting down and abandoning module StreamingPauseRendering (484)
[2021.04.16-22.21.35:481][908]LogModuleManager: Shutting down and abandoning module LauncherPlatform (482)
[2021.04.16-22.21.35:481][908]LogModuleManager: Shutting down and abandoning module AnalyticsET (480)
[2021.04.16-22.21.35:481][908]LogModuleManager: Shutting down and abandoning module PortalServices (478)
[2021.04.16-22.21.35:481][908]LogModuleManager: Shutting down and abandoning module PortalRpc (476)
[2021.04.16-22.21.35:481][908]LogModuleManager: Shutting down and abandoning module MessagingRpc (474)
[2021.04.16-22.21.35:481][908]LogModuleManager: Shutting down and abandoning module AudioMixerXAudio2 (472)
[2021.04.16-22.21.35:481][908]LogModuleManager: Shutting down and abandoning module AIModule (470)
[2021.04.16-22.21.35:481][908]LogModuleManager: Shutting down and abandoning module GameplayDebugger (469)
[2021.04.16-22.21.35:481][908]LogModuleManager: Shutting down and abandoning module AITestSuite (467)
[2021.04.16-22.21.35:481][908]LogModuleManager: Shutting down and abandoning module NavigationSystem (465)
[2021.04.16-22.21.35:481][908]LogModuleManager: Shutting down and abandoning module ImageWriteQueue (462)
[2021.04.16-22.21.35:483][908]LogModuleManager: Shutting down and abandoning module ProfilerService (460)
[2021.04.16-22.21.35:732][908]LogModuleManager: Shutting down and abandoning module TaskGraph (458)
[2021.04.16-22.21.35:732][908]LogModuleManager: Shutting down and abandoning module TestAIPlugin (456)
[2021.04.16-22.21.35:732][908]LogModuleManager: Shutting down and abandoning module ScreenshotTools (454)
[2021.04.16-22.21.35:732][908]LogModuleManager: Shutting down and abandoning module ProceduralMeshComponentEditor (452)
[2021.04.16-22.21.35:732][908]LogModuleManager: Shutting down and abandoning module ProceduralMeshComponent (450)
[2021.04.16-22.21.35:732][908]LogModuleManager: Shutting down and abandoning module MobilePatchingUtils (448)
[2021.04.16-22.21.35:732][908]LogModuleManager: Shutting down and abandoning module EditableMesh (446)
[2021.04.16-22.21.35:732][908]LogModuleManager: Shutting down and abandoning module CustomMeshComponent (444)
[2021.04.16-22.21.35:732][908]LogModuleManager: Shutting down and abandoning module CableComponent (442)
[2021.04.16-22.21.35:732][908]LogModuleManager: Shutting down and abandoning module AudioCapture (440)
[2021.04.16-22.21.35:732][908]LogModuleManager: Shutting down and abandoning module AudioCaptureRtAudio (439)
[2021.04.16-22.21.35:732][908]LogModuleManager: Shutting down and abandoning module AssetTags (436)
[2021.04.16-22.21.35:732][908]LogModuleManager: Shutting down and abandoning module ArchVisCharacter (434)
[2021.04.16-22.21.35:732][908]LogModuleManager: Shutting down and abandoning module AppleImageUtilsBlueprintSupport (432)
[2021.04.16-22.21.35:732][908]LogModuleManager: Shutting down and abandoning module AppleImageUtils (430)
[2021.04.16-22.21.35:732][908]LogModuleManager: Shutting down and abandoning module AndroidPermission (428)
[2021.04.16-22.21.35:732][908]LogModuleManager: Shutting down and abandoning module HoudiniEngineRuntime (426)
[2021.04.16-22.21.35:732][908]LogModuleManager: Shutting down and abandoning module HoudiniEngine (424)
[2021.04.16-22.21.35:732][908]LogHoudiniEngine: Shutting down the Houdini Engine module.
[2021.04.16-22.21.35:794][908]LogModuleManager: Shutting down and abandoning module NUTUnrealEngine4 (422)
[2021.04.16-22.21.35:794][908]LogModuleManager: Shutting down and abandoning module NetcodeUnitTest (420)
[2021.04.16-22.21.35:795][908]LogModuleManager: Shutting down and abandoning module MediaCompositing (418)
[2021.04.16-22.21.35:795][908]LogModuleManager: Shutting down and abandoning module ImgMedia (416)
[2021.04.16-22.21.35:795][908]LogModuleManager: Shutting down and abandoning module MagicLeapHelperVulkan (414)
[2021.04.16-22.21.35:795][908]LogModuleManager: Shutting down and abandoning module MagicLeapHelperOpenGL (412)
[2021.04.16-22.21.35:795][908]LogModuleManager: Shutting down and abandoning module MagicLeapAudio (410)
[2021.04.16-22.21.35:795][908]LogModuleManager: Shutting down and abandoning module LandmassEditor (408)
[2021.04.16-22.21.35:795][908]LogModuleManager: Shutting down and abandoning module Landmass (406)
[2021.04.16-22.21.35:795][908]LogModuleManager: Shutting down and abandoning module GeometryCacheTracks (404)
[2021.04.16-22.21.35:795][908]LogModuleManager: Shutting down and abandoning module GeometryCacheSequencer (402)
[2021.04.16-22.21.35:795][908]LogModuleManager: Shutting down and abandoning module BackChannel (400)
[2021.04.16-22.21.35:795][908]LogModuleManager: Shutting down and abandoning module AutomationUtilsEditor (398)
[2021.04.16-22.21.35:795][908]LogModuleManager: Shutting down and abandoning module AutomationUtils (396)
[2021.04.16-22.21.35:795][908]LogModuleManager: Shutting down and abandoning module AlembicImporter (394)
[2021.04.16-22.21.35:795][908]LogModuleManager: Shutting down and abandoning module AlembicLibrary (393)
[2021.04.16-22.21.35:795][908]LogModuleManager: Shutting down and abandoning module GeometryCache (392)
[2021.04.16-22.21.35:795][908]LogModuleManager: Shutting down and abandoning module GeometryCacheEd (391)
[2021.04.16-22.21.35:795][908]LogModuleManager: Shutting down and abandoning module VariantManagerContentEditor (386)
[2021.04.16-22.21.35:795][908]LogModuleManager: Shutting down and abandoning module DatasmithContentEditor (384)
[2021.04.16-22.21.35:795][908]LogModuleManager: Shutting down and abandoning module SpeedTreeImporter (382)
[2021.04.16-22.21.35:795][908]LogModuleManager: Shutting down and abandoning module PluginBrowser (380)
[2021.04.16-22.21.35:795][908]LogModuleManager: Shutting down and abandoning module MobileLauncherProfileWizard (378)
[2021.04.16-22.21.35:795][908]LogModuleManager: Shutting down and abandoning module MaterialAnalyzer (376)
[2021.04.16-22.21.35:795][908]LogModuleManager: Shutting down and abandoning module CurveEditorTools (374)
[2021.04.16-22.21.35:795][908]LogModuleManager: Shutting down and abandoning module CryptoKeysOpenSSL (372)
[2021.04.16-22.21.35:795][908]LogModuleManager: Shutting down and abandoning module CryptoKeys (370)
[2021.04.16-22.21.35:795][908]LogModuleManager: Shutting down and abandoning module VisualStudioSourceCodeAccess (368)
[2021.04.16-22.21.35:795][908]LogModuleManager: Shutting down and abandoning module VisualStudioCodeSourceCodeAccess (366)
[2021.04.16-22.21.35:795][908]LogModuleManager: Shutting down and abandoning module UObjectPlugin (364)
[2021.04.16-22.21.35:795][908]LogModuleManager: Shutting down and abandoning module SubversionSourceControl (362)
[2021.04.16-22.21.35:795][908]LogModuleManager: Shutting down and abandoning module PlasticSourceControl (360)
[2021.04.16-22.21.35:795][908]LogModuleManager: Shutting down and abandoning module PerforceSourceControl (358)
[2021.04.16-22.21.35:795][908]LogModuleManager: Shutting down and abandoning module GitSourceControl (356)
[2021.04.16-22.21.35:795][908]LogModuleManager: Shutting down and abandoning module SourceControl (355)
[2021.04.16-22.21.35:795][908]LogModuleManager: Shutting down and abandoning module CLionSourceCodeAccess (352)
[2021.04.16-22.21.35:795][908]LogModuleManager: Shutting down and abandoning module AnimationSharingEd (350)
[2021.04.16-22.21.35:795][908]LogModuleManager: Shutting down and abandoning module ActorLayerUtilitiesEditor (348)
[2021.04.16-22.21.35:795][908]LogModuleManager: Shutting down and abandoning module ActorLayerUtilities (346)
[2021.04.16-22.21.35:795][908]LogModuleManager: Shutting down and abandoning module LightPropagationVolumeEditor (344)
[2021.04.16-22.21.35:795][908]LogModuleManager: Shutting down and abandoning module PaperTiledImporter (342)
[2021.04.16-22.21.35:795][908]LogModuleManager: Shutting down and abandoning module PaperSpriteSheetImporter (340)
[2021.04.16-22.21.35:795][908]LogModuleManager: Shutting down and abandoning module Paper2DEditor (338)
[2021.04.16-22.21.35:795][908]LogModuleManager: Shutting down and abandoning module ManAtArms_Project (336)
[2021.04.16-22.21.35:795][908]LogModuleManager: Shutting down and abandoning module SignificanceManager (334)
[2021.04.16-22.21.35:795][908]LogModuleManager: Shutting down and abandoning module RuntimePhysXCooking (332)
[2021.04.16-22.21.35:795][908]LogModuleManager: Shutting down and abandoning module PhysXVehiclesEditor (330)
[2021.04.16-22.21.35:795][908]LogModuleManager: Shutting down and abandoning module LocationServicesBPLibrary (326)
[2021.04.16-22.21.35:795][908]LogModuleManager: Shutting down and abandoning module ApexDestructionEditor (324)
[2021.04.16-22.21.35:795][908]LogModuleManager: Shutting down and abandoning module ApexDestruction (322)
[2021.04.16-22.21.35:795][908]LogModuleManager: Shutting down and abandoning module ActorSequence (320)
[2021.04.16-22.21.35:795][908]LogModuleManager: Shutting down and abandoning module UdpMessaging (318)
[2021.04.16-22.21.35:896][908]LogModuleManager: Shutting down and abandoning module TcpMessaging (316)
[2021.04.16-22.21.35:996][908]LogModuleManager: Shutting down and abandoning module MagicLeapPrivileges (314)
[2021.04.16-22.21.35:996][908]LogModuleManager: Shutting down and abandoning module MagicLeapPlanes (312)
[2021.04.16-22.21.35:996][908]LogMagicLeapPlanes: Planes tracker already destroyed.
[2021.04.16-22.21.35:996][908]LogModuleManager: Shutting down and abandoning module MagicLeapIdentity (310)
[2021.04.16-22.21.35:996][908]LogModuleManager: Shutting down and abandoning module MagicLeapSecureStorage (308)
[2021.04.16-22.21.35:996][908]LogModuleManager: Shutting down and abandoning module MagicLeapImageTracker (306)
[2021.04.16-22.21.35:996][908]LogModuleManager: Shutting down and abandoning module MagicLeapHandTracking (304)
[2021.04.16-22.21.35:996][908]LogModuleManager: Shutting down and abandoning module MagicLeapHandMeshing (302)
[2021.04.16-22.21.35:996][908]LogModuleManager: Shutting down and abandoning module MagicLeapEyeTracker (300)
[2021.04.16-22.21.35:996][908]LogModuleManager: Shutting down and abandoning module MagicLeapController (298)
[2021.04.16-22.21.35:996][908]LogSlate: Slate User Destroyed.  User Index 0, Is Virtual User: 0
[2021.04.16-22.21.35:996][908]LogModuleManager: Shutting down and abandoning module MagicLeapARPin (296)
[2021.04.16-22.21.35:996][908]LogModuleManager: Shutting down and abandoning module MagicLeapAR (294)
[2021.04.16-22.21.35:996][908]LogModuleManager: Shutting down and abandoning module AugmentedReality (293)
[2021.04.16-22.21.35:996][908]LogModuleManager: Shutting down and abandoning module GameplayTagsEditor (290)
[2021.04.16-22.21.35:996][908]LogModuleManager: Shutting down and abandoning module FacialAnimationEditor (288)
[2021.04.16-22.21.35:996][908]LogModuleManager: Shutting down and abandoning module FacialAnimation (286)
[2021.04.16-22.21.35:996][908]LogModuleManager: Shutting down and abandoning module DataValidation (284)
[2021.04.16-22.21.35:996][908]LogModuleManager: Shutting down and abandoning module AssetManagerEditor (282)
[2021.04.16-22.21.35:997][908]LogModuleManager: Shutting down and abandoning module LevelEditor (281)
[2021.04.16-22.21.35:997][908]LogModuleManager: Shutting down and abandoning module PixelInspectorModule (280)
[2021.04.16-22.21.35:997][908]LogModuleManager: Shutting down and abandoning module CommonMenuExtensions (278)
[2021.04.16-22.21.35:997][908]LogModuleManager: Shutting down and abandoning module MainFrame (276)
[2021.04.16-22.21.35:997][908]LogModuleManager: Shutting down and abandoning module HotReload (275)
[2021.04.16-22.21.35:998][908]LogModuleManager: Shutting down and abandoning module ContentBrowser (271)
[2021.04.16-22.21.35:998][908]LogModuleManager: Shutting down and abandoning module TreeMap (269)
[2021.04.16-22.21.35:998][908]LogModuleManager: Shutting down and abandoning module AnimationSharing (266)
[2021.04.16-22.21.35:998][908]LogModuleManager: Shutting down and abandoning module LightPropagationVolumeRuntime (264)
[2021.04.16-22.21.35:998][908]LogModuleManager: Shutting down and abandoning module Paper2D (262)
[2021.04.16-22.21.35:999][908]LogModuleManager: Shutting down and abandoning module WindowsMoviePlayer (260)
[2021.04.16-22.21.35:999][908]LogModuleManager: Shutting down and abandoning module WebMMoviePlayer (258)
[2021.04.16-22.21.35:999][908]LogModuleManager: Shutting down and abandoning module NetworkReplayStreaming (256)
[2021.04.16-22.21.35:999][908]LogModuleManager: Shutting down and abandoning module PacketHandler (254)
[2021.04.16-22.21.35:999][908]LogModuleManager: Shutting down and abandoning module ClothingSystemEditor (252)
[2021.04.16-22.21.35:999][908]LogModuleManager: Shutting down and abandoning module ClothingSystemRuntimeNv (250)
[2021.04.16-22.21.35:999][908]LogModuleManager: Shutting down and abandoning module MediaAssets (248)
[2021.04.16-22.21.35:999][908]LogModuleManager: Shutting down and abandoning module Overlay (246)
[2021.04.16-22.21.35:999][908]LogModuleManager: Shutting down and abandoning module OverlayEditor (245)
[2021.04.16-22.21.35:999][908]LogModuleManager: Shutting down and abandoning module VREditor (242)
[2021.04.16-22.21.35:999][908]LogModuleManager: Shutting down and abandoning module StringTableEditor (240)
[2021.04.16-22.21.35:999][908]LogModuleManager: Shutting down and abandoning module GameplayTasksEditor (238)
[2021.04.16-22.21.35:999][908]LogModuleManager: Shutting down and abandoning module BehaviorTreeEditor (236)
[2021.04.16-22.21.35:999][908]LogModuleManager: Shutting down and abandoning module FunctionalTesting (234)
[2021.04.16-22.21.35:999][908]LogModuleManager: Shutting down and abandoning module CollisionAnalyzer (232)
[2021.04.16-22.21.35:999][908]LogModuleManager: Shutting down and abandoning module WorkspaceMenuStructure (231)
[2021.04.16-22.21.35:999][908]LogModuleManager: Shutting down and abandoning module UMG (228)
[2021.04.16-22.21.35:999][908]LogModuleManager: Shutting down and abandoning module UMGEditor (227)
[2021.04.16-22.21.35:999][908]LogModuleManager: Shutting down and abandoning module MessageLog (225)
[2021.04.16-22.21.35:999][908]LogModuleManager: Shutting down and abandoning module SlateReflector (220)
[2021.04.16-22.21.36:000][908]LogModuleManager: Shutting down and abandoning module Slate (218)
[2021.04.16-22.21.36:000][908]LogModuleManager: Shutting down and abandoning module SlateCore (216)
[2021.04.16-22.21.36:000][908]LogModuleManager: Shutting down and abandoning module LandscapeEditorUtilities (214)
[2021.04.16-22.21.36:000][908]LogModuleManager: Shutting down and abandoning module UnrealEd (212)
[2021.04.16-22.21.36:000][908]LogModuleManager: Shutting down and abandoning module MRMesh (210)
[2021.04.16-22.21.36:000][908]LogModuleManager: Shutting down and abandoning module SourceCodeAccess (208)
[2021.04.16-22.21.36:000][908]LogModuleManager: Shutting down and abandoning module HeadMountedDisplay (206)
[2021.04.16-22.21.36:000][908]LogModuleManager: Shutting down and abandoning module XAudio2 (204)
[2021.04.16-22.21.36:000][908]LogModuleManager: Shutting down and abandoning module Networking (202)
[2021.04.16-22.21.36:000][908]LogModuleManager: Shutting down and abandoning module Core (200)
[2021.04.16-22.21.36:000][908]LogModuleManager: Shutting down and abandoning module MovieSceneTools (198)
[2021.04.16-22.21.36:000][908]LogModuleManager: Shutting down and abandoning module CurveEditor (197)
[2021.04.16-22.21.36:000][908]LogModuleManager: Shutting down and abandoning module Sequencer (195)
[2021.04.16-22.21.36:000][908]LogModuleManager: Shutting down and abandoning module EditorStyle (194)
[2021.04.16-22.21.36:001][908]LogModuleManager: Shutting down and abandoning module KismetCompiler (190)
[2021.04.16-22.21.36:001][908]LogModuleManager: Shutting down and abandoning module MeshUtilities (188)
[2021.04.16-22.21.36:001][908]LogModuleManager: Shutting down and abandoning module MeshMergeUtilities (187)
[2021.04.16-22.21.36:001][908]LogModuleManager: Shutting down and abandoning module MeshReductionInterface (186)
[2021.04.16-22.21.36:001][908]LogModuleManager: Shutting down and abandoning module MeshBoneReduction (185)
[2021.04.16-22.21.36:001][908]LogModuleManager: Shutting down and abandoning module SkeletalMeshReduction (183)
[2021.04.16-22.21.36:001][908]LogModuleManager: Shutting down and abandoning module ProxyLODMeshReduction (181)
[2021.04.16-22.21.36:001][908]LogModuleManager: Shutting down and abandoning module QuadricMeshReduction (179)
[2021.04.16-22.21.36:001][908]LogModuleManager: Shutting down and abandoning module MaterialBaking (175)
[2021.04.16-22.21.36:001][908]LogModuleManager: Shutting down and abandoning module NullInstallBundleManager (170)
[2021.04.16-22.21.36:001][908]LogModuleManager: Shutting down and abandoning module DerivedDataCache (168)
[2021.04.16-22.21.36:001][908]LogDerivedDataCache: Shutdown
[2021.04.16-22.21.36:001][908]LogModuleManager: Shutting down and abandoning module XGEController (166)
[2021.04.16-22.21.36:001][908]LogModuleManager: Shutting down and abandoning module TargetPlatform (164)
[2021.04.16-22.21.36:001][908]LogModuleManager: Shutting down and abandoning module VulkanShaderFormat (163)
[2021.04.16-22.21.36:001][908]LogModuleManager: Shutting down and abandoning module ShaderFormatVectorVM (161)
[2021.04.16-22.21.36:001][908]LogModuleManager: Shutting down and abandoning module ShaderFormatOpenGL (159)
[2021.04.16-22.21.36:001][908]LogModuleManager: Shutting down and abandoning module ShaderFormatD3D (157)
[2021.04.16-22.21.36:001][908]LogModuleManager: Shutting down and abandoning module MetalShaderFormat (155)
[2021.04.16-22.21.36:001][908]LogModuleManager: Shutting down and abandoning module TextureFormatUncompressed (153)
[2021.04.16-22.21.36:001][908]LogModuleManager: Shutting down and abandoning module TextureFormatPVR (151)
[2021.04.16-22.21.36:001][908]LogModuleManager: Shutting down and abandoning module TextureFormatDXT (149)
[2021.04.16-22.21.36:001][908]LogModuleManager: Shutting down and abandoning module TextureFormatIntelISPCTexComp (147)
[2021.04.16-22.21.36:001][908]LogModuleManager: Shutting down and abandoning module TextureFormatASTC (145)
[2021.04.16-22.21.36:001][908]LogModuleManager: Shutting down and abandoning module ImageWrapper (144)
[2021.04.16-22.21.36:001][908]LogModuleManager: Shutting down and abandoning module TextureFormatAndroid (141)
[2021.04.16-22.21.36:001][908]LogModuleManager: Shutting down and abandoning module AudioFormatOpus (139)
[2021.04.16-22.21.36:001][908]LogModuleManager: Shutting down and abandoning module AudioFormatOgg (137)
[2021.04.16-22.21.36:001][908]LogModuleManager: Shutting down and abandoning module AudioFormatADPCM (135)
[2021.04.16-22.21.36:001][908]LogModuleManager: Shutting down and abandoning module WindowsServerTargetPlatform (133)
[2021.04.16-22.21.36:001][908]LogModuleManager: Shutting down and abandoning module WindowsClientTargetPlatform (131)
[2021.04.16-22.21.36:001][908]LogModuleManager: Shutting down and abandoning module WindowsTargetPlatform (129)
[2021.04.16-22.21.36:001][908]LogModuleManager: Shutting down and abandoning module WindowsNoEditorTargetPlatform (127)
[2021.04.16-22.21.36:001][908]LogModuleManager: Shutting down and abandoning module TVOSTargetPlatform (125)
[2021.04.16-22.21.36:002][908]LogModuleManager: Shutting down and abandoning module LuminTargetPlatform (123)
[2021.04.16-22.21.36:002][908]LogModuleManager: Shutting down and abandoning module LinuxAArch64ServerTargetPlatform (121)
[2021.04.16-22.21.36:002][908]LogModuleManager: Shutting down and abandoning module LinuxAArch64ClientTargetPlatform (119)
[2021.04.16-22.21.36:002][908]LogModuleManager: Shutting down and abandoning module LinuxAArch64NoEditorTargetPlatform (117)
[2021.04.16-22.21.36:002][908]LogModuleManager: Shutting down and abandoning module LinuxServerTargetPlatform (115)
[2021.04.16-22.21.36:002][908]LogModuleManager: Shutting down and abandoning module LinuxClientTargetPlatform (113)
[2021.04.16-22.21.36:002][908]LogModuleManager: Shutting down and abandoning module LinuxNoEditorTargetPlatform (111)
[2021.04.16-22.21.36:002][908]LogModuleManager: Shutting down and abandoning module Messaging (109)
[2021.04.16-22.21.36:002][908]LogModuleManager: Shutting down and abandoning module IOSTargetPlatform (107)
[2021.04.16-22.21.36:003][908]LogModuleManager: Shutting down and abandoning module AndroidTargetPlatform (105)
[2021.04.16-22.21.36:007][908]LogModuleManager: Shutting down and abandoning module AllDesktopTargetPlatform (103)
[2021.04.16-22.21.36:007][908]LogModuleManager: Shutting down and abandoning module D3D12RHI (100)
[2021.04.16-22.21.36:007][908]LogModuleManager: Shutting down and abandoning module InputCore (98)
[2021.04.16-22.21.36:007][908]LogModuleManager: Shutting down and abandoning module Settings (96)
[2021.04.16-22.21.36:007][908]LogModuleManager: Shutting down and abandoning module DirectoryWatcher (94)
[2021.04.16-22.21.36:008][908]LogModuleManager: Shutting down and abandoning module PhysXCooking (92)
[2021.04.16-22.21.36:008][908]LogModuleManager: Shutting down and abandoning module ChaosSolvers (90)
[2021.04.16-22.21.36:008][908]LogModuleManager: Shutting down and abandoning module FieldSystemEngine (89)
[2021.04.16-22.21.36:008][908]LogModuleManager: Shutting down and abandoning module Chaos (86)
[2021.04.16-22.21.36:008][908]LogModuleManager: Shutting down and abandoning module WindowsPlatformFeatures (84)
[2021.04.16-22.21.36:008][908]LogModuleManager: Shutting down and abandoning module GameplayMediaEncoder (83)
[2021.04.16-22.21.36:008][908]LogModuleManager: Shutting down and abandoning module ExampleDeviceProfileSelector (80)
[2021.04.16-22.21.36:008][908]LogModuleManager: Shutting down and abandoning module LauncherChunkInstaller (78)
[2021.04.16-22.21.36:008][908]LogModuleManager: Shutting down and abandoning module OnlineBlueprintSupport (76)
[2021.04.16-22.21.36:008][908]LogModuleManager: Shutting down and abandoning module OnlineSubsystem (72)
[2021.04.16-22.21.36:009][908]LogModuleManager: Shutting down and abandoning module XMPP (67)
[2021.04.16-22.21.36:009][908]LogModuleManager: Shutting down and abandoning module WebSockets (66)
[2021.04.16-22.21.36:033][908]LogModuleManager: Shutting down and abandoning module HTTP (63)
[2021.04.16-22.21.36:033][908]LogHttp: Display: Http module shutting down, but needs to wait on 1 outstanding Http requests:
[2021.04.16-22.21.36:033][908]LogHttp: Display: 	verb=[POST] url=[https://datarouter.ol.epicgames.com/datarouter/api/v1/public/data?SessionID=%7B466E49E6-44DF-A74D-AEDC-E7AB9F0C0DE0%7D&AppID=UEEditor.Rocket.Release&AppVersion=4.24.3-11590370%2B%2B%2BUE4%2BRelease-4.24&UserID=6316c0424b52813565e3e6a50ae3fb32%7C9875ec4096ff46fd86797e80744b75c2%7C72edf642-5320-4aa1-824e-1de988e170f5&AppEnvironment=datacollector-binary&UploadType=eteventstream] refs=[1] status=Processing
[2021.04.16-22.21.36:053][908]LogModuleManager: Shutting down and abandoning module SSL (62)
[2021.04.16-22.21.36:054][908]LogModuleManager: Shutting down and abandoning module WmfMedia (58)
[2021.04.16-22.21.36:055][908]LogModuleManager: Shutting down and abandoning module Media (57)
[2021.04.16-22.21.36:055][908]LogModuleManager: Shutting down and abandoning module MagicLeap (54)
[2021.04.16-22.21.36:055][908]LogModuleManager: Shutting down and abandoning module VariantManagerContent (52)
[2021.04.16-22.21.36:055][908]LogModuleManager: Shutting down and abandoning module DatasmithContent (50)
[2021.04.16-22.21.36:056][908]LogModuleManager: Shutting down and abandoning module AISupportModule (48)
[2021.04.16-22.21.36:056][908]LogModuleManager: Shutting down and abandoning module DesktopPlatform (46)
[2021.04.16-22.21.36:056][908]LogModuleManager: Shutting down and abandoning module PlatformCryptoOpenSSL (44)
[2021.04.16-22.21.36:056][908]LogModuleManager: Shutting down and abandoning module PlatformCryptoTypes (42)
[2021.04.16-22.21.36:056][908]LogModuleManager: Shutting down and abandoning module PlatformCrypto (40)
[2021.04.16-22.21.36:056][908]LogModuleManager: Shutting down and abandoning module AnimationModifiers (38)
[2021.04.16-22.21.36:056][908]LogModuleManager: Shutting down and abandoning module PropertyEditor (37)
[2021.04.16-22.21.36:057][908]LogModuleManager: Shutting down and abandoning module AudioEditor (34)
[2021.04.16-22.21.36:057][908]LogModuleManager: Shutting down and abandoning module TextureCompressor (32)
[2021.04.16-22.21.36:057][908]LogModuleManager: Shutting down and abandoning module RenderCore (30)
[2021.04.16-22.21.36:057][908]LogModuleManager: Shutting down and abandoning module Landscape (28)
[2021.04.16-22.21.36:057][908]LogModuleManager: Shutting down and abandoning module SlateRHIRenderer (26)
[2021.04.16-22.21.36:057][908]LogModuleManager: Shutting down and abandoning module OpenGLDrv (24)
[2021.04.16-22.21.36:057][908]LogModuleManager: Shutting down and abandoning module D3D11RHI (22)
[2021.04.16-22.21.36:057][908]LogModuleManager: Shutting down and abandoning module AnimGraphRuntime (20)
[2021.04.16-22.21.36:057][908]LogModuleManager: Shutting down and abandoning module Renderer (18)
[2021.04.16-22.21.36:058][908]LogModuleManager: Shutting down and abandoning module Engine (16)
[2021.04.16-22.21.36:058][908]LogModuleManager: Shutting down and abandoning module CoreUObject (14)
[2021.04.16-22.21.36:058][908]LogModuleManager: Shutting down and abandoning module NetworkFile (12)
[2021.04.16-22.21.36:058][908]LogModuleManager: Shutting down and abandoning module CookedIterativeFile (10)
[2021.04.16-22.21.36:058][908]LogModuleManager: Shutting down and abandoning module StreamingFile (8)
[2021.04.16-22.21.36:058][908]LogModuleManager: Shutting down and abandoning module SandboxFile (6)
[2021.04.16-22.21.36:058][908]LogModuleManager: Shutting down and abandoning module PakFile (4)
[2021.04.16-22.21.36:058][908]LogModuleManager: Shutting down and abandoning module RSA (3)
[2021.04.16-22.21.36:102][908]LogD3D12RHI: ~FD3D12DynamicRHI
[2021.04.16-22.21.36:115][908]LogExit: Exiting.
[2021.04.16-22.21.36:136][908]Log file closed, 04/16/21 18:21:36
